{"/Users/thomaswhidden/Documents/Radar/electron/ai/audit.cjs": {"path":"/Users/thomaswhidden/Documents/Radar/electron/ai/audit.cjs","statementMap":{"0":{"start":{"line":1,"column":17},"end":{"line":1,"column":19}},"1":{"start":{"line":4,"column":2},"end":{"line":4,"column":null}},"2":{"start":{"line":5,"column":2},"end":{"line":5,"column":null}},"3":{"start":{"line":6,"column":2},"end":{"line":6,"column":null}},"4":{"start":{"line":10,"column":2},"end":{"line":10,"column":null}},"5":{"start":{"line":14,"column":2},"end":{"line":14,"column":null}},"6":{"start":{"line":17,"column":0},"end":{"line":17,"column":null}}},"fnMap":{"0":{"name":"pushAudit","decl":{"start":{"line":3,"column":9},"end":{"line":3,"column":18}},"loc":{"start":{"line":3,"column":26},"end":{"line":7,"column":null}},"line":3},"1":{"name":"snapshotAudit","decl":{"start":{"line":9,"column":9},"end":{"line":9,"column":22}},"loc":{"start":{"line":9,"column":25},"end":{"line":11,"column":null}},"line":9},"2":{"name":"clearAudit","decl":{"start":{"line":13,"column":9},"end":{"line":13,"column":19}},"loc":{"start":{"line":13,"column":22},"end":{"line":15,"column":null}},"line":13}},"branchMap":{},"s":{"0":2,"1":109,"2":109,"3":109,"4":5,"5":11,"6":2},"f":{"0":109,"1":5,"2":11},"b":{},"meta":{"lastBranch":0,"lastFunction":3,"lastStatement":7,"seen":{"s:1:17:1:19":0,"f:3:9:3:18":0,"s:4:2:4:Infinity":1,"s:5:2:5:Infinity":2,"s:6:2:6:Infinity":3,"f:9:9:9:22":1,"s:10:2:10:Infinity":4,"f:13:9:13:19":2,"s:14:2:14:Infinity":5,"s:17:0:17:Infinity":6}}}
,"/Users/thomaswhidden/Documents/Radar/electron/ai/connect.cjs": {"path":"/Users/thomaswhidden/Documents/Radar/electron/ai/connect.cjs","statementMap":{"0":{"start":{"line":1,"column":16},"end":{"line":17,"column":1}},"1":{"start":{"line":20,"column":2},"end":{"line":25,"column":null}},"2":{"start":{"line":21,"column":18},"end":{"line":21,"column":42}},"3":{"start":{"line":22,"column":4},"end":{"line":24,"column":null}},"4":{"start":{"line":23,"column":6},"end":{"line":23,"column":null}},"5":{"start":{"line":26,"column":2},"end":{"line":26,"column":null}},"6":{"start":{"line":30,"column":17},"end":{"line":30,"column":34}},"7":{"start":{"line":31,"column":2},"end":{"line":33,"column":null}},"8":{"start":{"line":32,"column":4},"end":{"line":32,"column":null}},"9":{"start":{"line":35,"column":18},"end":{"line":35,"column":42}},"10":{"start":{"line":36,"column":17},"end":{"line":36,"column":77}},"11":{"start":{"line":38,"column":4},"end":{"line":40,"column":22}},"12":{"start":{"line":42,"column":2},"end":{"line":50,"column":null}},"13":{"start":{"line":54,"column":15},"end":{"line":54,"column":58}},"14":{"start":{"line":55,"column":2},"end":{"line":57,"column":null}},"15":{"start":{"line":56,"column":4},"end":{"line":56,"column":null}},"16":{"start":{"line":59,"column":2},"end":{"line":61,"column":null}},"17":{"start":{"line":60,"column":4},"end":{"line":60,"column":null}},"18":{"start":{"line":63,"column":18},"end":{"line":65,"column":3}},"19":{"start":{"line":66,"column":2},"end":{"line":68,"column":null}},"20":{"start":{"line":67,"column":4},"end":{"line":67,"column":null}},"21":{"start":{"line":70,"column":20},"end":{"line":70,"column":99}},"22":{"start":{"line":71,"column":20},"end":{"line":71,"column":81}},"23":{"start":{"line":73,"column":2},"end":{"line":86,"column":null}},"24":{"start":{"line":74,"column":4},"end":{"line":85,"column":null}},"25":{"start":{"line":75,"column":23},"end":{"line":79,"column":8}},"26":{"start":{"line":80,"column":6},"end":{"line":82,"column":null}},"27":{"start":{"line":81,"column":8},"end":{"line":81,"column":null}},"28":{"start":{"line":88,"column":2},"end":{"line":94,"column":null}},"29":{"start":{"line":98,"column":19},"end":{"line":98,"column":55}},"30":{"start":{"line":99,"column":2},"end":{"line":111,"column":null}},"31":{"start":{"line":114,"column":0},"end":{"line":114,"column":null}}},"fnMap":{"0":{"name":"firstEnv","decl":{"start":{"line":19,"column":9},"end":{"line":19,"column":17}},"loc":{"start":{"line":19,"column":24},"end":{"line":27,"column":null}},"line":19},"1":{"name":"resolvePreset","decl":{"start":{"line":29,"column":9},"end":{"line":29,"column":22}},"loc":{"start":{"line":29,"column":51},"end":{"line":51,"column":null}},"line":29},"2":{"name":"probeSettings","decl":{"start":{"line":53,"column":15},"end":{"line":53,"column":28}},"loc":{"start":{"line":53,"column":39},"end":{"line":95,"column":null}},"line":53},"3":{"name":"applyConnectPreset","decl":{"start":{"line":97,"column":9},"end":{"line":97,"column":27}},"loc":{"start":{"line":97,"column":51},"end":{"line":112,"column":null}},"line":97}},"branchMap":{"0":{"loc":{"start":{"line":22,"column":4},"end":{"line":24,"column":null}},"type":"if","locations":[{"start":{"line":22,"column":4},"end":{"line":24,"column":null}},{"start":{},"end":{}}],"line":22},"1":{"loc":{"start":{"line":29,"column":33},"end":{"line":29,"column":49}},"type":"default-arg","locations":[{"start":{"line":29,"column":47},"end":{"line":29,"column":49}}],"line":29},"2":{"loc":{"start":{"line":31,"column":2},"end":{"line":33,"column":null}},"type":"if","locations":[{"start":{"line":31,"column":2},"end":{"line":33,"column":null}},{"start":{},"end":{}}],"line":31},"3":{"loc":{"start":{"line":36,"column":17},"end":{"line":36,"column":77}},"type":"binary-expr","locations":[{"start":{"line":36,"column":17},"end":{"line":36,"column":31}},{"start":{"line":36,"column":35},"end":{"line":36,"column":46}},{"start":{"line":36,"column":50},"end":{"line":36,"column":71}},{"start":{"line":36,"column":75},"end":{"line":36,"column":77}}],"line":36},"4":{"loc":{"start":{"line":38,"column":4},"end":{"line":40,"column":22}},"type":"cond-expr","locations":[{"start":{"line":39,"column":8},"end":{"line":39,"column":null}},{"start":{"line":40,"column":8},"end":{"line":40,"column":22}}],"line":38},"5":{"loc":{"start":{"line":39,"column":9},"end":{"line":39,"column":91}},"type":"binary-expr","locations":[{"start":{"line":39,"column":9},"end":{"line":39,"column":37}},{"start":{"line":39,"column":41},"end":{"line":39,"column":73}},{"start":{"line":39,"column":77},"end":{"line":39,"column":91}}],"line":39},"6":{"loc":{"start":{"line":49,"column":18},"end":{"line":49,"column":null}},"type":"cond-expr","locations":[{"start":{"line":49,"column":28},"end":{"line":49,"column":39}},{"start":{"line":49,"column":42},"end":{"line":49,"column":null}}],"line":49},"7":{"loc":{"start":{"line":49,"column":42},"end":{"line":49,"column":null}},"type":"cond-expr","locations":[{"start":{"line":49,"column":56},"end":{"line":49,"column":63}},{"start":{"line":49,"column":66},"end":{"line":49,"column":null}}],"line":49},"8":{"loc":{"start":{"line":49,"column":66},"end":{"line":49,"column":null}},"type":"cond-expr","locations":[{"start":{"line":49,"column":90},"end":{"line":49,"column":97}},{"start":{"line":49,"column":100},"end":{"line":49,"column":null}}],"line":49},"9":{"loc":{"start":{"line":54,"column":16},"end":{"line":54,"column":38}},"type":"binary-expr","locations":[{"start":{"line":54,"column":16},"end":{"line":54,"column":32}},{"start":{"line":54,"column":36},"end":{"line":54,"column":38}}],"line":54},"10":{"loc":{"start":{"line":55,"column":2},"end":{"line":57,"column":null}},"type":"if","locations":[{"start":{"line":55,"column":2},"end":{"line":57,"column":null}},{"start":{},"end":{}}],"line":55},"11":{"loc":{"start":{"line":59,"column":2},"end":{"line":61,"column":null}},"type":"if","locations":[{"start":{"line":59,"column":2},"end":{"line":61,"column":null}},{"start":{},"end":{}}],"line":59},"12":{"loc":{"start":{"line":59,"column":6},"end":{"line":59,"column":75}},"type":"binary-expr","locations":[{"start":{"line":59,"column":6},"end":{"line":59,"column":30}},{"start":{"line":59,"column":34},"end":{"line":59,"column":75}}],"line":59},"13":{"loc":{"start":{"line":66,"column":2},"end":{"line":68,"column":null}},"type":"if","locations":[{"start":{"line":66,"column":2},"end":{"line":68,"column":null}},{"start":{},"end":{}}],"line":66},"14":{"loc":{"start":{"line":70,"column":20},"end":{"line":70,"column":99}},"type":"cond-expr","locations":[{"start":{"line":70,"column":43},"end":{"line":70,"column":80}},{"start":{"line":70,"column":83},"end":{"line":70,"column":99}}],"line":70},"15":{"loc":{"start":{"line":71,"column":20},"end":{"line":71,"column":81}},"type":"cond-expr","locations":[{"start":{"line":71,"column":43},"end":{"line":71,"column":59}},{"start":{"line":71,"column":62},"end":{"line":71,"column":81}}],"line":71},"16":{"loc":{"start":{"line":80,"column":6},"end":{"line":82,"column":null}},"type":"if","locations":[{"start":{"line":80,"column":6},"end":{"line":82,"column":null}},{"start":{},"end":{}}],"line":80},"17":{"loc":{"start":{"line":91,"column":6},"end":{"line":93,"column":null}},"type":"cond-expr","locations":[{"start":{"line":92,"column":10},"end":{"line":92,"column":null}},{"start":{"line":93,"column":10},"end":{"line":93,"column":null}}],"line":91}},"s":{"0":2,"1":5,"2":9,"3":9,"4":1,"5":4,"6":6,"7":6,"8":1,"9":5,"10":5,"11":6,"12":6,"13":5,"14":5,"15":1,"16":4,"17":1,"18":3,"19":3,"20":3,"21":3,"22":5,"23":5,"24":4,"25":4,"26":4,"27":2,"28":1,"29":2,"30":2,"31":2},"f":{"0":5,"1":6,"2":5,"3":2},"b":{"0":[1,8],"1":[6],"2":[1,5],"3":[5,4,3,0],"4":[3,2],"5":[3,2,2],"6":[1,4],"7":[1,3],"8":[3,0],"9":[5,1],"10":[1,4],"11":[1,3],"12":[4,1],"13":[3,0],"14":[3,0],"15":[3,0],"16":[2,2],"17":[0,1]},"meta":{"lastBranch":18,"lastFunction":4,"lastStatement":32,"seen":{"s:1:16:17:1":0,"f:19:9:19:17":0,"s:20:2:25:Infinity":1,"s:21:18:21:42":2,"b:22:4:24:Infinity:undefined:undefined:undefined:undefined":0,"s:22:4:24:Infinity":3,"s:23:6:23:Infinity":4,"s:26:2:26:Infinity":5,"f:29:9:29:22":1,"b:29:47:29:49":1,"s:30:17:30:34":6,"b:31:2:33:Infinity:undefined:undefined:undefined:undefined":2,"s:31:2:33:Infinity":7,"s:32:4:32:Infinity":8,"s:35:18:35:42":9,"s:36:17:36:77":10,"b:36:17:36:31:36:35:36:46:36:50:36:71:36:75:36:77":3,"s:38:4:40:22":11,"b:39:8:39:Infinity:40:8:40:22":4,"b:39:9:39:37:39:41:39:73:39:77:39:91":5,"s:42:2:50:Infinity":12,"b:49:28:49:39:49:42:49:Infinity":6,"b:49:56:49:63:49:66:49:Infinity":7,"b:49:90:49:97:49:100:49:Infinity":8,"f:53:15:53:28":2,"s:54:15:54:58":13,"b:54:16:54:32:54:36:54:38":9,"b:55:2:57:Infinity:undefined:undefined:undefined:undefined":10,"s:55:2:57:Infinity":14,"s:56:4:56:Infinity":15,"b:59:2:61:Infinity:undefined:undefined:undefined:undefined":11,"s:59:2:61:Infinity":16,"b:59:6:59:30:59:34:59:75":12,"s:60:4:60:Infinity":17,"s:63:18:65:3":18,"b:66:2:68:Infinity:undefined:undefined:undefined:undefined":13,"s:66:2:68:Infinity":19,"s:67:4:67:Infinity":20,"s:70:20:70:99":21,"b:70:43:70:80:70:83:70:99":14,"s:71:20:71:81":22,"b:71:43:71:59:71:62:71:81":15,"s:73:2:86:Infinity":23,"s:74:4:85:Infinity":24,"s:75:23:79:8":25,"b:80:6:82:Infinity:undefined:undefined:undefined:undefined":16,"s:80:6:82:Infinity":26,"s:81:8:81:Infinity":27,"s:88:2:94:Infinity":28,"b:92:10:92:Infinity:93:10:93:Infinity":17,"f:97:9:97:27":3,"s:98:19:98:55":29,"s:99:2:111:Infinity":30,"s:114:0:114:Infinity":31}}}
,"/Users/thomaswhidden/Documents/Radar/electron/ai/context.cjs": {"path":"/Users/thomaswhidden/Documents/Radar/electron/ai/context.cjs","statementMap":{"0":{"start":{"line":1,"column":26},"end":{"line":8,"column":2}},"1":{"start":{"line":11,"column":2},"end":{"line":11,"column":87}},"2":{"start":{"line":14,"column":15},"end":{"line":14,"column":17}},"3":{"start":{"line":15,"column":2},"end":{"line":21,"column":null}},"4":{"start":{"line":16,"column":4},"end":{"line":20,"column":null}},"5":{"start":{"line":17,"column":6},"end":{"line":17,"column":null}},"6":{"start":{"line":19,"column":6},"end":{"line":19,"column":null}},"7":{"start":{"line":22,"column":2},"end":{"line":22,"column":null}},"8":{"start":{"line":26,"column":2},"end":{"line":28,"column":null}},"9":{"start":{"line":27,"column":4},"end":{"line":27,"column":null}},"10":{"start":{"line":29,"column":2},"end":{"line":29,"column":null}},"11":{"start":{"line":33,"column":21},"end":{"line":33,"column":96}},"12":{"start":{"line":34,"column":21},"end":{"line":34,"column":98}},"13":{"start":{"line":35,"column":18},"end":{"line":35,"column":84}},"14":{"start":{"line":36,"column":18},"end":{"line":36,"column":86}},"15":{"start":{"line":38,"column":14},"end":{"line":40,"column":17}},"16":{"start":{"line":42,"column":2},"end":{"line":56,"column":null}},"17":{"start":{"line":60,"column":17},"end":{"line":60,"column":66}},"18":{"start":{"line":60,"column":37},"end":{"line":60,"column":65}},"19":{"start":{"line":61,"column":17},"end":{"line":67,"column":14}},"20":{"start":{"line":69,"column":2},"end":{"line":69,"column":null}},"21":{"start":{"line":72,"column":0},"end":{"line":76,"column":null}}},"fnMap":{"0":{"name":"redactHeaders","decl":{"start":{"line":13,"column":9},"end":{"line":13,"column":22}},"loc":{"start":{"line":13,"column":32},"end":{"line":23,"column":null}},"line":13},"1":{"name":"redactBody","decl":{"start":{"line":25,"column":9},"end":{"line":25,"column":19}},"loc":{"start":{"line":25,"column":26},"end":{"line":30,"column":null}},"line":25},"2":{"name":"formatCapture","decl":{"start":{"line":32,"column":9},"end":{"line":32,"column":22}},"loc":{"start":{"line":32,"column":44},"end":{"line":57,"column":null}},"line":32},"3":{"name":"buildContextPayload","decl":{"start":{"line":59,"column":9},"end":{"line":59,"column":28}},"loc":{"start":{"line":59,"column":76},"end":{"line":70,"column":null}},"line":59},"4":{"name":"(anonymous_4)","decl":{"start":{"line":60,"column":30},"end":{"line":60,"column":31}},"loc":{"start":{"line":60,"column":37},"end":{"line":60,"column":65}},"line":60}},"branchMap":{"0":{"loc":{"start":{"line":15,"column":44},"end":{"line":15,"column":57}},"type":"binary-expr","locations":[{"start":{"line":15,"column":44},"end":{"line":15,"column":51}},{"start":{"line":15,"column":55},"end":{"line":15,"column":57}}],"line":15},"1":{"loc":{"start":{"line":16,"column":4},"end":{"line":20,"column":null}},"type":"if","locations":[{"start":{"line":16,"column":4},"end":{"line":20,"column":null}},{"start":{"line":18,"column":11},"end":{"line":20,"column":null}}],"line":16},"2":{"loc":{"start":{"line":26,"column":2},"end":{"line":28,"column":null}},"type":"if","locations":[{"start":{"line":26,"column":2},"end":{"line":28,"column":null}},{"start":{},"end":{}}],"line":26},"3":{"loc":{"start":{"line":33,"column":21},"end":{"line":33,"column":96}},"type":"cond-expr","locations":[{"start":{"line":33,"column":34},"end":{"line":33,"column":56}},{"start":{"line":33,"column":59},"end":{"line":33,"column":96}}],"line":33},"4":{"loc":{"start":{"line":34,"column":21},"end":{"line":34,"column":98}},"type":"cond-expr","locations":[{"start":{"line":34,"column":34},"end":{"line":34,"column":57}},{"start":{"line":34,"column":60},"end":{"line":34,"column":98}}],"line":34},"5":{"loc":{"start":{"line":35,"column":18},"end":{"line":35,"column":84}},"type":"cond-expr","locations":[{"start":{"line":35,"column":31},"end":{"line":35,"column":50}},{"start":{"line":35,"column":53},"end":{"line":35,"column":84}}],"line":35},"6":{"loc":{"start":{"line":36,"column":18},"end":{"line":36,"column":86}},"type":"cond-expr","locations":[{"start":{"line":36,"column":31},"end":{"line":36,"column":51}},{"start":{"line":36,"column":54},"end":{"line":36,"column":86}}],"line":36},"7":{"loc":{"start":{"line":38,"column":14},"end":{"line":40,"column":17}},"type":"cond-expr","locations":[{"start":{"line":39,"column":6},"end":{"line":39,"column":null}},{"start":{"line":40,"column":6},"end":{"line":40,"column":17}}],"line":38},"8":{"loc":{"start":{"line":39,"column":14},"end":{"line":39,"column":41}},"type":"binary-expr","locations":[{"start":{"line":39,"column":14},"end":{"line":39,"column":34}},{"start":{"line":39,"column":38},"end":{"line":39,"column":41}}],"line":39},"9":{"loc":{"start":{"line":39,"column":47},"end":{"line":39,"column":77}},"type":"binary-expr","locations":[{"start":{"line":39,"column":47},"end":{"line":39,"column":70}},{"start":{"line":39,"column":74},"end":{"line":39,"column":77}}],"line":39},"10":{"loc":{"start":{"line":39,"column":83},"end":{"line":39,"column":108}},"type":"binary-expr","locations":[{"start":{"line":39,"column":83},"end":{"line":39,"column":101}},{"start":{"line":39,"column":105},"end":{"line":39,"column":108}}],"line":39},"11":{"loc":{"start":{"line":45,"column":15},"end":{"line":45,"column":42}},"type":"binary-expr","locations":[{"start":{"line":45,"column":15},"end":{"line":45,"column":29}},{"start":{"line":45,"column":33},"end":{"line":45,"column":42}}],"line":45},"12":{"loc":{"start":{"line":45,"column":46},"end":{"line":45,"column":70}},"type":"binary-expr","locations":[{"start":{"line":45,"column":46},"end":{"line":45,"column":64}},{"start":{"line":45,"column":68},"end":{"line":45,"column":70}}],"line":45},"13":{"loc":{"start":{"line":46,"column":17},"end":{"line":46,"column":42}},"type":"binary-expr","locations":[{"start":{"line":46,"column":17},"end":{"line":46,"column":35}},{"start":{"line":46,"column":39},"end":{"line":46,"column":42}}],"line":46},"14":{"loc":{"start":{"line":51,"column":4},"end":{"line":51,"column":24}},"type":"binary-expr","locations":[{"start":{"line":51,"column":4},"end":{"line":51,"column":11}},{"start":{"line":51,"column":15},"end":{"line":51,"column":24}}],"line":51},"15":{"loc":{"start":{"line":55,"column":4},"end":{"line":55,"column":null}},"type":"binary-expr","locations":[{"start":{"line":55,"column":4},"end":{"line":55,"column":11}},{"start":{"line":55,"column":15},"end":{"line":55,"column":null}}],"line":55},"16":{"loc":{"start":{"line":63,"column":18},"end":{"line":63,"column":48}},"type":"binary-expr","locations":[{"start":{"line":63,"column":18},"end":{"line":63,"column":36}},{"start":{"line":63,"column":40},"end":{"line":63,"column":48}}],"line":63},"17":{"loc":{"start":{"line":64,"column":20},"end":{"line":64,"column":42}},"type":"binary-expr","locations":[{"start":{"line":64,"column":20},"end":{"line":64,"column":30}},{"start":{"line":64,"column":34},"end":{"line":64,"column":42}}],"line":64},"18":{"loc":{"start":{"line":65,"column":17},"end":{"line":65,"column":42}},"type":"cond-expr","locations":[{"start":{"line":65,"column":30},"end":{"line":65,"column":34}},{"start":{"line":65,"column":37},"end":{"line":65,"column":42}}],"line":65}},"s":{"0":2,"1":2,"2":9,"3":9,"4":5,"5":3,"6":2,"7":9,"8":10,"9":7,"10":3,"11":5,"12":5,"13":5,"14":5,"15":5,"16":5,"17":5,"18":5,"19":5,"20":5,"21":2},"f":{"0":9,"1":10,"2":5,"3":5,"4":5},"b":{"0":[9,0],"1":[3,2],"2":[7,3],"3":[1,4],"4":[1,4],"5":[1,4],"6":[1,4],"7":[2,3],"8":[2,0],"9":[2,0],"10":[2,0],"11":[5,0],"12":[5,0],"13":[5,0],"14":[5,3],"15":[5,3],"16":[5,2],"17":[5,3],"18":[1,4]},"meta":{"lastBranch":19,"lastFunction":5,"lastStatement":22,"seen":{"s:1:26:8:2":0,"s:11:2:11:87":1,"f:13:9:13:22":0,"s:14:15:14:17":2,"s:15:2:21:Infinity":3,"b:15:44:15:51:15:55:15:57":0,"b:16:4:20:Infinity:18:11:20:Infinity":1,"s:16:4:20:Infinity":4,"s:17:6:17:Infinity":5,"s:19:6:19:Infinity":6,"s:22:2:22:Infinity":7,"f:25:9:25:19":1,"b:26:2:28:Infinity:undefined:undefined:undefined:undefined":2,"s:26:2:28:Infinity":8,"s:27:4:27:Infinity":9,"s:29:2:29:Infinity":10,"f:32:9:32:22":2,"s:33:21:33:96":11,"b:33:34:33:56:33:59:33:96":3,"s:34:21:34:98":12,"b:34:34:34:57:34:60:34:98":4,"s:35:18:35:84":13,"b:35:31:35:50:35:53:35:84":5,"s:36:18:36:86":14,"b:36:31:36:51:36:54:36:86":6,"s:38:14:40:17":15,"b:39:6:39:Infinity:40:6:40:17":7,"b:39:14:39:34:39:38:39:41":8,"b:39:47:39:70:39:74:39:77":9,"b:39:83:39:101:39:105:39:108":10,"s:42:2:56:Infinity":16,"b:45:15:45:29:45:33:45:42":11,"b:45:46:45:64:45:68:45:70":12,"b:46:17:46:35:46:39:46:42":13,"b:51:4:51:11:51:15:51:24":14,"b:55:4:55:11:55:15:55:Infinity":15,"f:59:9:59:28":3,"s:60:17:60:66":17,"f:60:30:60:31":4,"s:60:37:60:65":18,"s:61:17:67:14":19,"b:63:18:63:36:63:40:63:48":16,"b:64:20:64:30:64:34:64:42":17,"b:65:30:65:34:65:37:65:42":18,"s:69:2:69:Infinity":20,"s:72:0:76:Infinity":21}}}
,"/Users/thomaswhidden/Documents/Radar/electron/ai/index.cjs": {"path":"/Users/thomaswhidden/Documents/Radar/electron/ai/index.cjs","statementMap":{"0":{"start":{"line":1,"column":32},"end":{"line":1,"column":56}},"1":{"start":{"line":2,"column":25},"end":{"line":2,"column":47}},"2":{"start":{"line":3,"column":37},"end":{"line":3,"column":59}},"3":{"start":{"line":4,"column":39},"end":{"line":4,"column":64}},"4":{"start":{"line":5,"column":46},"end":{"line":5,"column":70}},"5":{"start":{"line":6,"column":38},"end":{"line":6,"column":64}},"6":{"start":{"line":9,"column":14},"end":{"line":9,"column":73}},"7":{"start":{"line":10,"column":2},"end":{"line":12,"column":null}},"8":{"start":{"line":11,"column":4},"end":{"line":11,"column":null}},"9":{"start":{"line":13,"column":2},"end":{"line":13,"column":null}},"10":{"start":{"line":13,"column":25},"end":{"line":13,"column":44}},"11":{"start":{"line":17,"column":19},"end":{"line":17,"column":59}},"12":{"start":{"line":18,"column":2},"end":{"line":26,"column":null}},"13":{"start":{"line":19,"column":4},"end":{"line":25,"column":null}},"14":{"start":{"line":28,"column":22},"end":{"line":33,"column":4}},"15":{"start":{"line":35,"column":2},"end":{"line":40,"column":null}},"16":{"start":{"line":50,"column":15},"end":{"line":50,"column":27}},"17":{"start":{"line":51,"column":21},"end":{"line":51,"column":48}},"18":{"start":{"line":52,"column":19},"end":{"line":52,"column":67}},"19":{"start":{"line":54,"column":2},"end":{"line":56,"column":null}},"20":{"start":{"line":55,"column":4},"end":{"line":55,"column":null}},"21":{"start":{"line":57,"column":2},"end":{"line":59,"column":null}},"22":{"start":{"line":58,"column":4},"end":{"line":58,"column":null}},"23":{"start":{"line":61,"column":19},"end":{"line":61,"column":45}},"24":{"start":{"line":62,"column":22},"end":{"line":67,"column":4}},"25":{"start":{"line":69,"column":20},"end":{"line":69,"column":33}},"26":{"start":{"line":70,"column":2},"end":{"line":72,"column":null}},"27":{"start":{"line":71,"column":4},"end":{"line":71,"column":null}},"28":{"start":{"line":74,"column":22},"end":{"line":74,"column":42}},"29":{"start":{"line":75,"column":17},"end":{"line":75,"column":35}},"30":{"start":{"line":76,"column":18},"end":{"line":76,"column":28}},"31":{"start":{"line":77,"column":20},"end":{"line":86,"column":3}},"32":{"start":{"line":83,"column":36},"end":{"line":83,"column":40}},"33":{"start":{"line":88,"column":2},"end":{"line":116,"column":null}},"34":{"start":{"line":89,"column":29},"end":{"line":89,"column":84}},"35":{"start":{"line":90,"column":19},"end":{"line":90,"column":48}},"36":{"start":{"line":91,"column":18},"end":{"line":95,"column":6}},"37":{"start":{"line":97,"column":4},"end":{"line":102,"column":null}},"38":{"start":{"line":104,"column":20},"end":{"line":104,"column":80}},"39":{"start":{"line":105,"column":18},"end":{"line":110,"column":6}},"40":{"start":{"line":111,"column":4},"end":{"line":115,"column":null}},"41":{"start":{"line":120,"column":18},"end":{"line":120,"column":44}},"42":{"start":{"line":121,"column":18},"end":{"line":121,"column":62}},"43":{"start":{"line":122,"column":16},"end":{"line":122,"column":60}},"44":{"start":{"line":123,"column":16},"end":{"line":123,"column":59}},"45":{"start":{"line":124,"column":2},"end":{"line":128,"column":null}},"46":{"start":{"line":131,"column":0},"end":{"line":139,"column":null}}},"fnMap":{"0":{"name":"resolveCaptures","decl":{"start":{"line":8,"column":9},"end":{"line":8,"column":24}},"loc":{"start":{"line":8,"column":50},"end":{"line":14,"column":null}},"line":8},"1":{"name":"(anonymous_1)","decl":{"start":{"line":13,"column":17},"end":{"line":13,"column":18}},"loc":{"start":{"line":13,"column":25},"end":{"line":13,"column":44}},"line":13},"2":{"name":"previewContext","decl":{"start":{"line":16,"column":9},"end":{"line":16,"column":23}},"loc":{"start":{"line":16,"column":88},"end":{"line":41,"column":null}},"line":16},"3":{"name":"runAiTask","decl":{"start":{"line":43,"column":15},"end":{"line":43,"column":24}},"loc":{"start":{"line":49,"column":3},"end":{"line":117,"column":null}},"line":49},"4":{"name":"(anonymous_4)","decl":{"start":{"line":83,"column":29},"end":{"line":83,"column":30}},"loc":{"start":{"line":83,"column":36},"end":{"line":83,"column":40}},"line":83},"5":{"name":"connectPreset","decl":{"start":{"line":119,"column":15},"end":{"line":119,"column":28}},"loc":{"start":{"line":119,"column":53},"end":{"line":129,"column":null}},"line":119}},"branchMap":{"0":{"loc":{"start":{"line":9,"column":14},"end":{"line":9,"column":73}},"type":"cond-expr","locations":[{"start":{"line":9,"column":42},"end":{"line":9,"column":68}},{"start":{"line":9,"column":71},"end":{"line":9,"column":73}}],"line":9},"1":{"loc":{"start":{"line":10,"column":2},"end":{"line":12,"column":null}},"type":"if","locations":[{"start":{"line":10,"column":2},"end":{"line":12,"column":null}},{"start":{},"end":{}}],"line":10},"2":{"loc":{"start":{"line":18,"column":2},"end":{"line":26,"column":null}},"type":"if","locations":[{"start":{"line":18,"column":2},"end":{"line":26,"column":null}},{"start":{},"end":{}}],"line":18},"3":{"loc":{"start":{"line":54,"column":2},"end":{"line":56,"column":null}},"type":"if","locations":[{"start":{"line":54,"column":2},"end":{"line":56,"column":null}},{"start":{},"end":{}}],"line":54},"4":{"loc":{"start":{"line":57,"column":2},"end":{"line":59,"column":null}},"type":"if","locations":[{"start":{"line":57,"column":2},"end":{"line":59,"column":null}},{"start":{},"end":{}}],"line":57},"5":{"loc":{"start":{"line":70,"column":2},"end":{"line":72,"column":null}},"type":"if","locations":[{"start":{"line":70,"column":2},"end":{"line":72,"column":null}},{"start":{},"end":{}}],"line":70},"6":{"loc":{"start":{"line":104,"column":20},"end":{"line":104,"column":80}},"type":"cond-expr","locations":[{"start":{"line":104,"column":45},"end":{"line":104,"column":58}},{"start":{"line":104,"column":61},"end":{"line":104,"column":80}}],"line":104}},"s":{"0":1,"1":1,"2":1,"3":1,"4":1,"5":1,"6":6,"7":6,"8":2,"9":4,"10":4,"11":2,"12":2,"13":1,"14":1,"15":1,"16":4,"17":4,"18":4,"19":4,"20":1,"21":3,"22":1,"23":2,"24":2,"25":2,"26":2,"27":1,"28":2,"29":2,"30":2,"31":2,"32":2,"33":2,"34":2,"35":1,"36":1,"37":1,"38":1,"39":1,"40":1,"41":1,"42":1,"43":1,"44":1,"45":1,"46":1},"f":{"0":6,"1":4,"2":2,"3":4,"4":2,"5":1},"b":{"0":[6,0],"1":[2,4],"2":[1,1],"3":[1,3],"4":[1,2],"5":[1,1],"6":[1,0]},"meta":{"lastBranch":7,"lastFunction":6,"lastStatement":47,"seen":{"s:1:32:1:56":0,"s:2:25:2:47":1,"s:3:37:3:59":2,"s:4:39:4:64":3,"s:5:46:5:70":4,"s:6:38:6:64":5,"f:8:9:8:24":0,"s:9:14:9:73":6,"b:9:42:9:68:9:71:9:73":0,"b:10:2:12:Infinity:undefined:undefined:undefined:undefined":1,"s:10:2:12:Infinity":7,"s:11:4:11:Infinity":8,"s:13:2:13:Infinity":9,"f:13:17:13:18":1,"s:13:25:13:44":10,"f:16:9:16:23":2,"s:17:19:17:59":11,"b:18:2:26:Infinity:undefined:undefined:undefined:undefined":2,"s:18:2:26:Infinity":12,"s:19:4:25:Infinity":13,"s:28:22:33:4":14,"s:35:2:40:Infinity":15,"f:43:15:43:24":3,"s:50:15:50:27":16,"s:51:21:51:48":17,"s:52:19:52:67":18,"b:54:2:56:Infinity:undefined:undefined:undefined:undefined":3,"s:54:2:56:Infinity":19,"s:55:4:55:Infinity":20,"b:57:2:59:Infinity:undefined:undefined:undefined:undefined":4,"s:57:2:59:Infinity":21,"s:58:4:58:Infinity":22,"s:61:19:61:45":23,"s:62:22:67:4":24,"s:69:20:69:33":25,"b:70:2:72:Infinity:undefined:undefined:undefined:undefined":5,"s:70:2:72:Infinity":26,"s:71:4:71:Infinity":27,"s:74:22:74:42":28,"s:75:17:75:35":29,"s:76:18:76:28":30,"s:77:20:86:3":31,"f:83:29:83:30":4,"s:83:36:83:40":32,"s:88:2:116:Infinity":33,"s:89:29:89:84":34,"s:90:19:90:48":35,"s:91:18:95:6":36,"s:97:4:102:Infinity":37,"s:104:20:104:80":38,"b:104:45:104:58:104:61:104:80":6,"s:105:18:110:6":39,"s:111:4:115:Infinity":40,"f:119:15:119:28":5,"s:120:18:120:44":41,"s:121:18:121:62":42,"s:122:16:122:60":43,"s:123:16:123:59":44,"s:124:2:128:Infinity":45,"s:131:0:139:Infinity":46}}}
,"/Users/thomaswhidden/Documents/Radar/electron/ai/providers.cjs": {"path":"/Users/thomaswhidden/Documents/Radar/electron/ai/providers.cjs","statementMap":{"0":{"start":{"line":2,"column":18},"end":{"line":2,"column":43}},"1":{"start":{"line":3,"column":16},"end":{"line":3,"column":62}},"2":{"start":{"line":4,"column":20},"end":{"line":4,"column":53}},"3":{"start":{"line":5,"column":16},"end":{"line":5,"column":38}},"4":{"start":{"line":6,"column":14},"end":{"line":6,"column":40}},"5":{"start":{"line":7,"column":2},"end":{"line":9,"column":null}},"6":{"start":{"line":8,"column":4},"end":{"line":8,"column":null}},"7":{"start":{"line":10,"column":2},"end":{"line":10,"column":null}},"8":{"start":{"line":14,"column":15},"end":{"line":14,"column":74}},"9":{"start":{"line":15,"column":19},"end":{"line":30,"column":4}},"10":{"start":{"line":32,"column":2},"end":{"line":35,"column":null}},"11":{"start":{"line":33,"column":19},"end":{"line":33,"column":40}},"12":{"start":{"line":34,"column":4},"end":{"line":34,"column":null}},"13":{"start":{"line":37,"column":18},"end":{"line":37,"column":39}},"14":{"start":{"line":38,"column":18},"end":{"line":38,"column":57}},"15":{"start":{"line":39,"column":2},"end":{"line":41,"column":null}},"16":{"start":{"line":40,"column":4},"end":{"line":40,"column":null}},"17":{"start":{"line":42,"column":2},"end":{"line":42,"column":null}},"18":{"start":{"line":46,"column":19},"end":{"line":60,"column":4}},"19":{"start":{"line":62,"column":2},"end":{"line":65,"column":null}},"20":{"start":{"line":63,"column":19},"end":{"line":63,"column":40}},"21":{"start":{"line":64,"column":4},"end":{"line":64,"column":null}},"22":{"start":{"line":67,"column":18},"end":{"line":67,"column":39}},"23":{"start":{"line":68,"column":16},"end":{"line":68,"column":70}},"24":{"start":{"line":68,"column":49},"end":{"line":68,"column":69}},"25":{"start":{"line":69,"column":18},"end":{"line":69,"column":29}},"26":{"start":{"line":70,"column":2},"end":{"line":72,"column":null}},"27":{"start":{"line":71,"column":4},"end":{"line":71,"column":null}},"28":{"start":{"line":73,"column":2},"end":{"line":73,"column":null}},"29":{"start":{"line":77,"column":2},"end":{"line":79,"column":null}},"30":{"start":{"line":78,"column":4},"end":{"line":78,"column":null}},"31":{"start":{"line":81,"column":2},"end":{"line":88,"column":null}},"32":{"start":{"line":82,"column":4},"end":{"line":87,"column":null}},"33":{"start":{"line":91,"column":4},"end":{"line":91,"column":94}},"34":{"start":{"line":93,"column":2},"end":{"line":99,"column":null}},"35":{"start":{"line":103,"column":2},"end":{"line":172,"column":null}},"36":{"start":{"line":105,"column":6},"end":{"line":112,"column":null}},"37":{"start":{"line":114,"column":6},"end":{"line":135,"column":null}},"38":{"start":{"line":118,"column":43},"end":{"line":132,"column":15}},"39":{"start":{"line":127,"column":77},"end":{"line":127,"column":91}},"40":{"start":{"line":137,"column":6},"end":{"line":147,"column":null}},"41":{"start":{"line":141,"column":42},"end":{"line":144,"column":15}},"42":{"start":{"line":149,"column":6},"end":{"line":156,"column":null}},"43":{"start":{"line":158,"column":6},"end":{"line":169,"column":null}},"44":{"start":{"line":162,"column":42},"end":{"line":166,"column":15}},"45":{"start":{"line":171,"column":6},"end":{"line":171,"column":null}},"46":{"start":{"line":175,"column":0},"end":{"line":175,"column":null}}},"fnMap":{"0":{"name":"extractJson","decl":{"start":{"line":1,"column":9},"end":{"line":1,"column":20}},"loc":{"start":{"line":1,"column":27},"end":{"line":11,"column":null}},"line":1},"1":{"name":"callOpenAi","decl":{"start":{"line":13,"column":15},"end":{"line":13,"column":25}},"loc":{"start":{"line":13,"column":68},"end":{"line":43,"column":null}},"line":13},"2":{"name":"callAnthropic","decl":{"start":{"line":45,"column":15},"end":{"line":45,"column":28}},"loc":{"start":{"line":45,"column":62},"end":{"line":74,"column":null}},"line":45},"3":{"name":"(anonymous_3)","decl":{"start":{"line":68,"column":39},"end":{"line":68,"column":40}},"loc":{"start":{"line":68,"column":49},"end":{"line":68,"column":69}},"line":68},"4":{"name":"complete","decl":{"start":{"line":76,"column":15},"end":{"line":76,"column":23}},"loc":{"start":{"line":76,"column":52},"end":{"line":100,"column":null}},"line":76},"5":{"name":"normalizeOutput","decl":{"start":{"line":102,"column":9},"end":{"line":102,"column":24}},"loc":{"start":{"line":102,"column":39},"end":{"line":173,"column":null}},"line":102},"6":{"name":"(anonymous_6)","decl":{"start":{"line":118,"column":32},"end":{"line":118,"column":33}},"loc":{"start":{"line":118,"column":43},"end":{"line":132,"column":15}},"line":118},"7":{"name":"(anonymous_7)","decl":{"start":{"line":127,"column":65},"end":{"line":127,"column":66}},"loc":{"start":{"line":127,"column":77},"end":{"line":127,"column":91}},"line":127},"8":{"name":"(anonymous_8)","decl":{"start":{"line":141,"column":31},"end":{"line":141,"column":32}},"loc":{"start":{"line":141,"column":42},"end":{"line":144,"column":15}},"line":141},"9":{"name":"(anonymous_9)","decl":{"start":{"line":162,"column":31},"end":{"line":162,"column":32}},"loc":{"start":{"line":162,"column":42},"end":{"line":166,"column":15}},"line":162}},"branchMap":{"0":{"loc":{"start":{"line":2,"column":25},"end":{"line":2,"column":35}},"type":"binary-expr","locations":[{"start":{"line":2,"column":25},"end":{"line":2,"column":29}},{"start":{"line":2,"column":33},"end":{"line":2,"column":35}}],"line":2},"1":{"loc":{"start":{"line":4,"column":20},"end":{"line":4,"column":53}},"type":"cond-expr","locations":[{"start":{"line":4,"column":28},"end":{"line":4,"column":43}},{"start":{"line":4,"column":46},"end":{"line":4,"column":53}}],"line":4},"2":{"loc":{"start":{"line":7,"column":2},"end":{"line":9,"column":null}},"type":"if","locations":[{"start":{"line":7,"column":2},"end":{"line":9,"column":null}},{"start":{},"end":{}}],"line":7},"3":{"loc":{"start":{"line":7,"column":6},"end":{"line":7,"column":32}},"type":"binary-expr","locations":[{"start":{"line":7,"column":6},"end":{"line":7,"column":18}},{"start":{"line":7,"column":22},"end":{"line":7,"column":32}}],"line":7},"4":{"loc":{"start":{"line":14,"column":16},"end":{"line":14,"column":54}},"type":"binary-expr","locations":[{"start":{"line":14,"column":16},"end":{"line":14,"column":23}},{"start":{"line":14,"column":27},"end":{"line":14,"column":54}}],"line":14},"5":{"loc":{"start":{"line":32,"column":2},"end":{"line":35,"column":null}},"type":"if","locations":[{"start":{"line":32,"column":2},"end":{"line":35,"column":null}},{"start":{},"end":{}}],"line":32},"6":{"loc":{"start":{"line":34,"column":20},"end":{"line":34,"column":85}},"type":"binary-expr","locations":[{"start":{"line":34,"column":20},"end":{"line":34,"column":26}},{"start":{"line":34,"column":30},"end":{"line":34,"column":85}}],"line":34},"7":{"loc":{"start":{"line":39,"column":2},"end":{"line":41,"column":null}},"type":"if","locations":[{"start":{"line":39,"column":2},"end":{"line":41,"column":null}},{"start":{},"end":{}}],"line":39},"8":{"loc":{"start":{"line":62,"column":2},"end":{"line":65,"column":null}},"type":"if","locations":[{"start":{"line":62,"column":2},"end":{"line":65,"column":null}},{"start":{},"end":{}}],"line":62},"9":{"loc":{"start":{"line":64,"column":20},"end":{"line":64,"column":77}},"type":"binary-expr","locations":[{"start":{"line":64,"column":20},"end":{"line":64,"column":26}},{"start":{"line":64,"column":30},"end":{"line":64,"column":77}}],"line":64},"10":{"loc":{"start":{"line":70,"column":2},"end":{"line":72,"column":null}},"type":"if","locations":[{"start":{"line":70,"column":2},"end":{"line":72,"column":null}},{"start":{},"end":{}}],"line":70},"11":{"loc":{"start":{"line":77,"column":2},"end":{"line":79,"column":null}},"type":"if","locations":[{"start":{"line":77,"column":2},"end":{"line":79,"column":null}},{"start":{},"end":{}}],"line":77},"12":{"loc":{"start":{"line":81,"column":2},"end":{"line":88,"column":null}},"type":"if","locations":[{"start":{"line":81,"column":2},"end":{"line":88,"column":null}},{"start":{},"end":{}}],"line":81},"13":{"loc":{"start":{"line":91,"column":4},"end":{"line":91,"column":94}},"type":"cond-expr","locations":[{"start":{"line":91,"column":48},"end":{"line":91,"column":64}},{"start":{"line":91,"column":67},"end":{"line":91,"column":94}}],"line":91},"14":{"loc":{"start":{"line":103,"column":2},"end":{"line":172,"column":null}},"type":"switch","locations":[{"start":{"line":104,"column":4},"end":{"line":112,"column":null}},{"start":{"line":113,"column":4},"end":{"line":135,"column":null}},{"start":{"line":136,"column":4},"end":{"line":147,"column":null}},{"start":{"line":148,"column":4},"end":{"line":156,"column":null}},{"start":{"line":157,"column":4},"end":{"line":169,"column":null}},{"start":{"line":170,"column":4},"end":{"line":171,"column":null}}],"line":103},"15":{"loc":{"start":{"line":108,"column":26},"end":{"line":108,"column":46}},"type":"binary-expr","locations":[{"start":{"line":108,"column":26},"end":{"line":108,"column":40}},{"start":{"line":108,"column":44},"end":{"line":108,"column":46}}],"line":108},"16":{"loc":{"start":{"line":109,"column":24},"end":{"line":109,"column":97}},"type":"cond-expr","locations":[{"start":{"line":109,"column":61},"end":{"line":109,"column":92}},{"start":{"line":109,"column":95},"end":{"line":109,"column":97}}],"line":109},"17":{"loc":{"start":{"line":110,"column":25},"end":{"line":110,"column":null}},"type":"cond-expr","locations":[{"start":{"line":110,"column":63},"end":{"line":110,"column":95}},{"start":{"line":110,"column":98},"end":{"line":110,"column":null}}],"line":110},"18":{"loc":{"start":{"line":117,"column":18},"end":{"line":133,"column":null}},"type":"cond-expr","locations":[{"start":{"line":118,"column":14},"end":{"line":132,"column":null}},{"start":{"line":133,"column":14},"end":{"line":133,"column":null}}],"line":117},"19":{"loc":{"start":{"line":119,"column":30},"end":{"line":119,"column":51}},"type":"binary-expr","locations":[{"start":{"line":119,"column":30},"end":{"line":119,"column":40}},{"start":{"line":119,"column":44},"end":{"line":119,"column":51}}],"line":119},"20":{"loc":{"start":{"line":120,"column":34},"end":{"line":120,"column":54}},"type":"binary-expr","locations":[{"start":{"line":120,"column":34},"end":{"line":120,"column":48}},{"start":{"line":120,"column":52},"end":{"line":120,"column":54}}],"line":120},"21":{"loc":{"start":{"line":122,"column":33},"end":{"line":122,"column":60}},"type":"binary-expr","locations":[{"start":{"line":122,"column":33},"end":{"line":122,"column":51}},{"start":{"line":122,"column":55},"end":{"line":122,"column":60}}],"line":122},"22":{"loc":{"start":{"line":123,"column":30},"end":{"line":123,"column":51}},"type":"binary-expr","locations":[{"start":{"line":123,"column":30},"end":{"line":123,"column":45}},{"start":{"line":123,"column":49},"end":{"line":123,"column":51}}],"line":123},"23":{"loc":{"start":{"line":125,"column":20},"end":{"line":129,"column":26}},"type":"cond-expr","locations":[{"start":{"line":126,"column":24},"end":{"line":128,"column":null}},{"start":{"line":129,"column":24},"end":{"line":129,"column":26}}],"line":125},"24":{"loc":{"start":{"line":125,"column":20},"end":{"line":125,"column":null}},"type":"binary-expr","locations":[{"start":{"line":125,"column":20},"end":{"line":125,"column":39}},{"start":{"line":125,"column":43},"end":{"line":125,"column":null}}],"line":125},"25":{"loc":{"start":{"line":130,"column":31},"end":{"line":130,"column":53}},"type":"binary-expr","locations":[{"start":{"line":130,"column":31},"end":{"line":130,"column":47}},{"start":{"line":130,"column":51},"end":{"line":130,"column":53}}],"line":130},"26":{"loc":{"start":{"line":140,"column":17},"end":{"line":145,"column":null}},"type":"cond-expr","locations":[{"start":{"line":141,"column":14},"end":{"line":144,"column":null}},{"start":{"line":145,"column":14},"end":{"line":145,"column":null}}],"line":140},"27":{"loc":{"start":{"line":142,"column":30},"end":{"line":142,"column":46}},"type":"binary-expr","locations":[{"start":{"line":142,"column":30},"end":{"line":142,"column":40}},{"start":{"line":142,"column":44},"end":{"line":142,"column":46}}],"line":142},"28":{"loc":{"start":{"line":143,"column":23},"end":{"line":143,"column":null}},"type":"cond-expr","locations":[{"start":{"line":143,"column":51},"end":{"line":143,"column":73}},{"start":{"line":143,"column":76},"end":{"line":143,"column":null}}],"line":143},"29":{"loc":{"start":{"line":152,"column":24},"end":{"line":152,"column":42}},"type":"binary-expr","locations":[{"start":{"line":152,"column":24},"end":{"line":152,"column":36}},{"start":{"line":152,"column":40},"end":{"line":152,"column":42}}],"line":152},"30":{"loc":{"start":{"line":153,"column":24},"end":{"line":153,"column":97}},"type":"cond-expr","locations":[{"start":{"line":153,"column":61},"end":{"line":153,"column":92}},{"start":{"line":153,"column":95},"end":{"line":153,"column":97}}],"line":153},"31":{"loc":{"start":{"line":154,"column":25},"end":{"line":154,"column":null}},"type":"cond-expr","locations":[{"start":{"line":154,"column":63},"end":{"line":154,"column":95}},{"start":{"line":154,"column":98},"end":{"line":154,"column":null}}],"line":154},"32":{"loc":{"start":{"line":161,"column":17},"end":{"line":167,"column":null}},"type":"cond-expr","locations":[{"start":{"line":162,"column":14},"end":{"line":166,"column":null}},{"start":{"line":167,"column":14},"end":{"line":167,"column":null}}],"line":161},"33":{"loc":{"start":{"line":163,"column":30},"end":{"line":163,"column":46}},"type":"binary-expr","locations":[{"start":{"line":163,"column":30},"end":{"line":163,"column":40}},{"start":{"line":163,"column":44},"end":{"line":163,"column":46}}],"line":163},"34":{"loc":{"start":{"line":164,"column":24},"end":{"line":164,"column":75}},"type":"cond-expr","locations":[{"start":{"line":164,"column":53},"end":{"line":164,"column":63}},{"start":{"line":164,"column":66},"end":{"line":164,"column":75}}],"line":164},"35":{"loc":{"start":{"line":165,"column":21},"end":{"line":165,"column":null}},"type":"cond-expr","locations":[{"start":{"line":165,"column":32},"end":{"line":165,"column":48}},{"start":{"line":165,"column":51},"end":{"line":165,"column":null}}],"line":165}},"s":{"0":6,"1":6,"2":6,"3":6,"4":6,"5":6,"6":1,"7":5,"8":4,"9":4,"10":4,"11":1,"12":1,"13":3,"14":3,"15":4,"16":1,"17":2,"18":3,"19":3,"20":1,"21":1,"22":2,"23":2,"24":1,"25":3,"26":3,"27":1,"28":1,"29":9,"30":2,"31":7,"32":3,"33":4,"34":9,"35":7,"36":2,"37":1,"38":1,"39":1,"40":1,"41":1,"42":1,"43":1,"44":1,"45":1,"46":2},"f":{"0":6,"1":4,"2":3,"3":1,"4":9,"5":7,"6":1,"7":1,"8":1,"9":1},"b":{"0":[6,0],"1":[1,5],"2":[1,5],"3":[6,5],"4":[4,0],"5":[1,3],"6":[1,0],"7":[1,3],"8":[1,2],"9":[1,0],"10":[1,2],"11":[2,7],"12":[3,4],"13":[2,2],"14":[2,1,1,1,1,1],"15":[2,2],"16":[2,2],"17":[2,2],"18":[1,1],"19":[1,0],"20":[1,1],"21":[1,1],"22":[1,1],"23":[1,1],"24":[1,1],"25":[1,1],"26":[1,1],"27":[1,1],"28":[1,1],"29":[1,1],"30":[1,1],"31":[1,1],"32":[1,1],"33":[1,1],"34":[1,0],"35":[1,0]},"meta":{"lastBranch":36,"lastFunction":10,"lastStatement":47,"seen":{"f:1:9:1:20":0,"s:2:18:2:43":0,"b:2:25:2:29:2:33:2:35":0,"s:3:16:3:62":1,"s:4:20:4:53":2,"b:4:28:4:43:4:46:4:53":1,"s:5:16:5:38":3,"s:6:14:6:40":4,"b:7:2:9:Infinity:undefined:undefined:undefined:undefined":2,"s:7:2:9:Infinity":5,"b:7:6:7:18:7:22:7:32":3,"s:8:4:8:Infinity":6,"s:10:2:10:Infinity":7,"f:13:15:13:25":1,"s:14:15:14:74":8,"b:14:16:14:23:14:27:14:54":4,"s:15:19:30:4":9,"b:32:2:35:Infinity:undefined:undefined:undefined:undefined":5,"s:32:2:35:Infinity":10,"s:33:19:33:40":11,"s:34:4:34:Infinity":12,"b:34:20:34:26:34:30:34:85":6,"s:37:18:37:39":13,"s:38:18:38:57":14,"b:39:2:41:Infinity:undefined:undefined:undefined:undefined":7,"s:39:2:41:Infinity":15,"s:40:4:40:Infinity":16,"s:42:2:42:Infinity":17,"f:45:15:45:28":2,"s:46:19:60:4":18,"b:62:2:65:Infinity:undefined:undefined:undefined:undefined":8,"s:62:2:65:Infinity":19,"s:63:19:63:40":20,"s:64:4:64:Infinity":21,"b:64:20:64:26:64:30:64:77":9,"s:67:18:67:39":22,"s:68:16:68:70":23,"f:68:39:68:40":3,"s:68:49:68:69":24,"s:69:18:69:29":25,"b:70:2:72:Infinity:undefined:undefined:undefined:undefined":10,"s:70:2:72:Infinity":26,"s:71:4:71:Infinity":27,"s:73:2:73:Infinity":28,"f:76:15:76:23":4,"b:77:2:79:Infinity:undefined:undefined:undefined:undefined":11,"s:77:2:79:Infinity":29,"s:78:4:78:Infinity":30,"b:81:2:88:Infinity:undefined:undefined:undefined:undefined":12,"s:81:2:88:Infinity":31,"s:82:4:87:Infinity":32,"s:91:4:91:94":33,"b:91:48:91:64:91:67:91:94":13,"s:93:2:99:Infinity":34,"f:102:9:102:24":5,"b:104:4:112:Infinity:113:4:135:Infinity:136:4:147:Infinity:148:4:156:Infinity:157:4:169:Infinity:170:4:171:Infinity":14,"s:103:2:172:Infinity":35,"s:105:6:112:Infinity":36,"b:108:26:108:40:108:44:108:46":15,"b:109:61:109:92:109:95:109:97":16,"b:110:63:110:95:110:98:110:Infinity":17,"s:114:6:135:Infinity":37,"b:118:14:132:Infinity:133:14:133:Infinity":18,"f:118:32:118:33":6,"s:118:43:132:15":38,"b:119:30:119:40:119:44:119:51":19,"b:120:34:120:48:120:52:120:54":20,"b:122:33:122:51:122:55:122:60":21,"b:123:30:123:45:123:49:123:51":22,"b:126:24:128:Infinity:129:24:129:26":23,"b:125:20:125:39:125:43:125:Infinity":24,"f:127:65:127:66":7,"s:127:77:127:91":39,"b:130:31:130:47:130:51:130:53":25,"s:137:6:147:Infinity":40,"b:141:14:144:Infinity:145:14:145:Infinity":26,"f:141:31:141:32":8,"s:141:42:144:15":41,"b:142:30:142:40:142:44:142:46":27,"b:143:51:143:73:143:76:143:Infinity":28,"s:149:6:156:Infinity":42,"b:152:24:152:36:152:40:152:42":29,"b:153:61:153:92:153:95:153:97":30,"b:154:63:154:95:154:98:154:Infinity":31,"s:158:6:169:Infinity":43,"b:162:14:166:Infinity:167:14:167:Infinity":32,"f:162:31:162:32":9,"s:162:42:166:15":44,"b:163:30:163:40:163:44:163:46":33,"b:164:53:164:63:164:66:164:75":34,"b:165:32:165:48:165:51:165:Infinity":35,"s:171:6:171:Infinity":45,"s:175:0:175:Infinity":46}}}
,"/Users/thomaswhidden/Documents/Radar/electron/ai/settings.cjs": {"path":"/Users/thomaswhidden/Documents/Radar/electron/ai/settings.cjs","statementMap":{"0":{"start":{"line":1,"column":11},"end":{"line":1,"column":29}},"1":{"start":{"line":2,"column":13},"end":{"line":2,"column":33}},"2":{"start":{"line":4,"column":25},"end":{"line":9,"column":1}},"3":{"start":{"line":12,"column":2},"end":{"line":12,"column":null}},"4":{"start":{"line":16,"column":15},"end":{"line":16,"column":41}},"5":{"start":{"line":17,"column":2},"end":{"line":23,"column":null}},"6":{"start":{"line":18,"column":16},"end":{"line":18,"column":45}},"7":{"start":{"line":19,"column":19},"end":{"line":19,"column":34}},"8":{"start":{"line":20,"column":4},"end":{"line":20,"column":null}},"9":{"start":{"line":22,"column":4},"end":{"line":22,"column":null}},"10":{"start":{"line":27,"column":15},"end":{"line":27,"column":41}},"11":{"start":{"line":28,"column":15},"end":{"line":33,"column":3}},"12":{"start":{"line":34,"column":2},"end":{"line":34,"column":null}},"13":{"start":{"line":35,"column":2},"end":{"line":35,"column":null}},"14":{"start":{"line":36,"column":2},"end":{"line":36,"column":null}},"15":{"start":{"line":39,"column":0},"end":{"line":39,"column":null}}},"fnMap":{"0":{"name":"settingsPath","decl":{"start":{"line":11,"column":9},"end":{"line":11,"column":21}},"loc":{"start":{"line":11,"column":36},"end":{"line":13,"column":null}},"line":11},"1":{"name":"loadSettings","decl":{"start":{"line":15,"column":9},"end":{"line":15,"column":21}},"loc":{"start":{"line":15,"column":36},"end":{"line":24,"column":null}},"line":15},"2":{"name":"saveSettings","decl":{"start":{"line":26,"column":9},"end":{"line":26,"column":21}},"loc":{"start":{"line":26,"column":46},"end":{"line":37,"column":null}},"line":26}},"branchMap":{"0":{"loc":{"start":{"line":29,"column":14},"end":{"line":29,"column":60}},"type":"binary-expr","locations":[{"start":{"line":29,"column":14},"end":{"line":29,"column":31}},{"start":{"line":29,"column":35},"end":{"line":29,"column":60}}],"line":29},"1":{"loc":{"start":{"line":30,"column":18},"end":{"line":30,"column":58}},"type":"binary-expr","locations":[{"start":{"line":30,"column":18},"end":{"line":30,"column":32}},{"start":{"line":30,"column":36},"end":{"line":30,"column":58}}],"line":30},"2":{"loc":{"start":{"line":31,"column":19},"end":{"line":31,"column":40}},"type":"binary-expr","locations":[{"start":{"line":31,"column":19},"end":{"line":31,"column":34}},{"start":{"line":31,"column":38},"end":{"line":31,"column":40}}],"line":31},"3":{"loc":{"start":{"line":32,"column":20},"end":{"line":32,"column":64}},"type":"binary-expr","locations":[{"start":{"line":32,"column":20},"end":{"line":32,"column":36}},{"start":{"line":32,"column":40},"end":{"line":32,"column":64}}],"line":32}},"s":{"0":2,"1":2,"2":2,"3":10,"4":6,"5":6,"6":6,"7":6,"8":6,"9":3,"10":4,"11":4,"12":4,"13":4,"14":4,"15":2},"f":{"0":10,"1":6,"2":4},"b":{"0":[4,1],"1":[4,0],"2":[4,2],"3":[4,2]},"meta":{"lastBranch":4,"lastFunction":3,"lastStatement":16,"seen":{"s:1:11:1:29":0,"s:2:13:2:33":1,"s:4:25:9:1":2,"f:11:9:11:21":0,"s:12:2:12:Infinity":3,"f:15:9:15:21":1,"s:16:15:16:41":4,"s:17:2:23:Infinity":5,"s:18:16:18:45":6,"s:19:19:19:34":7,"s:20:4:20:Infinity":8,"s:22:4:22:Infinity":9,"f:26:9:26:21":2,"s:27:15:27:41":10,"s:28:15:33:3":11,"b:29:14:29:31:29:35:29:60":0,"b:30:18:30:32:30:36:30:58":1,"b:31:19:31:34:31:38:31:40":2,"b:32:20:32:36:32:40:32:64":3,"s:34:2:34:Infinity":12,"s:35:2:35:Infinity":13,"s:36:2:36:Infinity":14,"s:39:0:39:Infinity":15}}}
,"/Users/thomaswhidden/Documents/Radar/electron/ai/tasks.cjs": {"path":"/Users/thomaswhidden/Documents/Radar/electron/ai/tasks.cjs","statementMap":{"0":{"start":{"line":1,"column":26},"end":{"line":21,"column":1}},"1":{"start":{"line":24,"column":2},"end":{"line":29,"column":null}},"2":{"start":{"line":32,"column":0},"end":{"line":32,"column":null}}},"fnMap":{"0":{"name":"systemPrompt","decl":{"start":{"line":23,"column":9},"end":{"line":23,"column":21}},"loc":{"start":{"line":23,"column":28},"end":{"line":30,"column":null}},"line":23}},"branchMap":{"0":{"loc":{"start":{"line":28,"column":4},"end":{"line":28,"column":null}},"type":"binary-expr","locations":[{"start":{"line":28,"column":4},"end":{"line":28,"column":27}},{"start":{"line":28,"column":31},"end":{"line":28,"column":null}}],"line":28}},"s":{"0":2,"1":4,"2":2},"f":{"0":4},"b":{"0":[4,1]},"meta":{"lastBranch":1,"lastFunction":1,"lastStatement":3,"seen":{"s:1:26:21:1":0,"f:23:9:23:21":0,"s:24:2:29:Infinity":1,"b:28:4:28:27:28:31:28:Infinity":0,"s:32:0:32:Infinity":2}}}
,"/Users/thomaswhidden/Documents/Radar/shared/allowlist.cjs": {"path":"/Users/thomaswhidden/Documents/Radar/shared/allowlist.cjs","statementMap":{"0":{"start":{"line":1,"column":26},"end":{"line":5,"column":1}},"1":{"start":{"line":8,"column":2},"end":{"line":8,"column":null}},"2":{"start":{"line":12,"column":18},"end":{"line":12,"column":84}},"3":{"start":{"line":13,"column":2},"end":{"line":13,"column":null}},"4":{"start":{"line":17,"column":18},"end":{"line":17,"column":43}},"5":{"start":{"line":18,"column":2},"end":{"line":20,"column":null}},"6":{"start":{"line":19,"column":4},"end":{"line":19,"column":null}},"7":{"start":{"line":22,"column":2},"end":{"line":24,"column":null}},"8":{"start":{"line":23,"column":4},"end":{"line":23,"column":null}},"9":{"start":{"line":26,"column":17},"end":{"line":26,"column":47}},"10":{"start":{"line":27,"column":2},"end":{"line":29,"column":null}},"11":{"start":{"line":28,"column":4},"end":{"line":28,"column":null}},"12":{"start":{"line":31,"column":2},"end":{"line":36,"column":null}},"13":{"start":{"line":32,"column":23},"end":{"line":32,"column":39}},"14":{"start":{"line":33,"column":4},"end":{"line":33,"column":null}},"15":{"start":{"line":35,"column":4},"end":{"line":35,"column":null}},"16":{"start":{"line":41,"column":2},"end":{"line":45,"column":null}},"17":{"start":{"line":42,"column":4},"end":{"line":42,"column":null}},"18":{"start":{"line":44,"column":4},"end":{"line":44,"column":null}},"19":{"start":{"line":47,"column":2},"end":{"line":49,"column":null}},"20":{"start":{"line":48,"column":4},"end":{"line":48,"column":null}},"21":{"start":{"line":51,"column":22},"end":{"line":51,"column":90}},"22":{"start":{"line":52,"column":2},"end":{"line":52,"column":null}},"23":{"start":{"line":52,"column":36},"end":{"line":52,"column":60}},"24":{"start":{"line":56,"column":2},"end":{"line":61,"column":null}},"25":{"start":{"line":57,"column":19},"end":{"line":57,"column":37}},"26":{"start":{"line":58,"column":4},"end":{"line":58,"column":null}},"27":{"start":{"line":60,"column":4},"end":{"line":60,"column":null}},"28":{"start":{"line":64,"column":0},"end":{"line":71,"column":null}}},"fnMap":{"0":{"name":"isLocalHost","decl":{"start":{"line":7,"column":9},"end":{"line":7,"column":20}},"loc":{"start":{"line":7,"column":31},"end":{"line":9,"column":null}},"line":7},"1":{"name":"wildcardToRegExp","decl":{"start":{"line":11,"column":9},"end":{"line":11,"column":25}},"loc":{"start":{"line":11,"column":35},"end":{"line":14,"column":null}},"line":11},"2":{"name":"ruleAllows","decl":{"start":{"line":16,"column":9},"end":{"line":16,"column":19}},"loc":{"start":{"line":16,"column":31},"end":{"line":37,"column":null}},"line":16},"3":{"name":"isAllowedTarget","decl":{"start":{"line":39,"column":9},"end":{"line":39,"column":24}},"loc":{"start":{"line":39,"column":63},"end":{"line":53,"column":null}},"line":39},"4":{"name":"(anonymous_4)","decl":{"start":{"line":52,"column":26},"end":{"line":52,"column":27}},"loc":{"start":{"line":52,"column":36},"end":{"line":52,"column":60}},"line":52},"5":{"name":"shouldTrustLocalCertificate","decl":{"start":{"line":55,"column":9},"end":{"line":55,"column":36}},"loc":{"start":{"line":55,"column":48},"end":{"line":62,"column":null}},"line":55}},"branchMap":{"0":{"loc":{"start":{"line":8,"column":9},"end":{"line":8,"column":82}},"type":"binary-expr","locations":[{"start":{"line":8,"column":9},"end":{"line":8,"column":33}},{"start":{"line":8,"column":37},"end":{"line":8,"column":55}},{"start":{"line":8,"column":59},"end":{"line":8,"column":82}}],"line":8},"1":{"loc":{"start":{"line":17,"column":25},"end":{"line":17,"column":35}},"type":"binary-expr","locations":[{"start":{"line":17,"column":25},"end":{"line":17,"column":29}},{"start":{"line":17,"column":33},"end":{"line":17,"column":35}}],"line":17},"2":{"loc":{"start":{"line":18,"column":2},"end":{"line":20,"column":null}},"type":"if","locations":[{"start":{"line":18,"column":2},"end":{"line":20,"column":null}},{"start":{},"end":{}}],"line":18},"3":{"loc":{"start":{"line":22,"column":2},"end":{"line":24,"column":null}},"type":"if","locations":[{"start":{"line":22,"column":2},"end":{"line":24,"column":null}},{"start":{},"end":{}}],"line":22},"4":{"loc":{"start":{"line":27,"column":2},"end":{"line":29,"column":null}},"type":"if","locations":[{"start":{"line":27,"column":2},"end":{"line":29,"column":null}},{"start":{},"end":{}}],"line":27},"5":{"loc":{"start":{"line":28,"column":11},"end":{"line":28,"column":93}},"type":"binary-expr","locations":[{"start":{"line":28,"column":11},"end":{"line":28,"column":49}},{"start":{"line":28,"column":53},"end":{"line":28,"column":93}}],"line":28},"6":{"loc":{"start":{"line":39,"column":36},"end":{"line":39,"column":61}},"type":"default-arg","locations":[{"start":{"line":39,"column":44},"end":{"line":39,"column":61}}],"line":39},"7":{"loc":{"start":{"line":47,"column":2},"end":{"line":49,"column":null}},"type":"if","locations":[{"start":{"line":47,"column":2},"end":{"line":49,"column":null}},{"start":{},"end":{}}],"line":47},"8":{"loc":{"start":{"line":51,"column":22},"end":{"line":51,"column":90}},"type":"cond-expr","locations":[{"start":{"line":51,"column":65},"end":{"line":51,"column":70}},{"start":{"line":51,"column":73},"end":{"line":51,"column":90}}],"line":51},"9":{"loc":{"start":{"line":51,"column":22},"end":{"line":51,"column":62}},"type":"binary-expr","locations":[{"start":{"line":51,"column":22},"end":{"line":51,"column":42}},{"start":{"line":51,"column":46},"end":{"line":51,"column":62}}],"line":51},"10":{"loc":{"start":{"line":58,"column":11},"end":{"line":58,"column":71}},"type":"binary-expr","locations":[{"start":{"line":58,"column":11},"end":{"line":58,"column":39}},{"start":{"line":58,"column":43},"end":{"line":58,"column":71}}],"line":58}},"s":{"0":2,"1":7,"2":27,"3":27,"4":22,"5":22,"6":2,"7":20,"8":1,"9":19,"10":19,"11":15,"12":4,"13":4,"14":4,"15":1,"16":11,"17":11,"18":2,"19":9,"20":1,"21":8,"22":11,"23":15,"24":4,"25":4,"26":4,"27":1,"28":2},"f":{"0":7,"1":27,"2":22,"3":11,"4":15,"5":4},"b":{"0":[7,5,4],"1":[22,1],"2":[2,20],"3":[1,19],"4":[15,4],"5":[15,11],"6":[11],"7":[1,8],"8":[8,0],"9":[8,8],"10":[4,2]},"meta":{"lastBranch":11,"lastFunction":6,"lastStatement":29,"seen":{"s:1:26:5:1":0,"f:7:9:7:20":0,"s:8:2:8:Infinity":1,"b:8:9:8:33:8:37:8:55:8:59:8:82":0,"f:11:9:11:25":1,"s:12:18:12:84":2,"s:13:2:13:Infinity":3,"f:16:9:16:19":2,"s:17:18:17:43":4,"b:17:25:17:29:17:33:17:35":1,"b:18:2:20:Infinity:undefined:undefined:undefined:undefined":2,"s:18:2:20:Infinity":5,"s:19:4:19:Infinity":6,"b:22:2:24:Infinity:undefined:undefined:undefined:undefined":3,"s:22:2:24:Infinity":7,"s:23:4:23:Infinity":8,"s:26:17:26:47":9,"b:27:2:29:Infinity:undefined:undefined:undefined:undefined":4,"s:27:2:29:Infinity":10,"s:28:4:28:Infinity":11,"b:28:11:28:49:28:53:28:93":5,"s:31:2:36:Infinity":12,"s:32:23:32:39":13,"s:33:4:33:Infinity":14,"s:35:4:35:Infinity":15,"f:39:9:39:24":3,"b:39:44:39:61":6,"s:41:2:45:Infinity":16,"s:42:4:42:Infinity":17,"s:44:4:44:Infinity":18,"b:47:2:49:Infinity:undefined:undefined:undefined:undefined":7,"s:47:2:49:Infinity":19,"s:48:4:48:Infinity":20,"s:51:22:51:90":21,"b:51:65:51:70:51:73:51:90":8,"b:51:22:51:42:51:46:51:62":9,"s:52:2:52:Infinity":22,"f:52:26:52:27":4,"s:52:36:52:60":23,"f:55:9:55:36":5,"s:56:2:61:Infinity":24,"s:57:19:57:37":25,"s:58:4:58:Infinity":26,"b:58:11:58:39:58:43:58:71":10,"s:60:4:60:Infinity":27,"s:64:0:71:Infinity":28}}}
,"/Users/thomaswhidden/Documents/Radar/shared/capture.cjs": {"path":"/Users/thomaswhidden/Documents/Radar/shared/capture.cjs","statementMap":{"0":{"start":{"line":1,"column":28},"end":{"line":1,"column":54}},"1":{"start":{"line":2,"column":28},"end":{"line":2,"column":52}},"2":{"start":{"line":3,"column":25},"end":{"line":3,"column":46}},"3":{"start":{"line":6,"column":14},"end":{"line":6,"column":31}},"4":{"start":{"line":7,"column":13},"end":{"line":7,"column":15}},"5":{"start":{"line":8,"column":17},"end":{"line":8,"column":19}},"6":{"start":{"line":9,"column":2},"end":{"line":16,"column":null}},"7":{"start":{"line":10,"column":19},"end":{"line":10,"column":31}},"8":{"start":{"line":11,"column":4},"end":{"line":11,"column":null}},"9":{"start":{"line":12,"column":4},"end":{"line":12,"column":null}},"10":{"start":{"line":14,"column":4},"end":{"line":14,"column":null}},"11":{"start":{"line":15,"column":4},"end":{"line":15,"column":null}},"12":{"start":{"line":18,"column":2},"end":{"line":36,"column":null}},"13":{"start":{"line":40,"column":16},"end":{"line":49,"column":3}},"14":{"start":{"line":50,"column":2},"end":{"line":50,"column":null}},"15":{"start":{"line":51,"column":2},"end":{"line":51,"column":null}},"16":{"start":{"line":52,"column":2},"end":{"line":60,"column":null}},"17":{"start":{"line":61,"column":2},"end":{"line":61,"column":null}},"18":{"start":{"line":64,"column":0},"end":{"line":64,"column":null}}},"fnMap":{"0":{"name":"toCaptureEntry","decl":{"start":{"line":5,"column":9},"end":{"line":5,"column":23}},"loc":{"start":{"line":5,"column":51},"end":{"line":37,"column":null}},"line":5},"1":{"name":"proxyRequestToCapture","decl":{"start":{"line":39,"column":9},"end":{"line":39,"column":30}},"loc":{"start":{"line":39,"column":53},"end":{"line":62,"column":null}},"line":39}},"branchMap":{"0":{"loc":{"start":{"line":6,"column":14},"end":{"line":6,"column":31}},"type":"binary-expr","locations":[{"start":{"line":6,"column":14},"end":{"line":6,"column":25}},{"start":{"line":6,"column":29},"end":{"line":6,"column":31}}],"line":6},"1":{"loc":{"start":{"line":21,"column":12},"end":{"line":21,"column":35}},"type":"binary-expr","locations":[{"start":{"line":21,"column":12},"end":{"line":21,"column":26}},{"start":{"line":21,"column":30},"end":{"line":21,"column":35}}],"line":21},"2":{"loc":{"start":{"line":25,"column":36},"end":{"line":25,"column":57}},"type":"binary-expr","locations":[{"start":{"line":25,"column":36},"end":{"line":25,"column":51}},{"start":{"line":25,"column":55},"end":{"line":25,"column":57}}],"line":25},"3":{"loc":{"start":{"line":26,"column":30},"end":{"line":26,"column":52}},"type":"binary-expr","locations":[{"start":{"line":26,"column":30},"end":{"line":26,"column":46}},{"start":{"line":26,"column":50},"end":{"line":26,"column":52}}],"line":26},"4":{"loc":{"start":{"line":45,"column":15},"end":{"line":45,"column":32}},"type":"binary-expr","locations":[{"start":{"line":45,"column":15},"end":{"line":45,"column":26}},{"start":{"line":45,"column":30},"end":{"line":45,"column":32}}],"line":45},"5":{"loc":{"start":{"line":46,"column":16},"end":{"line":46,"column":null}},"type":"binary-expr","locations":[{"start":{"line":46,"column":16},"end":{"line":46,"column":24}},{"start":{"line":46,"column":28},"end":{"line":46,"column":null}}],"line":46},"6":{"loc":{"start":{"line":50,"column":29},"end":{"line":50,"column":70}},"type":"binary-expr","locations":[{"start":{"line":50,"column":29},"end":{"line":50,"column":56}},{"start":{"line":50,"column":60},"end":{"line":50,"column":70}}],"line":50},"7":{"loc":{"start":{"line":52,"column":14},"end":{"line":60,"column":10}},"type":"cond-expr","locations":[{"start":{"line":53,"column":6},"end":{"line":59,"column":null}},{"start":{"line":60,"column":6},"end":{"line":60,"column":10}}],"line":52},"8":{"loc":{"start":{"line":54,"column":18},"end":{"line":54,"column":41}},"type":"binary-expr","locations":[{"start":{"line":54,"column":18},"end":{"line":54,"column":30}},{"start":{"line":54,"column":34},"end":{"line":54,"column":41}}],"line":54},"9":{"loc":{"start":{"line":56,"column":21},"end":{"line":56,"column":52}},"type":"binary-expr","locations":[{"start":{"line":56,"column":21},"end":{"line":56,"column":46}},{"start":{"line":56,"column":50},"end":{"line":56,"column":52}}],"line":56}},"s":{"0":1,"1":1,"2":1,"3":4,"4":4,"5":4,"6":4,"7":4,"8":4,"9":4,"10":1,"11":1,"12":4,"13":1,"14":1,"15":1,"16":1,"17":1,"18":1},"f":{"0":4,"1":1},"b":{"0":[4,0],"1":[4,0],"2":[4,0],"3":[4,3],"4":[1,0],"5":[1,0],"6":[1,0],"7":[1,0],"8":[1,0],"9":[1,0]},"meta":{"lastBranch":10,"lastFunction":2,"lastStatement":19,"seen":{"s:1:28:1:54":0,"s:2:28:2:52":1,"s:3:25:3:46":2,"f:5:9:5:23":0,"s:6:14:6:31":3,"b:6:14:6:25:6:29:6:31":0,"s:7:13:7:15":4,"s:8:17:8:19":5,"s:9:2:16:Infinity":6,"s:10:19:10:31":7,"s:11:4:11:Infinity":8,"s:12:4:12:Infinity":9,"s:14:4:14:Infinity":10,"s:15:4:15:Infinity":11,"s:18:2:36:Infinity":12,"b:21:12:21:26:21:30:21:35":1,"b:25:36:25:51:25:55:25:57":2,"b:26:30:26:46:26:50:26:52":3,"f:39:9:39:30":1,"s:40:16:49:3":13,"b:45:15:45:26:45:30:45:32":4,"b:46:16:46:24:46:28:46:Infinity":5,"s:50:2:50:Infinity":14,"b:50:29:50:56:50:60:50:70":6,"s:51:2:51:Infinity":15,"s:52:2:60:Infinity":16,"b:53:6:59:Infinity:60:6:60:10":7,"b:54:18:54:30:54:34:54:41":8,"b:56:21:56:46:56:50:56:52":9,"s:61:2:61:Infinity":17,"s:64:0:64:Infinity":18}}}
,"/Users/thomaswhidden/Documents/Radar/shared/draft.cjs": {"path":"/Users/thomaswhidden/Documents/Radar/shared/draft.cjs","statementMap":{"0":{"start":{"line":1,"column":28},"end":{"line":1,"column":52}},"1":{"start":{"line":3,"column":24},"end":{"line":3,"column":31}},"2":{"start":{"line":6,"column":17},"end":{"line":6,"column":60}},"3":{"start":{"line":7,"column":18},"end":{"line":7,"column":54}},"4":{"start":{"line":8,"column":15},"end":{"line":8,"column":63}},"5":{"start":{"line":10,"column":2},"end":{"line":14,"column":null}},"6":{"start":{"line":11,"column":4},"end":{"line":13,"column":null}},"7":{"start":{"line":12,"column":6},"end":{"line":12,"column":null}},"8":{"start":{"line":16,"column":2},"end":{"line":21,"column":null}},"9":{"start":{"line":24,"column":0},"end":{"line":24,"column":null}}},"fnMap":{"0":{"name":"normalizeDraft","decl":{"start":{"line":5,"column":9},"end":{"line":5,"column":23}},"loc":{"start":{"line":5,"column":36},"end":{"line":22,"column":null}},"line":5}},"branchMap":{"0":{"loc":{"start":{"line":5,"column":24},"end":{"line":5,"column":34}},"type":"default-arg","locations":[{"start":{"line":5,"column":32},"end":{"line":5,"column":34}}],"line":5},"1":{"loc":{"start":{"line":6,"column":24},"end":{"line":6,"column":45}},"type":"binary-expr","locations":[{"start":{"line":6,"column":24},"end":{"line":6,"column":36}},{"start":{"line":6,"column":40},"end":{"line":6,"column":45}}],"line":6},"2":{"loc":{"start":{"line":7,"column":34},"end":{"line":7,"column":53}},"type":"binary-expr","locations":[{"start":{"line":7,"column":34},"end":{"line":7,"column":47}},{"start":{"line":7,"column":51},"end":{"line":7,"column":53}}],"line":7},"3":{"loc":{"start":{"line":8,"column":15},"end":{"line":8,"column":63}},"type":"cond-expr","locations":[{"start":{"line":8,"column":48},"end":{"line":8,"column":58}},{"start":{"line":8,"column":61},"end":{"line":8,"column":63}}],"line":8},"4":{"loc":{"start":{"line":11,"column":4},"end":{"line":13,"column":null}},"type":"if","locations":[{"start":{"line":11,"column":4},"end":{"line":13,"column":null}},{"start":{},"end":{}}],"line":11},"5":{"loc":{"start":{"line":18,"column":16},"end":{"line":18,"column":31}},"type":"binary-expr","locations":[{"start":{"line":18,"column":16},"end":{"line":18,"column":25}},{"start":{"line":18,"column":29},"end":{"line":18,"column":31}}],"line":18},"6":{"loc":{"start":{"line":20,"column":10},"end":{"line":20,"column":null}},"type":"cond-expr","locations":[{"start":{"line":20,"column":45},"end":{"line":20,"column":47}},{"start":{"line":20,"column":50},"end":{"line":20,"column":null}}],"line":20}},"s":{"0":1,"1":1,"2":4,"3":4,"4":4,"5":4,"6":3,"7":2,"8":4,"9":1},"f":{"0":4},"b":{"0":[4],"1":[4,0],"2":[4,3],"3":[4,0],"4":[2,1],"5":[4,3],"6":[2,2]},"meta":{"lastBranch":7,"lastFunction":1,"lastStatement":10,"seen":{"s:1:28:1:52":0,"s:3:24:3:31":1,"f:5:9:5:23":0,"b:5:32:5:34":0,"s:6:17:6:60":2,"b:6:24:6:36:6:40:6:45":1,"s:7:18:7:54":3,"b:7:34:7:47:7:51:7:53":2,"s:8:15:8:63":4,"b:8:48:8:58:8:61:8:63":3,"s:10:2:14:Infinity":5,"b:11:4:13:Infinity:undefined:undefined:undefined:undefined":4,"s:11:4:13:Infinity":6,"s:12:6:12:Infinity":7,"s:16:2:21:Infinity":8,"b:18:16:18:25:18:29:18:31":5,"b:20:45:20:47:20:50:20:Infinity":6,"s:24:0:24:Infinity":9}}}
,"/Users/thomaswhidden/Documents/Radar/shared/headers.cjs": {"path":"/Users/thomaswhidden/Documents/Radar/shared/headers.cjs","statementMap":{"0":{"start":{"line":2,"column":2},"end":{"line":2,"column":null}},"1":{"start":{"line":6,"column":18},"end":{"line":6,"column":44}},"2":{"start":{"line":7,"column":2},"end":{"line":9,"column":null}},"3":{"start":{"line":8,"column":4},"end":{"line":8,"column":null}},"4":{"start":{"line":11,"column":17},"end":{"line":11,"column":36}},"5":{"start":{"line":12,"column":2},"end":{"line":14,"column":null}},"6":{"start":{"line":13,"column":4},"end":{"line":13,"column":null}},"7":{"start":{"line":15,"column":2},"end":{"line":15,"column":null}},"8":{"start":{"line":15,"column":79},"end":{"line":15,"column":105}},"9":{"start":{"line":19,"column":2},"end":{"line":21,"column":null}},"10":{"start":{"line":20,"column":50},"end":{"line":20,"column":112}},"11":{"start":{"line":24,"column":0},"end":{"line":24,"column":null}}},"fnMap":{"0":{"name":"formatHeaders","decl":{"start":{"line":1,"column":9},"end":{"line":1,"column":22}},"loc":{"start":{"line":1,"column":32},"end":{"line":3,"column":null}},"line":1},"1":{"name":"parseHeaders","decl":{"start":{"line":5,"column":9},"end":{"line":5,"column":21}},"loc":{"start":{"line":5,"column":29},"end":{"line":16,"column":null}},"line":5},"2":{"name":"(anonymous_2)","decl":{"start":{"line":15,"column":55},"end":{"line":15,"column":56}},"loc":{"start":{"line":15,"column":79},"end":{"line":15,"column":105}},"line":15},"3":{"name":"safeJsonHeaders","decl":{"start":{"line":18,"column":9},"end":{"line":18,"column":24}},"loc":{"start":{"line":18,"column":39},"end":{"line":22,"column":null}},"line":18},"4":{"name":"(anonymous_4)","decl":{"start":{"line":20,"column":32},"end":{"line":20,"column":33}},"loc":{"start":{"line":20,"column":50},"end":{"line":20,"column":112}},"line":20}},"branchMap":{"0":{"loc":{"start":{"line":6,"column":25},"end":{"line":6,"column":36}},"type":"binary-expr","locations":[{"start":{"line":6,"column":25},"end":{"line":6,"column":30}},{"start":{"line":6,"column":34},"end":{"line":6,"column":36}}],"line":6},"1":{"loc":{"start":{"line":7,"column":2},"end":{"line":9,"column":null}},"type":"if","locations":[{"start":{"line":7,"column":2},"end":{"line":9,"column":null}},{"start":{},"end":{}}],"line":7},"2":{"loc":{"start":{"line":12,"column":2},"end":{"line":14,"column":null}},"type":"if","locations":[{"start":{"line":12,"column":2},"end":{"line":14,"column":null}},{"start":{},"end":{}}],"line":12},"3":{"loc":{"start":{"line":12,"column":6},"end":{"line":12,"column":68}},"type":"binary-expr","locations":[{"start":{"line":12,"column":6},"end":{"line":12,"column":13}},{"start":{"line":12,"column":17},"end":{"line":12,"column":43}},{"start":{"line":12,"column":47},"end":{"line":12,"column":68}}],"line":12},"4":{"loc":{"start":{"line":18,"column":25},"end":{"line":18,"column":37}},"type":"default-arg","locations":[{"start":{"line":18,"column":35},"end":{"line":18,"column":37}}],"line":18},"5":{"loc":{"start":{"line":20,"column":56},"end":{"line":20,"column":111}},"type":"cond-expr","locations":[{"start":{"line":20,"column":79},"end":{"line":20,"column":95}},{"start":{"line":20,"column":98},"end":{"line":20,"column":111}}],"line":20}},"s":{"0":1,"1":4,"2":4,"3":1,"4":3,"5":3,"6":2,"7":1,"8":1,"9":9,"10":6,"11":3},"f":{"0":1,"1":4,"2":1,"3":9,"4":6},"b":{"0":[4,1],"1":[1,3],"2":[2,1],"3":[3,3,2],"4":[9],"5":[1,5]},"meta":{"lastBranch":6,"lastFunction":5,"lastStatement":12,"seen":{"f:1:9:1:22":0,"s:2:2:2:Infinity":0,"f:5:9:5:21":1,"s:6:18:6:44":1,"b:6:25:6:30:6:34:6:36":0,"b:7:2:9:Infinity:undefined:undefined:undefined:undefined":1,"s:7:2:9:Infinity":2,"s:8:4:8:Infinity":3,"s:11:17:11:36":4,"b:12:2:14:Infinity:undefined:undefined:undefined:undefined":2,"s:12:2:14:Infinity":5,"b:12:6:12:13:12:17:12:43:12:47:12:68":3,"s:13:4:13:Infinity":6,"s:15:2:15:Infinity":7,"f:15:55:15:56":2,"s:15:79:15:105":8,"f:18:9:18:24":3,"b:18:35:18:37":4,"s:19:2:21:Infinity":9,"f:20:32:20:33":4,"s:20:50:20:112":10,"b:20:79:20:95:20:98:20:111":5,"s:24:0:24:Infinity":11}}}
,"/Users/thomaswhidden/Documents/Radar/shared/text.cjs": {"path":"/Users/thomaswhidden/Documents/Radar/shared/text.cjs","statementMap":{"0":{"start":{"line":1,"column":26},"end":{"line":1,"column":33}},"1":{"start":{"line":4,"column":2},"end":{"line":6,"column":null}},"2":{"start":{"line":5,"column":4},"end":{"line":5,"column":null}},"3":{"start":{"line":7,"column":15},"end":{"line":7,"column":28}},"4":{"start":{"line":8,"column":2},"end":{"line":8,"column":null}},"5":{"start":{"line":12,"column":2},"end":{"line":14,"column":null}},"6":{"start":{"line":13,"column":4},"end":{"line":13,"column":null}},"7":{"start":{"line":15,"column":2},"end":{"line":17,"column":null}},"8":{"start":{"line":16,"column":4},"end":{"line":16,"column":null}},"9":{"start":{"line":18,"column":2},"end":{"line":20,"column":null}},"10":{"start":{"line":19,"column":4},"end":{"line":19,"column":null}},"11":{"start":{"line":21,"column":2},"end":{"line":23,"column":null}},"12":{"start":{"line":22,"column":4},"end":{"line":22,"column":null}},"13":{"start":{"line":24,"column":2},"end":{"line":24,"column":null}},"14":{"start":{"line":28,"column":2},"end":{"line":28,"column":null}},"15":{"start":{"line":32,"column":2},"end":{"line":34,"column":null}},"16":{"start":{"line":33,"column":4},"end":{"line":33,"column":null}},"17":{"start":{"line":35,"column":2},"end":{"line":35,"column":null}},"18":{"start":{"line":39,"column":2},"end":{"line":41,"column":null}},"19":{"start":{"line":40,"column":4},"end":{"line":40,"column":null}},"20":{"start":{"line":42,"column":2},"end":{"line":44,"column":null}},"21":{"start":{"line":47,"column":0},"end":{"line":54,"column":null}}},"fnMap":{"0":{"name":"truncateText","decl":{"start":{"line":3,"column":9},"end":{"line":3,"column":21}},"loc":{"start":{"line":3,"column":56},"end":{"line":9,"column":null}},"line":3},"1":{"name":"statusTone","decl":{"start":{"line":11,"column":9},"end":{"line":11,"column":19}},"loc":{"start":{"line":11,"column":28},"end":{"line":25,"column":null}},"line":11},"2":{"name":"elapsed","decl":{"start":{"line":27,"column":9},"end":{"line":27,"column":16}},"loc":{"start":{"line":27,"column":24},"end":{"line":29,"column":null}},"line":27},"3":{"name":"bodyPreview","decl":{"start":{"line":31,"column":9},"end":{"line":31,"column":20}},"loc":{"start":{"line":31,"column":28},"end":{"line":36,"column":null}},"line":31},"4":{"name":"tlsLine","decl":{"start":{"line":38,"column":9},"end":{"line":38,"column":16}},"loc":{"start":{"line":38,"column":26},"end":{"line":45,"column":null}},"line":38}},"branchMap":{"0":{"loc":{"start":{"line":3,"column":29},"end":{"line":3,"column":54}},"type":"default-arg","locations":[{"start":{"line":3,"column":37},"end":{"line":3,"column":54}}],"line":3},"1":{"loc":{"start":{"line":4,"column":2},"end":{"line":6,"column":null}},"type":"if","locations":[{"start":{"line":4,"column":2},"end":{"line":6,"column":null}},{"start":{},"end":{}}],"line":4},"2":{"loc":{"start":{"line":8,"column":9},"end":{"line":8,"column":78}},"type":"cond-expr","locations":[{"start":{"line":8,"column":31},"end":{"line":8,"column":71}},{"start":{"line":8,"column":74},"end":{"line":8,"column":78}}],"line":8},"3":{"loc":{"start":{"line":12,"column":2},"end":{"line":14,"column":null}},"type":"if","locations":[{"start":{"line":12,"column":2},"end":{"line":14,"column":null}},{"start":{},"end":{}}],"line":12},"4":{"loc":{"start":{"line":15,"column":2},"end":{"line":17,"column":null}},"type":"if","locations":[{"start":{"line":15,"column":2},"end":{"line":17,"column":null}},{"start":{},"end":{}}],"line":15},"5":{"loc":{"start":{"line":18,"column":2},"end":{"line":20,"column":null}},"type":"if","locations":[{"start":{"line":18,"column":2},"end":{"line":20,"column":null}},{"start":{},"end":{}}],"line":18},"6":{"loc":{"start":{"line":21,"column":2},"end":{"line":23,"column":null}},"type":"if","locations":[{"start":{"line":21,"column":2},"end":{"line":23,"column":null}},{"start":{},"end":{}}],"line":21},"7":{"loc":{"start":{"line":28,"column":9},"end":{"line":28,"column":55}},"type":"cond-expr","locations":[{"start":{"line":28,"column":37},"end":{"line":28,"column":49}},{"start":{"line":28,"column":52},"end":{"line":28,"column":55}}],"line":28},"8":{"loc":{"start":{"line":32,"column":2},"end":{"line":34,"column":null}},"type":"if","locations":[{"start":{"line":32,"column":2},"end":{"line":34,"column":null}},{"start":{},"end":{}}],"line":32},"9":{"loc":{"start":{"line":35,"column":9},"end":{"line":35,"column":87}},"type":"cond-expr","locations":[{"start":{"line":35,"column":31},"end":{"line":35,"column":79}},{"start":{"line":35,"column":82},"end":{"line":35,"column":87}}],"line":35},"10":{"loc":{"start":{"line":39,"column":2},"end":{"line":41,"column":null}},"type":"if","locations":[{"start":{"line":39,"column":2},"end":{"line":41,"column":null}},{"start":{},"end":{}}],"line":39},"11":{"loc":{"start":{"line":42,"column":17},"end":{"line":42,"column":50}},"type":"binary-expr","locations":[{"start":{"line":42,"column":17},"end":{"line":42,"column":37}},{"start":{"line":42,"column":41},"end":{"line":42,"column":50}}],"line":42},"12":{"loc":{"start":{"line":42,"column":56},"end":{"line":42,"column":100}},"type":"binary-expr","locations":[{"start":{"line":42,"column":56},"end":{"line":42,"column":79}},{"start":{"line":42,"column":83},"end":{"line":42,"column":100}}],"line":42},"13":{"loc":{"start":{"line":43,"column":4},"end":{"line":43,"column":null}},"type":"binary-expr","locations":[{"start":{"line":43,"column":4},"end":{"line":43,"column":22}},{"start":{"line":43,"column":26},"end":{"line":43,"column":null}}],"line":43}},"s":{"0":2,"1":7,"2":4,"3":3,"4":3,"5":5,"6":1,"7":4,"8":1,"9":3,"10":1,"11":2,"12":1,"13":1,"14":2,"15":2,"16":0,"17":2,"18":3,"19":1,"20":2,"21":2},"f":{"0":7,"1":5,"2":2,"3":2,"4":3},"b":{"0":[7],"1":[4,3],"2":[1,2],"3":[1,4],"4":[1,3],"5":[1,2],"6":[1,1],"7":[1,2],"8":[0,2],"9":[1,2],"10":[1,2],"11":[2,1],"12":[3,1],"13":[3,1]},"meta":{"lastBranch":14,"lastFunction":5,"lastStatement":22,"seen":{"s:1:26:1:33":0,"f:3:9:3:21":0,"b:3:37:3:54":0,"b:4:2:6:Infinity:undefined:undefined:undefined:undefined":1,"s:4:2:6:Infinity":1,"s:5:4:5:Infinity":2,"s:7:15:7:28":3,"s:8:2:8:Infinity":4,"b:8:31:8:71:8:74:8:78":2,"f:11:9:11:19":1,"b:12:2:14:Infinity:undefined:undefined:undefined:undefined":3,"s:12:2:14:Infinity":5,"s:13:4:13:Infinity":6,"b:15:2:17:Infinity:undefined:undefined:undefined:undefined":4,"s:15:2:17:Infinity":7,"s:16:4:16:Infinity":8,"b:18:2:20:Infinity:undefined:undefined:undefined:undefined":5,"s:18:2:20:Infinity":9,"s:19:4:19:Infinity":10,"b:21:2:23:Infinity:undefined:undefined:undefined:undefined":6,"s:21:2:23:Infinity":11,"s:22:4:22:Infinity":12,"s:24:2:24:Infinity":13,"f:27:9:27:16":2,"s:28:2:28:Infinity":14,"b:28:37:28:49:28:52:28:55":7,"f:31:9:31:20":3,"b:32:2:34:Infinity:undefined:undefined:undefined:undefined":8,"s:32:2:34:Infinity":15,"s:33:4:33:Infinity":16,"s:35:2:35:Infinity":17,"b:35:31:35:79:35:82:35:87":9,"f:38:9:38:16":4,"b:39:2:41:Infinity:undefined:undefined:undefined:undefined":10,"s:39:2:41:Infinity":18,"s:40:4:40:Infinity":19,"s:42:2:44:Infinity":20,"b:42:17:42:37:42:41:42:50":11,"b:42:56:42:79:42:83:42:100":12,"b:43:4:43:22:43:26:43:Infinity":13,"s:47:0:54:Infinity":21}}}
,"/Users/thomaswhidden/Documents/Radar/shared/url.cjs": {"path":"/Users/thomaswhidden/Documents/Radar/shared/url.cjs","statementMap":{"0":{"start":{"line":1,"column":20},"end":{"line":1,"column":43}},"1":{"start":{"line":4,"column":18},"end":{"line":4,"column":44}},"2":{"start":{"line":5,"column":2},"end":{"line":7,"column":null}},"3":{"start":{"line":6,"column":4},"end":{"line":6,"column":null}},"4":{"start":{"line":8,"column":2},"end":{"line":8,"column":null}},"5":{"start":{"line":12,"column":2},"end":{"line":16,"column":null}},"6":{"start":{"line":13,"column":4},"end":{"line":13,"column":null}},"7":{"start":{"line":15,"column":4},"end":{"line":15,"column":null}},"8":{"start":{"line":19,"column":0},"end":{"line":19,"column":null}}},"fnMap":{"0":{"name":"normalizeUrl","decl":{"start":{"line":3,"column":9},"end":{"line":3,"column":21}},"loc":{"start":{"line":3,"column":29},"end":{"line":9,"column":null}},"line":3},"1":{"name":"originFromUrl","decl":{"start":{"line":11,"column":9},"end":{"line":11,"column":22}},"loc":{"start":{"line":11,"column":30},"end":{"line":17,"column":null}},"line":11}},"branchMap":{"0":{"loc":{"start":{"line":4,"column":25},"end":{"line":4,"column":36}},"type":"binary-expr","locations":[{"start":{"line":4,"column":25},"end":{"line":4,"column":30}},{"start":{"line":4,"column":34},"end":{"line":4,"column":36}}],"line":4},"1":{"loc":{"start":{"line":5,"column":2},"end":{"line":7,"column":null}},"type":"if","locations":[{"start":{"line":5,"column":2},"end":{"line":7,"column":null}},{"start":{},"end":{}}],"line":5},"2":{"loc":{"start":{"line":8,"column":9},"end":{"line":8,"column":71}},"type":"cond-expr","locations":[{"start":{"line":8,"column":41},"end":{"line":8,"column":48}},{"start":{"line":8,"column":51},"end":{"line":8,"column":71}}],"line":8}},"s":{"0":1,"1":9,"2":9,"3":2,"4":7,"5":3,"6":3,"7":1,"8":1},"f":{"0":9,"1":3},"b":{"0":[9,1],"1":[2,7],"2":[3,4]},"meta":{"lastBranch":3,"lastFunction":2,"lastStatement":9,"seen":{"s:1:20:1:43":0,"f:3:9:3:21":0,"s:4:18:4:44":1,"b:4:25:4:30:4:34:4:36":0,"b:5:2:7:Infinity:undefined:undefined:undefined:undefined":1,"s:5:2:7:Infinity":2,"s:6:4:6:Infinity":3,"s:8:2:8:Infinity":4,"b:8:41:8:48:8:51:8:71":2,"f:11:9:11:22":1,"s:12:2:16:Infinity":5,"s:13:4:13:Infinity":6,"s:15:4:15:Infinity":7,"s:19:0:19:Infinity":8}}}
,"/Users/thomaswhidden/Documents/Radar/src/lib/resultPreview.ts": {"path":"/Users/thomaswhidden/Documents/Radar/src/lib/resultPreview.ts","statementMap":{"0":{"start":{"line":4,"column":2},"end":{"line":6,"column":null}},"1":{"start":{"line":5,"column":4},"end":{"line":5,"column":null}},"2":{"start":{"line":8,"column":21},"end":{"line":8,"column":null}},"3":{"start":{"line":9,"column":2},"end":{"line":47,"column":null}},"4":{"start":{"line":11,"column":6},"end":{"line":19,"column":null}},"5":{"start":{"line":15,"column":50},"end":{"line":15,"column":61}},"6":{"start":{"line":18,"column":51},"end":{"line":18,"column":62}},"7":{"start":{"line":21,"column":6},"end":{"line":26,"column":null}},"8":{"start":{"line":24,"column":12},"end":{"line":24,"column":null}},"9":{"start":{"line":28,"column":6},"end":{"line":30,"column":null}},"10":{"start":{"line":29,"column":23},"end":{"line":29,"column":93}},"11":{"start":{"line":29,"column":66},"end":{"line":29,"column":79}},"12":{"start":{"line":32,"column":6},"end":{"line":40,"column":null}},"13":{"start":{"line":36,"column":49},"end":{"line":36,"column":59}},"14":{"start":{"line":39,"column":51},"end":{"line":39,"column":62}},"15":{"start":{"line":42,"column":6},"end":{"line":44,"column":null}},"16":{"start":{"line":43,"column":30},"end":{"line":43,"column":111}},"17":{"start":{"line":46,"column":6},"end":{"line":46,"column":null}}},"fnMap":{"0":{"name":"resultPreview","decl":{"start":{"line":3,"column":16},"end":{"line":3,"column":30}},"loc":{"start":{"line":3,"column":51},"end":{"line":48,"column":null}},"line":3},"1":{"name":"(anonymous_1)","decl":{"start":{"line":15,"column":40},"end":{"line":15,"column":41}},"loc":{"start":{"line":15,"column":50},"end":{"line":15,"column":61}},"line":15},"2":{"name":"(anonymous_2)","decl":{"start":{"line":18,"column":41},"end":{"line":18,"column":42}},"loc":{"start":{"line":18,"column":51},"end":{"line":18,"column":62}},"line":18},"3":{"name":"(anonymous_3)","decl":{"start":{"line":23,"column":10},"end":{"line":23,"column":11}},"loc":{"start":{"line":24,"column":12},"end":{"line":24,"column":null}},"line":24},"4":{"name":"(anonymous_4)","decl":{"start":{"line":29,"column":13},"end":{"line":29,"column":14}},"loc":{"start":{"line":29,"column":23},"end":{"line":29,"column":93}},"line":29},"5":{"name":"(anonymous_5)","decl":{"start":{"line":29,"column":56},"end":{"line":29,"column":57}},"loc":{"start":{"line":29,"column":66},"end":{"line":29,"column":79}},"line":29},"6":{"name":"(anonymous_6)","decl":{"start":{"line":36,"column":40},"end":{"line":36,"column":41}},"loc":{"start":{"line":36,"column":49},"end":{"line":36,"column":59}},"line":36},"7":{"name":"(anonymous_7)","decl":{"start":{"line":39,"column":41},"end":{"line":39,"column":42}},"loc":{"start":{"line":39,"column":51},"end":{"line":39,"column":62}},"line":39},"8":{"name":"(anonymous_8)","decl":{"start":{"line":43,"column":13},"end":{"line":43,"column":14}},"loc":{"start":{"line":43,"column":30},"end":{"line":43,"column":111}},"line":43}},"branchMap":{"0":{"loc":{"start":{"line":4,"column":2},"end":{"line":6,"column":null}},"type":"if","locations":[{"start":{"line":4,"column":2},"end":{"line":6,"column":null}},{"start":{},"end":{}}],"line":4},"1":{"loc":{"start":{"line":4,"column":6},"end":{"line":4,"column":36}},"type":"binary-expr","locations":[{"start":{"line":4,"column":6},"end":{"line":4,"column":20}},{"start":{"line":4,"column":20},"end":{"line":4,"column":36}}],"line":4},"2":{"loc":{"start":{"line":5,"column":11},"end":{"line":5,"column":null}},"type":"binary-expr","locations":[{"start":{"line":5,"column":11},"end":{"line":5,"column":27}},{"start":{"line":5,"column":27},"end":{"line":5,"column":null}}],"line":5},"3":{"loc":{"start":{"line":9,"column":2},"end":{"line":47,"column":null}},"type":"switch","locations":[{"start":{"line":10,"column":4},"end":{"line":19,"column":null}},{"start":{"line":20,"column":4},"end":{"line":26,"column":null}},{"start":{"line":27,"column":4},"end":{"line":30,"column":null}},{"start":{"line":31,"column":4},"end":{"line":40,"column":null}},{"start":{"line":41,"column":4},"end":{"line":44,"column":null}},{"start":{"line":45,"column":4},"end":{"line":46,"column":null}}],"line":9},"4":{"loc":{"start":{"line":43,"column":77},"end":{"line":43,"column":109}},"type":"cond-expr","locations":[{"start":{"line":43,"column":88},"end":{"line":43,"column":107}},{"start":{"line":43,"column":107},"end":{"line":43,"column":109}}],"line":43},"5":{"loc":{"start":{"line":46,"column":13},"end":{"line":46,"column":null}},"type":"binary-expr","locations":[{"start":{"line":46,"column":13},"end":{"line":46,"column":31}},{"start":{"line":46,"column":31},"end":{"line":46,"column":null}}],"line":46}},"s":{"0":7,"1":1,"2":6,"3":6,"4":1,"5":1,"6":1,"7":1,"8":1,"9":1,"10":1,"11":1,"12":1,"13":1,"14":1,"15":1,"16":1,"17":1},"f":{"0":7,"1":1,"2":1,"3":1,"4":1,"5":1,"6":1,"7":1,"8":1},"b":{"0":[1,6],"1":[7,6],"2":[1,0],"3":[6,1,1,1,1,1],"4":[1,0],"5":[1,0]},"meta":{"lastBranch":6,"lastFunction":9,"lastStatement":18,"seen":{"f:3:16:3:30":0,"b:4:2:6:Infinity:undefined:undefined:undefined:undefined":0,"s:4:2:6:Infinity":0,"b:4:6:4:20:4:20:4:36":1,"s:5:4:5:Infinity":1,"b:5:11:5:27:5:27:5:Infinity":2,"s:8:21:8:Infinity":2,"b:10:4:19:Infinity:20:4:26:Infinity:27:4:30:Infinity:31:4:40:Infinity:41:4:44:Infinity:45:4:46:Infinity":3,"s:9:2:47:Infinity":3,"s:11:6:19:Infinity":4,"f:15:40:15:41":1,"s:15:50:15:61":5,"f:18:41:18:42":2,"s:18:51:18:62":6,"s:21:6:26:Infinity":7,"f:23:10:23:11":3,"s:24:12:24:Infinity":8,"s:28:6:30:Infinity":9,"f:29:13:29:14":4,"s:29:23:29:93":10,"f:29:56:29:57":5,"s:29:66:29:79":11,"s:32:6:40:Infinity":12,"f:36:40:36:41":6,"s:36:49:36:59":13,"f:39:41:39:42":7,"s:39:51:39:62":14,"s:42:6:44:Infinity":15,"f:43:13:43:14":8,"s:43:30:43:111":16,"b:43:88:43:107:43:107:43:109":4,"s:46:6:46:Infinity":17,"b:46:13:46:31:46:31:46:Infinity":5}}}
}
