{"/Users/thomaswhidden/Documents/Radar/electron/ai/audit.ts": {"path":"/Users/thomaswhidden/Documents/Radar/electron/ai/audit.ts","statementMap":{"0":{"start":{"line":3,"column":33},"end":{"line":3,"column":null}},"1":{"start":{"line":6,"column":2},"end":{"line":6,"column":null}},"2":{"start":{"line":7,"column":2},"end":{"line":7,"column":null}},"3":{"start":{"line":8,"column":2},"end":{"line":8,"column":null}},"4":{"start":{"line":12,"column":2},"end":{"line":12,"column":null}},"5":{"start":{"line":16,"column":2},"end":{"line":16,"column":null}}},"fnMap":{"0":{"name":"pushAudit","decl":{"start":{"line":5,"column":16},"end":{"line":5,"column":26}},"loc":{"start":{"line":5,"column":47},"end":{"line":9,"column":null}},"line":5},"1":{"name":"snapshotAudit","decl":{"start":{"line":11,"column":16},"end":{"line":11,"column":32}},"loc":{"start":{"line":11,"column":32},"end":{"line":13,"column":null}},"line":11},"2":{"name":"clearAudit","decl":{"start":{"line":15,"column":16},"end":{"line":15,"column":29}},"loc":{"start":{"line":15,"column":29},"end":{"line":17,"column":null}},"line":15}},"branchMap":{},"s":{"0":2,"1":109,"2":109,"3":109,"4":5,"5":11},"f":{"0":109,"1":5,"2":11},"b":{},"meta":{"lastBranch":0,"lastFunction":3,"lastStatement":6,"seen":{"s:3:33:3:Infinity":0,"f:5:16:5:26":0,"s:6:2:6:Infinity":1,"s:7:2:7:Infinity":2,"s:8:2:8:Infinity":3,"f:11:16:11:32":1,"s:12:2:12:Infinity":4,"f:15:16:15:29":2,"s:16:2:16:Infinity":5}}}
,"/Users/thomaswhidden/Documents/Radar/electron/ai/connect.ts": {"path":"/Users/thomaswhidden/Documents/Radar/electron/ai/connect.ts","statementMap":{"0":{"start":{"line":12,"column":64},"end":{"line":28,"column":null}},"1":{"start":{"line":31,"column":2},"end":{"line":36,"column":null}},"2":{"start":{"line":32,"column":18},"end":{"line":32,"column":null}},"3":{"start":{"line":33,"column":4},"end":{"line":35,"column":null}},"4":{"start":{"line":34,"column":6},"end":{"line":34,"column":null}},"5":{"start":{"line":37,"column":2},"end":{"line":37,"column":null}},"6":{"start":{"line":41,"column":17},"end":{"line":41,"column":null}},"7":{"start":{"line":42,"column":2},"end":{"line":44,"column":null}},"8":{"start":{"line":43,"column":4},"end":{"line":43,"column":null}},"9":{"start":{"line":46,"column":18},"end":{"line":46,"column":null}},"10":{"start":{"line":47,"column":17},"end":{"line":47,"column":null}},"11":{"start":{"line":49,"column":4},"end":{"line":51,"column":null}},"12":{"start":{"line":53,"column":2},"end":{"line":61,"column":null}},"13":{"start":{"line":65,"column":8},"end":{"line":65,"column":null}},"14":{"start":{"line":66,"column":2},"end":{"line":68,"column":null}},"15":{"start":{"line":67,"column":4},"end":{"line":67,"column":null}},"16":{"start":{"line":70,"column":2},"end":{"line":72,"column":null}},"17":{"start":{"line":71,"column":4},"end":{"line":71,"column":null}},"18":{"start":{"line":74,"column":42},"end":{"line":76,"column":null}},"19":{"start":{"line":77,"column":2},"end":{"line":79,"column":null}},"20":{"start":{"line":78,"column":4},"end":{"line":78,"column":null}},"21":{"start":{"line":81,"column":20},"end":{"line":81,"column":null}},"22":{"start":{"line":82,"column":20},"end":{"line":82,"column":null}},"23":{"start":{"line":84,"column":2},"end":{"line":97,"column":null}},"24":{"start":{"line":85,"column":4},"end":{"line":96,"column":null}},"25":{"start":{"line":86,"column":23},"end":{"line":90,"column":null}},"26":{"start":{"line":91,"column":6},"end":{"line":93,"column":null}},"27":{"start":{"line":92,"column":8},"end":{"line":92,"column":null}},"28":{"start":{"line":99,"column":2},"end":{"line":105,"column":null}},"29":{"start":{"line":109,"column":19},"end":{"line":109,"column":null}},"30":{"start":{"line":110,"column":2},"end":{"line":122,"column":null}}},"fnMap":{"0":{"name":"firstEnv","decl":{"start":{"line":30,"column":9},"end":{"line":30,"column":18}},"loc":{"start":{"line":30,"column":34},"end":{"line":38,"column":null}},"line":30},"1":{"name":"resolvePreset","decl":{"start":{"line":40,"column":16},"end":{"line":40,"column":30}},"loc":{"start":{"line":40,"column":117},"end":{"line":62,"column":null}},"line":40},"2":{"name":"probeSettings","decl":{"start":{"line":64,"column":22},"end":{"line":64,"column":36}},"loc":{"start":{"line":64,"column":66},"end":{"line":106,"column":null}},"line":64},"3":{"name":"applyConnectPreset","decl":{"start":{"line":108,"column":16},"end":{"line":108,"column":35}},"loc":{"start":{"line":108,"column":116},"end":{"line":123,"column":null}},"line":108}},"branchMap":{"0":{"loc":{"start":{"line":33,"column":4},"end":{"line":35,"column":null}},"type":"if","locations":[{"start":{"line":33,"column":4},"end":{"line":35,"column":null}},{"start":{},"end":{}}],"line":33},"1":{"loc":{"start":{"line":40,"column":42},"end":{"line":40,"column":59}},"type":"default-arg","locations":[{"start":{"line":40,"column":56},"end":{"line":40,"column":59}}],"line":40},"2":{"loc":{"start":{"line":42,"column":2},"end":{"line":44,"column":null}},"type":"if","locations":[{"start":{"line":42,"column":2},"end":{"line":44,"column":null}},{"start":{},"end":{}}],"line":42},"3":{"loc":{"start":{"line":47,"column":17},"end":{"line":47,"column":null}},"type":"binary-expr","locations":[{"start":{"line":47,"column":17},"end":{"line":47,"column":35}},{"start":{"line":47,"column":35},"end":{"line":47,"column":50}},{"start":{"line":47,"column":50},"end":{"line":47,"column":75}},{"start":{"line":47,"column":75},"end":{"line":47,"column":null}}],"line":47},"4":{"loc":{"start":{"line":49,"column":4},"end":{"line":51,"column":null}},"type":"cond-expr","locations":[{"start":{"line":49,"column":17},"end":{"line":50,"column":null}},{"start":{"line":51,"column":8},"end":{"line":51,"column":null}}],"line":49},"5":{"loc":{"start":{"line":50,"column":9},"end":{"line":50,"column":93}},"type":"binary-expr","locations":[{"start":{"line":50,"column":9},"end":{"line":50,"column":41}},{"start":{"line":50,"column":41},"end":{"line":50,"column":77}},{"start":{"line":50,"column":77},"end":{"line":50,"column":93}}],"line":50},"6":{"loc":{"start":{"line":60,"column":18},"end":{"line":60,"column":null}},"type":"cond-expr","locations":[{"start":{"line":60,"column":28},"end":{"line":60,"column":42}},{"start":{"line":60,"column":42},"end":{"line":60,"column":null}}],"line":60},"7":{"loc":{"start":{"line":60,"column":42},"end":{"line":60,"column":null}},"type":"cond-expr","locations":[{"start":{"line":60,"column":56},"end":{"line":60,"column":66}},{"start":{"line":60,"column":66},"end":{"line":60,"column":null}}],"line":60},"8":{"loc":{"start":{"line":60,"column":66},"end":{"line":60,"column":null}},"type":"cond-expr","locations":[{"start":{"line":60,"column":90},"end":{"line":60,"column":100}},{"start":{"line":60,"column":100},"end":{"line":60,"column":null}}],"line":60},"9":{"loc":{"start":{"line":65,"column":16},"end":{"line":65,"column":40}},"type":"binary-expr","locations":[{"start":{"line":65,"column":16},"end":{"line":65,"column":36}},{"start":{"line":65,"column":36},"end":{"line":65,"column":40}}],"line":65},"10":{"loc":{"start":{"line":66,"column":2},"end":{"line":68,"column":null}},"type":"if","locations":[{"start":{"line":66,"column":2},"end":{"line":68,"column":null}},{"start":{},"end":{}}],"line":66},"11":{"loc":{"start":{"line":70,"column":2},"end":{"line":72,"column":null}},"type":"if","locations":[{"start":{"line":70,"column":2},"end":{"line":72,"column":null}},{"start":{},"end":{}}],"line":70},"12":{"loc":{"start":{"line":70,"column":6},"end":{"line":70,"column":77}},"type":"binary-expr","locations":[{"start":{"line":70,"column":6},"end":{"line":70,"column":34}},{"start":{"line":70,"column":34},"end":{"line":70,"column":77}}],"line":70},"13":{"loc":{"start":{"line":77,"column":2},"end":{"line":79,"column":null}},"type":"if","locations":[{"start":{"line":77,"column":2},"end":{"line":79,"column":null}},{"start":{},"end":{}}],"line":77},"14":{"loc":{"start":{"line":81,"column":20},"end":{"line":81,"column":null}},"type":"cond-expr","locations":[{"start":{"line":81,"column":43},"end":{"line":81,"column":83}},{"start":{"line":81,"column":83},"end":{"line":81,"column":null}}],"line":81},"15":{"loc":{"start":{"line":82,"column":20},"end":{"line":82,"column":null}},"type":"cond-expr","locations":[{"start":{"line":82,"column":43},"end":{"line":82,"column":62}},{"start":{"line":82,"column":62},"end":{"line":82,"column":null}}],"line":82},"16":{"loc":{"start":{"line":91,"column":6},"end":{"line":93,"column":null}},"type":"if","locations":[{"start":{"line":91,"column":6},"end":{"line":93,"column":null}},{"start":{},"end":{}}],"line":91},"17":{"loc":{"start":{"line":102,"column":6},"end":{"line":104,"column":null}},"type":"cond-expr","locations":[{"start":{"line":103,"column":10},"end":{"line":103,"column":null}},{"start":{"line":104,"column":10},"end":{"line":104,"column":null}}],"line":102}},"s":{"0":2,"1":7,"2":13,"3":13,"4":1,"5":6,"6":8,"7":8,"8":1,"9":7,"10":7,"11":8,"12":8,"13":5,"14":5,"15":1,"16":4,"17":1,"18":3,"19":3,"20":3,"21":3,"22":5,"23":5,"24":4,"25":4,"26":4,"27":2,"28":1,"29":2,"30":2},"f":{"0":7,"1":8,"2":5,"3":2},"b":{"0":[1,12],"1":[8],"2":[1,7],"3":[7,6,5,1],"4":[4,3],"5":[4,3,3],"6":[1,6],"7":[1,5],"8":[4,1],"9":[5,1],"10":[1,4],"11":[1,3],"12":[4,1],"13":[3,0],"14":[3,0],"15":[3,0],"16":[2,2],"17":[0,1]},"meta":{"lastBranch":18,"lastFunction":4,"lastStatement":31,"seen":{"s:12:64:28:Infinity":0,"f:30:9:30:18":0,"s:31:2:36:Infinity":1,"s:32:18:32:Infinity":2,"b:33:4:35:Infinity:undefined:undefined:undefined:undefined":0,"s:33:4:35:Infinity":3,"s:34:6:34:Infinity":4,"s:37:2:37:Infinity":5,"f:40:16:40:30":1,"b:40:56:40:59":1,"s:41:17:41:Infinity":6,"b:42:2:44:Infinity:undefined:undefined:undefined:undefined":2,"s:42:2:44:Infinity":7,"s:43:4:43:Infinity":8,"s:46:18:46:Infinity":9,"s:47:17:47:Infinity":10,"b:47:17:47:35:47:35:47:50:47:50:47:75:47:75:47:Infinity":3,"s:49:4:51:Infinity":11,"b:49:17:50:Infinity:51:8:51:Infinity":4,"b:50:9:50:41:50:41:50:77:50:77:50:93":5,"s:53:2:61:Infinity":12,"b:60:28:60:42:60:42:60:Infinity":6,"b:60:56:60:66:60:66:60:Infinity":7,"b:60:90:60:100:60:100:60:Infinity":8,"f:64:22:64:36":2,"s:65:8:65:Infinity":13,"b:65:16:65:36:65:36:65:40":9,"b:66:2:68:Infinity:undefined:undefined:undefined:undefined":10,"s:66:2:68:Infinity":14,"s:67:4:67:Infinity":15,"b:70:2:72:Infinity:undefined:undefined:undefined:undefined":11,"s:70:2:72:Infinity":16,"b:70:6:70:34:70:34:70:77":12,"s:71:4:71:Infinity":17,"s:74:42:76:Infinity":18,"b:77:2:79:Infinity:undefined:undefined:undefined:undefined":13,"s:77:2:79:Infinity":19,"s:78:4:78:Infinity":20,"s:81:20:81:Infinity":21,"b:81:43:81:83:81:83:81:Infinity":14,"s:82:20:82:Infinity":22,"b:82:43:82:62:82:62:82:Infinity":15,"s:84:2:97:Infinity":23,"s:85:4:96:Infinity":24,"s:86:23:90:Infinity":25,"b:91:6:93:Infinity:undefined:undefined:undefined:undefined":16,"s:91:6:93:Infinity":26,"s:92:8:92:Infinity":27,"s:99:2:105:Infinity":28,"b:103:10:103:Infinity:104:10:104:Infinity":17,"f:108:16:108:35":3,"s:109:19:109:Infinity":29,"s:110:2:122:Infinity":30}}}
,"/Users/thomaswhidden/Documents/Radar/electron/ai/context.ts": {"path":"/Users/thomaswhidden/Documents/Radar/electron/ai/context.ts","statementMap":{"0":{"start":{"line":3,"column":26},"end":{"line":10,"column":null}},"1":{"start":{"line":13,"column":2},"end":{"line":13,"column":null}},"2":{"start":{"line":16,"column":39},"end":{"line":16,"column":null}},"3":{"start":{"line":17,"column":2},"end":{"line":23,"column":null}},"4":{"start":{"line":18,"column":4},"end":{"line":22,"column":null}},"5":{"start":{"line":19,"column":6},"end":{"line":19,"column":null}},"6":{"start":{"line":21,"column":6},"end":{"line":21,"column":null}},"7":{"start":{"line":24,"column":2},"end":{"line":24,"column":null}},"8":{"start":{"line":28,"column":2},"end":{"line":30,"column":null}},"9":{"start":{"line":29,"column":4},"end":{"line":29,"column":null}},"10":{"start":{"line":31,"column":2},"end":{"line":31,"column":null}},"11":{"start":{"line":35,"column":21},"end":{"line":35,"column":null}},"12":{"start":{"line":36,"column":21},"end":{"line":36,"column":null}},"13":{"start":{"line":37,"column":18},"end":{"line":37,"column":null}},"14":{"start":{"line":38,"column":18},"end":{"line":38,"column":null}},"15":{"start":{"line":40,"column":14},"end":{"line":42,"column":null}},"16":{"start":{"line":44,"column":2},"end":{"line":58,"column":null}},"17":{"start":{"line":72,"column":17},"end":{"line":72,"column":null}},"18":{"start":{"line":72,"column":43},"end":{"line":72,"column":77}},"19":{"start":{"line":73,"column":17},"end":{"line":79,"column":null}},"20":{"start":{"line":81,"column":2},"end":{"line":81,"column":null}}},"fnMap":{"0":{"name":"redactHeaders","decl":{"start":{"line":15,"column":9},"end":{"line":15,"column":23}},"loc":{"start":{"line":15,"column":56},"end":{"line":25,"column":null}},"line":15},"1":{"name":"redactBody","decl":{"start":{"line":27,"column":9},"end":{"line":27,"column":20}},"loc":{"start":{"line":27,"column":34},"end":{"line":32,"column":null}},"line":27},"2":{"name":"formatCapture","decl":{"start":{"line":34,"column":9},"end":{"line":34,"column":23}},"loc":{"start":{"line":34,"column":70},"end":{"line":59,"column":null}},"line":34},"3":{"name":"buildContextPayload","decl":{"start":{"line":61,"column":16},"end":{"line":61,"column":36}},"loc":{"start":{"line":71,"column":3},"end":{"line":82,"column":null}},"line":71},"4":{"name":"(anonymous_4)","decl":{"start":{"line":72,"column":30},"end":{"line":72,"column":31}},"loc":{"start":{"line":72,"column":43},"end":{"line":72,"column":77}},"line":72}},"branchMap":{"0":{"loc":{"start":{"line":17,"column":44},"end":{"line":17,"column":57}},"type":"binary-expr","locations":[{"start":{"line":17,"column":44},"end":{"line":17,"column":55}},{"start":{"line":17,"column":55},"end":{"line":17,"column":57}}],"line":17},"1":{"loc":{"start":{"line":18,"column":4},"end":{"line":22,"column":null}},"type":"if","locations":[{"start":{"line":18,"column":4},"end":{"line":22,"column":null}},{"start":{"line":20,"column":11},"end":{"line":22,"column":null}}],"line":18},"2":{"loc":{"start":{"line":28,"column":2},"end":{"line":30,"column":null}},"type":"if","locations":[{"start":{"line":28,"column":2},"end":{"line":30,"column":null}},{"start":{},"end":{}}],"line":28},"3":{"loc":{"start":{"line":35,"column":21},"end":{"line":35,"column":null}},"type":"cond-expr","locations":[{"start":{"line":35,"column":34},"end":{"line":35,"column":59}},{"start":{"line":35,"column":59},"end":{"line":35,"column":null}}],"line":35},"4":{"loc":{"start":{"line":36,"column":21},"end":{"line":36,"column":null}},"type":"cond-expr","locations":[{"start":{"line":36,"column":34},"end":{"line":36,"column":60}},{"start":{"line":36,"column":60},"end":{"line":36,"column":null}}],"line":36},"5":{"loc":{"start":{"line":37,"column":18},"end":{"line":37,"column":null}},"type":"cond-expr","locations":[{"start":{"line":37,"column":31},"end":{"line":37,"column":53}},{"start":{"line":37,"column":53},"end":{"line":37,"column":null}}],"line":37},"6":{"loc":{"start":{"line":38,"column":18},"end":{"line":38,"column":null}},"type":"cond-expr","locations":[{"start":{"line":38,"column":31},"end":{"line":38,"column":54}},{"start":{"line":38,"column":54},"end":{"line":38,"column":null}}],"line":38},"7":{"loc":{"start":{"line":40,"column":14},"end":{"line":42,"column":null}},"type":"cond-expr","locations":[{"start":{"line":41,"column":6},"end":{"line":41,"column":null}},{"start":{"line":42,"column":6},"end":{"line":42,"column":null}}],"line":40},"8":{"loc":{"start":{"line":41,"column":14},"end":{"line":41,"column":41}},"type":"binary-expr","locations":[{"start":{"line":41,"column":14},"end":{"line":41,"column":38}},{"start":{"line":41,"column":38},"end":{"line":41,"column":41}}],"line":41},"9":{"loc":{"start":{"line":41,"column":47},"end":{"line":41,"column":77}},"type":"binary-expr","locations":[{"start":{"line":41,"column":47},"end":{"line":41,"column":74}},{"start":{"line":41,"column":74},"end":{"line":41,"column":77}}],"line":41},"10":{"loc":{"start":{"line":41,"column":83},"end":{"line":41,"column":108}},"type":"binary-expr","locations":[{"start":{"line":41,"column":83},"end":{"line":41,"column":105}},{"start":{"line":41,"column":105},"end":{"line":41,"column":108}}],"line":41},"11":{"loc":{"start":{"line":47,"column":15},"end":{"line":47,"column":42}},"type":"binary-expr","locations":[{"start":{"line":47,"column":15},"end":{"line":47,"column":33}},{"start":{"line":47,"column":33},"end":{"line":47,"column":42}}],"line":47},"12":{"loc":{"start":{"line":47,"column":46},"end":{"line":47,"column":70}},"type":"binary-expr","locations":[{"start":{"line":47,"column":46},"end":{"line":47,"column":68}},{"start":{"line":47,"column":68},"end":{"line":47,"column":70}}],"line":47},"13":{"loc":{"start":{"line":48,"column":17},"end":{"line":48,"column":42}},"type":"binary-expr","locations":[{"start":{"line":48,"column":17},"end":{"line":48,"column":39}},{"start":{"line":48,"column":39},"end":{"line":48,"column":42}}],"line":48},"14":{"loc":{"start":{"line":53,"column":4},"end":{"line":53,"column":null}},"type":"binary-expr","locations":[{"start":{"line":53,"column":4},"end":{"line":53,"column":15}},{"start":{"line":53,"column":15},"end":{"line":53,"column":null}}],"line":53},"15":{"loc":{"start":{"line":57,"column":4},"end":{"line":57,"column":null}},"type":"binary-expr","locations":[{"start":{"line":57,"column":4},"end":{"line":57,"column":15}},{"start":{"line":57,"column":15},"end":{"line":57,"column":null}}],"line":57},"16":{"loc":{"start":{"line":75,"column":18},"end":{"line":75,"column":48}},"type":"binary-expr","locations":[{"start":{"line":75,"column":18},"end":{"line":75,"column":40}},{"start":{"line":75,"column":40},"end":{"line":75,"column":48}}],"line":75},"17":{"loc":{"start":{"line":76,"column":20},"end":{"line":76,"column":42}},"type":"binary-expr","locations":[{"start":{"line":76,"column":20},"end":{"line":76,"column":34}},{"start":{"line":76,"column":34},"end":{"line":76,"column":42}}],"line":76},"18":{"loc":{"start":{"line":77,"column":17},"end":{"line":77,"column":42}},"type":"cond-expr","locations":[{"start":{"line":77,"column":30},"end":{"line":77,"column":37}},{"start":{"line":77,"column":37},"end":{"line":77,"column":42}}],"line":77}},"s":{"0":2,"1":2,"2":9,"3":9,"4":5,"5":3,"6":2,"7":9,"8":10,"9":7,"10":3,"11":5,"12":5,"13":5,"14":5,"15":5,"16":5,"17":5,"18":5,"19":5,"20":5},"f":{"0":9,"1":10,"2":5,"3":5,"4":5},"b":{"0":[9,0],"1":[3,2],"2":[7,3],"3":[1,4],"4":[1,4],"5":[1,4],"6":[1,4],"7":[2,3],"8":[2,0],"9":[2,0],"10":[2,0],"11":[5,0],"12":[5,0],"13":[5,0],"14":[5,3],"15":[5,3],"16":[5,2],"17":[5,3],"18":[1,4]},"meta":{"lastBranch":19,"lastFunction":5,"lastStatement":21,"seen":{"s:3:26:10:Infinity":0,"s:13:2:13:Infinity":1,"f:15:9:15:23":0,"s:16:39:16:Infinity":2,"s:17:2:23:Infinity":3,"b:17:44:17:55:17:55:17:57":0,"b:18:4:22:Infinity:20:11:22:Infinity":1,"s:18:4:22:Infinity":4,"s:19:6:19:Infinity":5,"s:21:6:21:Infinity":6,"s:24:2:24:Infinity":7,"f:27:9:27:20":1,"b:28:2:30:Infinity:undefined:undefined:undefined:undefined":2,"s:28:2:30:Infinity":8,"s:29:4:29:Infinity":9,"s:31:2:31:Infinity":10,"f:34:9:34:23":2,"s:35:21:35:Infinity":11,"b:35:34:35:59:35:59:35:Infinity":3,"s:36:21:36:Infinity":12,"b:36:34:36:60:36:60:36:Infinity":4,"s:37:18:37:Infinity":13,"b:37:31:37:53:37:53:37:Infinity":5,"s:38:18:38:Infinity":14,"b:38:31:38:54:38:54:38:Infinity":6,"s:40:14:42:Infinity":15,"b:41:6:41:Infinity:42:6:42:Infinity":7,"b:41:14:41:38:41:38:41:41":8,"b:41:47:41:74:41:74:41:77":9,"b:41:83:41:105:41:105:41:108":10,"s:44:2:58:Infinity":16,"b:47:15:47:33:47:33:47:42":11,"b:47:46:47:68:47:68:47:70":12,"b:48:17:48:39:48:39:48:42":13,"b:53:4:53:15:53:15:53:Infinity":14,"b:57:4:57:15:57:15:57:Infinity":15,"f:61:16:61:36":3,"s:72:17:72:Infinity":17,"f:72:30:72:31":4,"s:72:43:72:77":18,"s:73:17:79:Infinity":19,"b:75:18:75:40:75:40:75:48":16,"b:76:20:76:34:76:34:76:42":17,"b:77:30:77:37:77:37:77:42":18,"s:81:2:81:Infinity":20}}}
,"/Users/thomaswhidden/Documents/Radar/electron/ai/index.ts": {"path":"/Users/thomaswhidden/Documents/Radar/electron/ai/index.ts","statementMap":{"0":{"start":{"line":11,"column":14},"end":{"line":11,"column":null}},"1":{"start":{"line":12,"column":2},"end":{"line":14,"column":null}},"2":{"start":{"line":13,"column":4},"end":{"line":13,"column":null}},"3":{"start":{"line":15,"column":2},"end":{"line":15,"column":null}},"4":{"start":{"line":15,"column":25},"end":{"line":15,"column":44}},"5":{"start":{"line":15,"column":90},"end":{"line":15,"column":104}},"6":{"start":{"line":31,"column":19},"end":{"line":31,"column":null}},"7":{"start":{"line":32,"column":2},"end":{"line":40,"column":null}},"8":{"start":{"line":33,"column":4},"end":{"line":39,"column":null}},"9":{"start":{"line":42,"column":8},"end":{"line":47,"column":null}},"10":{"start":{"line":49,"column":2},"end":{"line":54,"column":null}},"11":{"start":{"line":70,"column":15},"end":{"line":70,"column":null}},"12":{"start":{"line":71,"column":21},"end":{"line":71,"column":null}},"13":{"start":{"line":72,"column":19},"end":{"line":72,"column":null}},"14":{"start":{"line":74,"column":2},"end":{"line":76,"column":null}},"15":{"start":{"line":75,"column":4},"end":{"line":75,"column":null}},"16":{"start":{"line":77,"column":2},"end":{"line":79,"column":null}},"17":{"start":{"line":78,"column":4},"end":{"line":78,"column":null}},"18":{"start":{"line":81,"column":8},"end":{"line":81,"column":null}},"19":{"start":{"line":82,"column":8},"end":{"line":87,"column":null}},"20":{"start":{"line":89,"column":20},"end":{"line":89,"column":null}},"21":{"start":{"line":90,"column":2},"end":{"line":92,"column":null}},"22":{"start":{"line":91,"column":4},"end":{"line":91,"column":null}},"23":{"start":{"line":94,"column":22},"end":{"line":94,"column":null}},"24":{"start":{"line":95,"column":8},"end":{"line":95,"column":null}},"25":{"start":{"line":96,"column":18},"end":{"line":96,"column":null}},"26":{"start":{"line":97,"column":20},"end":{"line":106,"column":null}},"27":{"start":{"line":103,"column":42},"end":{"line":103,"column":52}},"28":{"start":{"line":108,"column":2},"end":{"line":136,"column":null}},"29":{"start":{"line":109,"column":29},"end":{"line":109,"column":null}},"30":{"start":{"line":110,"column":10},"end":{"line":110,"column":null}},"31":{"start":{"line":111,"column":10},"end":{"line":115,"column":null}},"32":{"start":{"line":117,"column":4},"end":{"line":122,"column":null}},"33":{"start":{"line":124,"column":20},"end":{"line":124,"column":null}},"34":{"start":{"line":125,"column":10},"end":{"line":130,"column":null}},"35":{"start":{"line":131,"column":4},"end":{"line":135,"column":null}},"36":{"start":{"line":146,"column":8},"end":{"line":146,"column":null}},"37":{"start":{"line":147,"column":8},"end":{"line":147,"column":null}},"38":{"start":{"line":148,"column":8},"end":{"line":148,"column":null}},"39":{"start":{"line":149,"column":16},"end":{"line":149,"column":null}},"40":{"start":{"line":150,"column":2},"end":{"line":154,"column":null}}},"fnMap":{"0":{"name":"resolveCaptures","decl":{"start":{"line":10,"column":9},"end":{"line":10,"column":25}},"loc":{"start":{"line":10,"column":90},"end":{"line":16,"column":null}},"line":10},"1":{"name":"(anonymous_1)","decl":{"start":{"line":15,"column":17},"end":{"line":15,"column":18}},"loc":{"start":{"line":15,"column":25},"end":{"line":15,"column":44}},"line":15},"2":{"name":"(anonymous_2)","decl":{"start":{"line":15,"column":53},"end":{"line":15,"column":54}},"loc":{"start":{"line":15,"column":90},"end":{"line":15,"column":104}},"line":15},"3":{"name":"previewContext","decl":{"start":{"line":18,"column":16},"end":{"line":18,"column":31}},"loc":{"start":{"line":30,"column":3},"end":{"line":55,"column":null}},"line":30},"4":{"name":"runAiTask","decl":{"start":{"line":57,"column":22},"end":{"line":57,"column":32}},"loc":{"start":{"line":69,"column":25},"end":{"line":137,"column":null}},"line":69},"5":{"name":"(anonymous_5)","decl":{"start":{"line":103,"column":29},"end":{"line":103,"column":30}},"loc":{"start":{"line":103,"column":42},"end":{"line":103,"column":52}},"line":103},"6":{"name":"connectPreset","decl":{"start":{"line":139,"column":22},"end":{"line":139,"column":36}},"loc":{"start":{"line":145,"column":3},"end":{"line":155,"column":null}},"line":145}},"branchMap":{"0":{"loc":{"start":{"line":11,"column":14},"end":{"line":11,"column":null}},"type":"cond-expr","locations":[{"start":{"line":11,"column":42},"end":{"line":11,"column":71}},{"start":{"line":11,"column":71},"end":{"line":11,"column":null}}],"line":11},"1":{"loc":{"start":{"line":12,"column":2},"end":{"line":14,"column":null}},"type":"if","locations":[{"start":{"line":12,"column":2},"end":{"line":14,"column":null}},{"start":{},"end":{}}],"line":12},"2":{"loc":{"start":{"line":32,"column":2},"end":{"line":40,"column":null}},"type":"if","locations":[{"start":{"line":32,"column":2},"end":{"line":40,"column":null}},{"start":{},"end":{}}],"line":32},"3":{"loc":{"start":{"line":72,"column":48},"end":{"line":72,"column":72}},"type":"binary-expr","locations":[{"start":{"line":72,"column":48},"end":{"line":72,"column":70}},{"start":{"line":72,"column":70},"end":{"line":72,"column":72}}],"line":72},"4":{"loc":{"start":{"line":74,"column":2},"end":{"line":76,"column":null}},"type":"if","locations":[{"start":{"line":74,"column":2},"end":{"line":76,"column":null}},{"start":{},"end":{}}],"line":74},"5":{"loc":{"start":{"line":77,"column":2},"end":{"line":79,"column":null}},"type":"if","locations":[{"start":{"line":77,"column":2},"end":{"line":79,"column":null}},{"start":{},"end":{}}],"line":77},"6":{"loc":{"start":{"line":90,"column":2},"end":{"line":92,"column":null}},"type":"if","locations":[{"start":{"line":90,"column":2},"end":{"line":92,"column":null}},{"start":{},"end":{}}],"line":90},"7":{"loc":{"start":{"line":124,"column":20},"end":{"line":124,"column":null}},"type":"cond-expr","locations":[{"start":{"line":124,"column":45},"end":{"line":124,"column":61}},{"start":{"line":124,"column":61},"end":{"line":124,"column":null}}],"line":124}},"s":{"0":6,"1":6,"2":2,"3":4,"4":4,"5":4,"6":2,"7":2,"8":1,"9":1,"10":1,"11":4,"12":4,"13":4,"14":4,"15":1,"16":3,"17":1,"18":2,"19":2,"20":2,"21":2,"22":1,"23":2,"24":2,"25":2,"26":2,"27":2,"28":2,"29":2,"30":1,"31":1,"32":1,"33":1,"34":1,"35":1,"36":1,"37":1,"38":1,"39":1,"40":1},"f":{"0":6,"1":4,"2":4,"3":2,"4":4,"5":2,"6":1},"b":{"0":[6,0],"1":[2,4],"2":[1,1],"3":[4,0],"4":[1,3],"5":[1,2],"6":[1,1],"7":[1,0]},"meta":{"lastBranch":8,"lastFunction":7,"lastStatement":41,"seen":{"f:10:9:10:25":0,"s:11:14:11:Infinity":0,"b:11:42:11:71:11:71:11:Infinity":0,"b:12:2:14:Infinity:undefined:undefined:undefined:undefined":1,"s:12:2:14:Infinity":1,"s:13:4:13:Infinity":2,"s:15:2:15:Infinity":3,"f:15:17:15:18":1,"s:15:25:15:44":4,"f:15:53:15:54":2,"s:15:90:15:104":5,"f:18:16:18:31":3,"s:31:19:31:Infinity":6,"b:32:2:40:Infinity:undefined:undefined:undefined:undefined":2,"s:32:2:40:Infinity":7,"s:33:4:39:Infinity":8,"s:42:8:47:Infinity":9,"s:49:2:54:Infinity":10,"f:57:22:57:32":4,"s:70:15:70:Infinity":11,"s:71:21:71:Infinity":12,"s:72:19:72:Infinity":13,"b:72:48:72:70:72:70:72:72":3,"b:74:2:76:Infinity:undefined:undefined:undefined:undefined":4,"s:74:2:76:Infinity":14,"s:75:4:75:Infinity":15,"b:77:2:79:Infinity:undefined:undefined:undefined:undefined":5,"s:77:2:79:Infinity":16,"s:78:4:78:Infinity":17,"s:81:8:81:Infinity":18,"s:82:8:87:Infinity":19,"s:89:20:89:Infinity":20,"b:90:2:92:Infinity:undefined:undefined:undefined:undefined":6,"s:90:2:92:Infinity":21,"s:91:4:91:Infinity":22,"s:94:22:94:Infinity":23,"s:95:8:95:Infinity":24,"s:96:18:96:Infinity":25,"s:97:20:106:Infinity":26,"f:103:29:103:30":5,"s:103:42:103:52":27,"s:108:2:136:Infinity":28,"s:109:29:109:Infinity":29,"s:110:10:110:Infinity":30,"s:111:10:115:Infinity":31,"s:117:4:122:Infinity":32,"s:124:20:124:Infinity":33,"b:124:45:124:61:124:61:124:Infinity":7,"s:125:10:130:Infinity":34,"s:131:4:135:Infinity":35,"f:139:22:139:36":6,"s:146:8:146:Infinity":36,"s:147:8:147:Infinity":37,"s:148:8:148:Infinity":38,"s:149:16:149:Infinity":39,"s:150:2:154:Infinity":40}}}
,"/Users/thomaswhidden/Documents/Radar/electron/ai/providers.ts": {"path":"/Users/thomaswhidden/Documents/Radar/electron/ai/providers.ts","statementMap":{"0":{"start":{"line":4,"column":18},"end":{"line":4,"column":null}},"1":{"start":{"line":5,"column":16},"end":{"line":5,"column":null}},"2":{"start":{"line":6,"column":20},"end":{"line":6,"column":null}},"3":{"start":{"line":7,"column":16},"end":{"line":7,"column":null}},"4":{"start":{"line":8,"column":14},"end":{"line":8,"column":null}},"5":{"start":{"line":9,"column":2},"end":{"line":11,"column":null}},"6":{"start":{"line":10,"column":4},"end":{"line":10,"column":null}},"7":{"start":{"line":12,"column":2},"end":{"line":12,"column":null}},"8":{"start":{"line":28,"column":8},"end":{"line":28,"column":null}},"9":{"start":{"line":29,"column":19},"end":{"line":44,"column":null}},"10":{"start":{"line":46,"column":2},"end":{"line":49,"column":null}},"11":{"start":{"line":47,"column":19},"end":{"line":47,"column":null}},"12":{"start":{"line":48,"column":4},"end":{"line":48,"column":null}},"13":{"start":{"line":51,"column":19},"end":{"line":51,"column":null}},"14":{"start":{"line":54,"column":18},"end":{"line":54,"column":null}},"15":{"start":{"line":55,"column":2},"end":{"line":57,"column":null}},"16":{"start":{"line":56,"column":4},"end":{"line":56,"column":null}},"17":{"start":{"line":58,"column":2},"end":{"line":58,"column":null}},"18":{"start":{"line":72,"column":19},"end":{"line":86,"column":null}},"19":{"start":{"line":88,"column":2},"end":{"line":91,"column":null}},"20":{"start":{"line":89,"column":19},"end":{"line":89,"column":null}},"21":{"start":{"line":90,"column":4},"end":{"line":90,"column":null}},"22":{"start":{"line":93,"column":19},"end":{"line":93,"column":null}},"23":{"start":{"line":96,"column":16},"end":{"line":96,"column":null}},"24":{"start":{"line":96,"column":49},"end":{"line":96,"column":69}},"25":{"start":{"line":97,"column":18},"end":{"line":97,"column":null}},"26":{"start":{"line":98,"column":2},"end":{"line":100,"column":null}},"27":{"start":{"line":99,"column":4},"end":{"line":99,"column":null}},"28":{"start":{"line":101,"column":2},"end":{"line":101,"column":null}},"29":{"start":{"line":113,"column":2},"end":{"line":115,"column":null}},"30":{"start":{"line":114,"column":4},"end":{"line":114,"column":null}},"31":{"start":{"line":117,"column":2},"end":{"line":124,"column":null}},"32":{"start":{"line":118,"column":4},"end":{"line":123,"column":null}},"33":{"start":{"line":127,"column":4},"end":{"line":127,"column":null}},"34":{"start":{"line":129,"column":2},"end":{"line":135,"column":null}},"35":{"start":{"line":139,"column":2},"end":{"line":221,"column":null}},"36":{"start":{"line":141,"column":6},"end":{"line":148,"column":null}},"37":{"start":{"line":150,"column":21},"end":{"line":150,"column":null}},"38":{"start":{"line":151,"column":6},"end":{"line":177,"column":null}},"39":{"start":{"line":155,"column":26},"end":{"line":155,"column":null}},"40":{"start":{"line":156,"column":30},"end":{"line":156,"column":null}},"41":{"start":{"line":157,"column":12},"end":{"line":174,"column":null}},"42":{"start":{"line":166,"column":107},"end":{"line":169,"column":25}},"43":{"start":{"line":180,"column":20},"end":{"line":180,"column":null}},"44":{"start":{"line":181,"column":6},"end":{"line":192,"column":null}},"45":{"start":{"line":185,"column":26},"end":{"line":185,"column":null}},"46":{"start":{"line":186,"column":12},"end":{"line":189,"column":null}},"47":{"start":{"line":195,"column":6},"end":{"line":202,"column":null}},"48":{"start":{"line":204,"column":20},"end":{"line":204,"column":null}},"49":{"start":{"line":205,"column":6},"end":{"line":217,"column":null}},"50":{"start":{"line":209,"column":25},"end":{"line":209,"column":null}},"51":{"start":{"line":210,"column":12},"end":{"line":214,"column":null}},"52":{"start":{"line":220,"column":6},"end":{"line":220,"column":null}}},"fnMap":{"0":{"name":"extractJson","decl":{"start":{"line":3,"column":9},"end":{"line":3,"column":21}},"loc":{"start":{"line":3,"column":35},"end":{"line":13,"column":null}},"line":3},"1":{"name":"callOpenAi","decl":{"start":{"line":15,"column":15},"end":{"line":15,"column":26}},"loc":{"start":{"line":27,"column":3},"end":{"line":59,"column":null}},"line":27},"2":{"name":"callAnthropic","decl":{"start":{"line":61,"column":15},"end":{"line":61,"column":29}},"loc":{"start":{"line":71,"column":3},"end":{"line":102,"column":null}},"line":71},"3":{"name":"(anonymous_3)","decl":{"start":{"line":96,"column":39},"end":{"line":96,"column":40}},"loc":{"start":{"line":96,"column":49},"end":{"line":96,"column":69}},"line":96},"4":{"name":"complete","decl":{"start":{"line":104,"column":22},"end":{"line":104,"column":31}},"loc":{"start":{"line":112,"column":3},"end":{"line":136,"column":null}},"line":112},"5":{"name":"normalizeOutput","decl":{"start":{"line":138,"column":16},"end":{"line":138,"column":32}},"loc":{"start":{"line":138,"column":97},"end":{"line":222,"column":null}},"line":138},"6":{"name":"(anonymous_6)","decl":{"start":{"line":154,"column":29},"end":{"line":154,"column":30}},"loc":{"start":{"line":154,"column":39},"end":{"line":175,"column":11}},"line":154},"7":{"name":"(anonymous_7)","decl":{"start":{"line":166,"column":89},"end":{"line":166,"column":90}},"loc":{"start":{"line":166,"column":107},"end":{"line":169,"column":25}},"line":166},"8":{"name":"(anonymous_8)","decl":{"start":{"line":184,"column":27},"end":{"line":184,"column":28}},"loc":{"start":{"line":184,"column":37},"end":{"line":190,"column":11}},"line":184},"9":{"name":"(anonymous_9)","decl":{"start":{"line":208,"column":27},"end":{"line":208,"column":28}},"loc":{"start":{"line":208,"column":37},"end":{"line":215,"column":11}},"line":208}},"branchMap":{"0":{"loc":{"start":{"line":4,"column":25},"end":{"line":4,"column":35}},"type":"binary-expr","locations":[{"start":{"line":4,"column":25},"end":{"line":4,"column":33}},{"start":{"line":4,"column":33},"end":{"line":4,"column":35}}],"line":4},"1":{"loc":{"start":{"line":6,"column":20},"end":{"line":6,"column":null}},"type":"cond-expr","locations":[{"start":{"line":6,"column":28},"end":{"line":6,"column":46}},{"start":{"line":6,"column":46},"end":{"line":6,"column":null}}],"line":6},"2":{"loc":{"start":{"line":9,"column":2},"end":{"line":11,"column":null}},"type":"if","locations":[{"start":{"line":9,"column":2},"end":{"line":11,"column":null}},{"start":{},"end":{}}],"line":9},"3":{"loc":{"start":{"line":9,"column":6},"end":{"line":9,"column":34}},"type":"binary-expr","locations":[{"start":{"line":9,"column":6},"end":{"line":9,"column":22}},{"start":{"line":9,"column":22},"end":{"line":9,"column":34}}],"line":9},"4":{"loc":{"start":{"line":28,"column":16},"end":{"line":28,"column":56}},"type":"binary-expr","locations":[{"start":{"line":28,"column":16},"end":{"line":28,"column":27}},{"start":{"line":28,"column":27},"end":{"line":28,"column":56}}],"line":28},"5":{"loc":{"start":{"line":46,"column":2},"end":{"line":49,"column":null}},"type":"if","locations":[{"start":{"line":46,"column":2},"end":{"line":49,"column":null}},{"start":{},"end":{}}],"line":46},"6":{"loc":{"start":{"line":48,"column":20},"end":{"line":48,"column":85}},"type":"binary-expr","locations":[{"start":{"line":48,"column":20},"end":{"line":48,"column":30}},{"start":{"line":48,"column":30},"end":{"line":48,"column":85}}],"line":48},"7":{"loc":{"start":{"line":55,"column":2},"end":{"line":57,"column":null}},"type":"if","locations":[{"start":{"line":55,"column":2},"end":{"line":57,"column":null}},{"start":{},"end":{}}],"line":55},"8":{"loc":{"start":{"line":88,"column":2},"end":{"line":91,"column":null}},"type":"if","locations":[{"start":{"line":88,"column":2},"end":{"line":91,"column":null}},{"start":{},"end":{}}],"line":88},"9":{"loc":{"start":{"line":90,"column":20},"end":{"line":90,"column":77}},"type":"binary-expr","locations":[{"start":{"line":90,"column":20},"end":{"line":90,"column":30}},{"start":{"line":90,"column":30},"end":{"line":90,"column":77}}],"line":90},"10":{"loc":{"start":{"line":98,"column":2},"end":{"line":100,"column":null}},"type":"if","locations":[{"start":{"line":98,"column":2},"end":{"line":100,"column":null}},{"start":{},"end":{}}],"line":98},"11":{"loc":{"start":{"line":113,"column":2},"end":{"line":115,"column":null}},"type":"if","locations":[{"start":{"line":113,"column":2},"end":{"line":115,"column":null}},{"start":{},"end":{}}],"line":113},"12":{"loc":{"start":{"line":117,"column":2},"end":{"line":124,"column":null}},"type":"if","locations":[{"start":{"line":117,"column":2},"end":{"line":124,"column":null}},{"start":{},"end":{}}],"line":117},"13":{"loc":{"start":{"line":127,"column":4},"end":{"line":127,"column":null}},"type":"cond-expr","locations":[{"start":{"line":127,"column":48},"end":{"line":127,"column":67}},{"start":{"line":127,"column":67},"end":{"line":127,"column":null}}],"line":127},"14":{"loc":{"start":{"line":139,"column":2},"end":{"line":221,"column":null}},"type":"switch","locations":[{"start":{"line":140,"column":4},"end":{"line":148,"column":null}},{"start":{"line":149,"column":4},"end":{"line":178,"column":null}},{"start":{"line":179,"column":4},"end":{"line":193,"column":null}},{"start":{"line":194,"column":4},"end":{"line":202,"column":null}},{"start":{"line":203,"column":4},"end":{"line":218,"column":null}},{"start":{"line":219,"column":4},"end":{"line":220,"column":null}}],"line":139},"15":{"loc":{"start":{"line":144,"column":26},"end":{"line":144,"column":46}},"type":"binary-expr","locations":[{"start":{"line":144,"column":26},"end":{"line":144,"column":44}},{"start":{"line":144,"column":44},"end":{"line":144,"column":46}}],"line":144},"16":{"loc":{"start":{"line":145,"column":24},"end":{"line":145,"column":null}},"type":"cond-expr","locations":[{"start":{"line":145,"column":61},"end":{"line":145,"column":95}},{"start":{"line":145,"column":95},"end":{"line":145,"column":null}}],"line":145},"17":{"loc":{"start":{"line":146,"column":25},"end":{"line":146,"column":null}},"type":"cond-expr","locations":[{"start":{"line":146,"column":63},"end":{"line":146,"column":98}},{"start":{"line":146,"column":98},"end":{"line":146,"column":null}}],"line":146},"18":{"loc":{"start":{"line":150,"column":21},"end":{"line":150,"column":null}},"type":"cond-expr","locations":[{"start":{"line":150,"column":52},"end":{"line":150,"column":68}},{"start":{"line":150,"column":68},"end":{"line":150,"column":null}}],"line":150},"19":{"loc":{"start":{"line":158,"column":28},"end":{"line":158,"column":50}},"type":"binary-expr","locations":[{"start":{"line":158,"column":28},"end":{"line":158,"column":43}},{"start":{"line":158,"column":43},"end":{"line":158,"column":50}}],"line":158},"20":{"loc":{"start":{"line":159,"column":32},"end":{"line":159,"column":53}},"type":"binary-expr","locations":[{"start":{"line":159,"column":32},"end":{"line":159,"column":51}},{"start":{"line":159,"column":51},"end":{"line":159,"column":53}}],"line":159},"21":{"loc":{"start":{"line":161,"column":31},"end":{"line":161,"column":57}},"type":"binary-expr","locations":[{"start":{"line":161,"column":31},"end":{"line":161,"column":52}},{"start":{"line":161,"column":52},"end":{"line":161,"column":57}}],"line":161},"22":{"loc":{"start":{"line":162,"column":28},"end":{"line":162,"column":48}},"type":"binary-expr","locations":[{"start":{"line":162,"column":28},"end":{"line":162,"column":46}},{"start":{"line":162,"column":46},"end":{"line":162,"column":48}}],"line":162},"23":{"loc":{"start":{"line":164,"column":18},"end":{"line":171,"column":null}},"type":"cond-expr","locations":[{"start":{"line":165,"column":22},"end":{"line":170,"column":null}},{"start":{"line":171,"column":22},"end":{"line":171,"column":null}}],"line":164},"24":{"loc":{"start":{"line":164,"column":18},"end":{"line":164,"column":null}},"type":"binary-expr","locations":[{"start":{"line":164,"column":18},"end":{"line":164,"column":40}},{"start":{"line":164,"column":40},"end":{"line":164,"column":null}}],"line":164},"25":{"loc":{"start":{"line":172,"column":29},"end":{"line":172,"column":50}},"type":"binary-expr","locations":[{"start":{"line":172,"column":29},"end":{"line":172,"column":48}},{"start":{"line":172,"column":48},"end":{"line":172,"column":50}}],"line":172},"26":{"loc":{"start":{"line":180,"column":20},"end":{"line":180,"column":null}},"type":"cond-expr","locations":[{"start":{"line":180,"column":50},"end":{"line":180,"column":65}},{"start":{"line":180,"column":65},"end":{"line":180,"column":null}}],"line":180},"27":{"loc":{"start":{"line":187,"column":28},"end":{"line":187,"column":45}},"type":"binary-expr","locations":[{"start":{"line":187,"column":28},"end":{"line":187,"column":43}},{"start":{"line":187,"column":43},"end":{"line":187,"column":45}}],"line":187},"28":{"loc":{"start":{"line":188,"column":21},"end":{"line":188,"column":null}},"type":"cond-expr","locations":[{"start":{"line":188,"column":50},"end":{"line":188,"column":76}},{"start":{"line":188,"column":76},"end":{"line":188,"column":null}}],"line":188},"29":{"loc":{"start":{"line":198,"column":24},"end":{"line":198,"column":42}},"type":"binary-expr","locations":[{"start":{"line":198,"column":24},"end":{"line":198,"column":40}},{"start":{"line":198,"column":40},"end":{"line":198,"column":42}}],"line":198},"30":{"loc":{"start":{"line":199,"column":24},"end":{"line":199,"column":null}},"type":"cond-expr","locations":[{"start":{"line":199,"column":61},"end":{"line":199,"column":95}},{"start":{"line":199,"column":95},"end":{"line":199,"column":null}}],"line":199},"31":{"loc":{"start":{"line":200,"column":25},"end":{"line":200,"column":null}},"type":"cond-expr","locations":[{"start":{"line":200,"column":63},"end":{"line":200,"column":98}},{"start":{"line":200,"column":98},"end":{"line":200,"column":null}}],"line":200},"32":{"loc":{"start":{"line":204,"column":20},"end":{"line":204,"column":null}},"type":"cond-expr","locations":[{"start":{"line":204,"column":50},"end":{"line":204,"column":65}},{"start":{"line":204,"column":65},"end":{"line":204,"column":null}}],"line":204},"33":{"loc":{"start":{"line":211,"column":28},"end":{"line":211,"column":44}},"type":"binary-expr","locations":[{"start":{"line":211,"column":28},"end":{"line":211,"column":42}},{"start":{"line":211,"column":42},"end":{"line":211,"column":44}}],"line":211},"34":{"loc":{"start":{"line":212,"column":22},"end":{"line":212,"column":null}},"type":"cond-expr","locations":[{"start":{"line":212,"column":51},"end":{"line":212,"column":64}},{"start":{"line":212,"column":64},"end":{"line":212,"column":null}}],"line":212},"35":{"loc":{"start":{"line":213,"column":19},"end":{"line":213,"column":null}},"type":"cond-expr","locations":[{"start":{"line":213,"column":30},"end":{"line":213,"column":49}},{"start":{"line":213,"column":49},"end":{"line":213,"column":null}}],"line":213}},"s":{"0":6,"1":6,"2":6,"3":6,"4":6,"5":6,"6":1,"7":5,"8":4,"9":4,"10":4,"11":1,"12":1,"13":3,"14":3,"15":4,"16":1,"17":2,"18":3,"19":3,"20":1,"21":1,"22":2,"23":2,"24":1,"25":3,"26":3,"27":1,"28":1,"29":9,"30":2,"31":7,"32":3,"33":4,"34":9,"35":12,"36":2,"37":3,"38":3,"39":2,"40":2,"41":2,"42":1,"43":2,"44":2,"45":1,"46":1,"47":2,"48":2,"49":2,"50":2,"51":2,"52":1},"f":{"0":6,"1":4,"2":3,"3":1,"4":9,"5":12,"6":2,"7":1,"8":1,"9":2},"b":{"0":[6,0],"1":[1,5],"2":[1,5],"3":[6,5],"4":[4,0],"5":[1,3],"6":[1,0],"7":[1,3],"8":[1,2],"9":[1,0],"10":[1,2],"11":[2,7],"12":[3,4],"13":[2,2],"14":[2,3,2,2,2,1],"15":[2,0],"16":[2,0],"17":[2,0],"18":[2,1],"19":[2,1],"20":[2,1],"21":[2,1],"22":[2,1],"23":[1,1],"24":[2,1],"25":[2,1],"26":[1,1],"27":[1,0],"28":[1,0],"29":[2,1],"30":[1,1],"31":[1,1],"32":[2,0],"33":[2,0],"34":[1,1],"35":[1,1]},"meta":{"lastBranch":36,"lastFunction":10,"lastStatement":53,"seen":{"f:3:9:3:21":0,"s:4:18:4:Infinity":0,"b:4:25:4:33:4:33:4:35":0,"s:5:16:5:Infinity":1,"s:6:20:6:Infinity":2,"b:6:28:6:46:6:46:6:Infinity":1,"s:7:16:7:Infinity":3,"s:8:14:8:Infinity":4,"b:9:2:11:Infinity:undefined:undefined:undefined:undefined":2,"s:9:2:11:Infinity":5,"b:9:6:9:22:9:22:9:34":3,"s:10:4:10:Infinity":6,"s:12:2:12:Infinity":7,"f:15:15:15:26":1,"s:28:8:28:Infinity":8,"b:28:16:28:27:28:27:28:56":4,"s:29:19:44:Infinity":9,"b:46:2:49:Infinity:undefined:undefined:undefined:undefined":5,"s:46:2:49:Infinity":10,"s:47:19:47:Infinity":11,"s:48:4:48:Infinity":12,"b:48:20:48:30:48:30:48:85":6,"s:51:19:51:Infinity":13,"s:54:18:54:Infinity":14,"b:55:2:57:Infinity:undefined:undefined:undefined:undefined":7,"s:55:2:57:Infinity":15,"s:56:4:56:Infinity":16,"s:58:2:58:Infinity":17,"f:61:15:61:29":2,"s:72:19:86:Infinity":18,"b:88:2:91:Infinity:undefined:undefined:undefined:undefined":8,"s:88:2:91:Infinity":19,"s:89:19:89:Infinity":20,"s:90:4:90:Infinity":21,"b:90:20:90:30:90:30:90:77":9,"s:93:19:93:Infinity":22,"s:96:16:96:Infinity":23,"f:96:39:96:40":3,"s:96:49:96:69":24,"s:97:18:97:Infinity":25,"b:98:2:100:Infinity:undefined:undefined:undefined:undefined":10,"s:98:2:100:Infinity":26,"s:99:4:99:Infinity":27,"s:101:2:101:Infinity":28,"f:104:22:104:31":4,"b:113:2:115:Infinity:undefined:undefined:undefined:undefined":11,"s:113:2:115:Infinity":29,"s:114:4:114:Infinity":30,"b:117:2:124:Infinity:undefined:undefined:undefined:undefined":12,"s:117:2:124:Infinity":31,"s:118:4:123:Infinity":32,"s:127:4:127:Infinity":33,"b:127:48:127:67:127:67:127:Infinity":13,"s:129:2:135:Infinity":34,"f:138:16:138:32":5,"b:140:4:148:Infinity:149:4:178:Infinity:179:4:193:Infinity:194:4:202:Infinity:203:4:218:Infinity:219:4:220:Infinity":14,"s:139:2:221:Infinity":35,"s:141:6:148:Infinity":36,"b:144:26:144:44:144:44:144:46":15,"b:145:61:145:95:145:95:145:Infinity":16,"b:146:63:146:98:146:98:146:Infinity":17,"s:150:21:150:Infinity":37,"b:150:52:150:68:150:68:150:Infinity":18,"s:151:6:177:Infinity":38,"f:154:29:154:30":6,"s:155:26:155:Infinity":39,"s:156:30:156:Infinity":40,"s:157:12:174:Infinity":41,"b:158:28:158:43:158:43:158:50":19,"b:159:32:159:51:159:51:159:53":20,"b:161:31:161:52:161:52:161:57":21,"b:162:28:162:46:162:46:162:48":22,"b:165:22:170:Infinity:171:22:171:Infinity":23,"b:164:18:164:40:164:40:164:Infinity":24,"f:166:89:166:90":7,"s:166:107:169:25":42,"b:172:29:172:48:172:48:172:50":25,"s:180:20:180:Infinity":43,"b:180:50:180:65:180:65:180:Infinity":26,"s:181:6:192:Infinity":44,"f:184:27:184:28":8,"s:185:26:185:Infinity":45,"s:186:12:189:Infinity":46,"b:187:28:187:43:187:43:187:45":27,"b:188:50:188:76:188:76:188:Infinity":28,"s:195:6:202:Infinity":47,"b:198:24:198:40:198:40:198:42":29,"b:199:61:199:95:199:95:199:Infinity":30,"b:200:63:200:98:200:98:200:Infinity":31,"s:204:20:204:Infinity":48,"b:204:50:204:65:204:65:204:Infinity":32,"s:205:6:217:Infinity":49,"f:208:27:208:28":9,"s:209:25:209:Infinity":50,"s:210:12:214:Infinity":51,"b:211:28:211:42:211:42:211:44":33,"b:212:51:212:64:212:64:212:Infinity":34,"b:213:30:213:49:213:49:213:Infinity":35,"s:220:6:220:Infinity":52}}}
,"/Users/thomaswhidden/Documents/Radar/electron/ai/settings.ts": {"path":"/Users/thomaswhidden/Documents/Radar/electron/ai/settings.ts","statementMap":{"0":{"start":{"line":5,"column":44},"end":{"line":10,"column":null}},"1":{"start":{"line":13,"column":2},"end":{"line":13,"column":null}},"2":{"start":{"line":17,"column":15},"end":{"line":17,"column":null}},"3":{"start":{"line":18,"column":2},"end":{"line":24,"column":null}},"4":{"start":{"line":19,"column":16},"end":{"line":19,"column":null}},"5":{"start":{"line":20,"column":19},"end":{"line":20,"column":null}},"6":{"start":{"line":21,"column":4},"end":{"line":21,"column":null}},"7":{"start":{"line":23,"column":4},"end":{"line":23,"column":null}},"8":{"start":{"line":28,"column":15},"end":{"line":28,"column":null}},"9":{"start":{"line":29,"column":27},"end":{"line":34,"column":null}},"10":{"start":{"line":35,"column":2},"end":{"line":35,"column":null}},"11":{"start":{"line":36,"column":2},"end":{"line":36,"column":null}},"12":{"start":{"line":37,"column":2},"end":{"line":37,"column":null}}},"fnMap":{"0":{"name":"settingsPath","decl":{"start":{"line":12,"column":9},"end":{"line":12,"column":22}},"loc":{"start":{"line":12,"column":44},"end":{"line":14,"column":null}},"line":12},"1":{"name":"loadSettings","decl":{"start":{"line":16,"column":16},"end":{"line":16,"column":29}},"loc":{"start":{"line":16,"column":63},"end":{"line":25,"column":null}},"line":16},"2":{"name":"saveSettings","decl":{"start":{"line":27,"column":16},"end":{"line":27,"column":29}},"loc":{"start":{"line":27,"column":94},"end":{"line":38,"column":null}},"line":27}},"branchMap":{"0":{"loc":{"start":{"line":30,"column":14},"end":{"line":30,"column":null}},"type":"binary-expr","locations":[{"start":{"line":30,"column":14},"end":{"line":30,"column":35}},{"start":{"line":30,"column":35},"end":{"line":30,"column":null}}],"line":30},"1":{"loc":{"start":{"line":31,"column":18},"end":{"line":31,"column":58}},"type":"binary-expr","locations":[{"start":{"line":31,"column":18},"end":{"line":31,"column":36}},{"start":{"line":31,"column":36},"end":{"line":31,"column":58}}],"line":31},"2":{"loc":{"start":{"line":32,"column":19},"end":{"line":32,"column":40}},"type":"binary-expr","locations":[{"start":{"line":32,"column":19},"end":{"line":32,"column":38}},{"start":{"line":32,"column":38},"end":{"line":32,"column":40}}],"line":32},"3":{"loc":{"start":{"line":33,"column":20},"end":{"line":33,"column":64}},"type":"binary-expr","locations":[{"start":{"line":33,"column":20},"end":{"line":33,"column":40}},{"start":{"line":33,"column":40},"end":{"line":33,"column":64}}],"line":33}},"s":{"0":2,"1":10,"2":6,"3":6,"4":6,"5":6,"6":6,"7":3,"8":4,"9":4,"10":4,"11":4,"12":4},"f":{"0":10,"1":6,"2":4},"b":{"0":[4,1],"1":[4,0],"2":[4,2],"3":[4,1]},"meta":{"lastBranch":4,"lastFunction":3,"lastStatement":13,"seen":{"s:5:44:10:Infinity":0,"f:12:9:12:22":0,"s:13:2:13:Infinity":1,"f:16:16:16:29":1,"s:17:15:17:Infinity":2,"s:18:2:24:Infinity":3,"s:19:16:19:Infinity":4,"s:20:19:20:Infinity":5,"s:21:4:21:Infinity":6,"s:23:4:23:Infinity":7,"f:27:16:27:29":2,"s:28:15:28:Infinity":8,"s:29:27:34:Infinity":9,"b:30:14:30:35:30:35:30:Infinity":0,"b:31:18:31:36:31:36:31:58":1,"b:32:19:32:38:32:38:32:40":2,"b:33:20:33:40:33:40:33:64":3,"s:35:2:35:Infinity":10,"s:36:2:36:Infinity":11,"s:37:2:37:Infinity":12}}}
,"/Users/thomaswhidden/Documents/Radar/electron/ai/tasks.ts": {"path":"/Users/thomaswhidden/Documents/Radar/electron/ai/tasks.ts","statementMap":{"0":{"start":{"line":3,"column":54},"end":{"line":23,"column":null}},"1":{"start":{"line":26,"column":2},"end":{"line":31,"column":null}}},"fnMap":{"0":{"name":"systemPrompt","decl":{"start":{"line":25,"column":16},"end":{"line":25,"column":29}},"loc":{"start":{"line":25,"column":47},"end":{"line":32,"column":null}},"line":25}},"branchMap":{"0":{"loc":{"start":{"line":30,"column":4},"end":{"line":30,"column":null}},"type":"binary-expr","locations":[{"start":{"line":30,"column":4},"end":{"line":30,"column":31}},{"start":{"line":30,"column":31},"end":{"line":30,"column":null}}],"line":30}},"s":{"0":2,"1":4},"f":{"0":4},"b":{"0":[4,1]},"meta":{"lastBranch":1,"lastFunction":1,"lastStatement":2,"seen":{"s:3:54:23:Infinity":0,"f:25:16:25:29":0,"s:26:2:31:Infinity":1,"b:30:4:30:31:30:31:30:Infinity":0}}}
,"/Users/thomaswhidden/Documents/Radar/shared/allowlist.ts": {"path":"/Users/thomaswhidden/Documents/Radar/shared/allowlist.ts","statementMap":{"0":{"start":{"line":1,"column":33},"end":{"line":5,"column":null}},"1":{"start":{"line":8,"column":2},"end":{"line":8,"column":null}},"2":{"start":{"line":12,"column":18},"end":{"line":12,"column":null}},"3":{"start":{"line":13,"column":2},"end":{"line":13,"column":null}},"4":{"start":{"line":17,"column":18},"end":{"line":17,"column":null}},"5":{"start":{"line":18,"column":2},"end":{"line":20,"column":null}},"6":{"start":{"line":19,"column":4},"end":{"line":19,"column":null}},"7":{"start":{"line":22,"column":2},"end":{"line":24,"column":null}},"8":{"start":{"line":23,"column":4},"end":{"line":23,"column":null}},"9":{"start":{"line":26,"column":17},"end":{"line":26,"column":null}},"10":{"start":{"line":27,"column":2},"end":{"line":29,"column":null}},"11":{"start":{"line":28,"column":4},"end":{"line":28,"column":null}},"12":{"start":{"line":31,"column":2},"end":{"line":36,"column":null}},"13":{"start":{"line":32,"column":23},"end":{"line":32,"column":null}},"14":{"start":{"line":33,"column":4},"end":{"line":33,"column":null}},"15":{"start":{"line":35,"column":4},"end":{"line":35,"column":null}},"16":{"start":{"line":40,"column":2},"end":{"line":45,"column":null}},"17":{"start":{"line":41,"column":19},"end":{"line":41,"column":null}},"18":{"start":{"line":42,"column":4},"end":{"line":42,"column":null}},"19":{"start":{"line":44,"column":4},"end":{"line":44,"column":null}},"20":{"start":{"line":49,"column":17},"end":{"line":49,"column":null}},"21":{"start":{"line":50,"column":2},"end":{"line":52,"column":null}},"22":{"start":{"line":51,"column":4},"end":{"line":51,"column":null}},"23":{"start":{"line":54,"column":22},"end":{"line":54,"column":null}},"24":{"start":{"line":55,"column":2},"end":{"line":55,"column":null}},"25":{"start":{"line":55,"column":36},"end":{"line":55,"column":60}},"26":{"start":{"line":59,"column":17},"end":{"line":59,"column":null}},"27":{"start":{"line":60,"column":2},"end":{"line":60,"column":null}}},"fnMap":{"0":{"name":"isLocalHost","decl":{"start":{"line":7,"column":16},"end":{"line":7,"column":28}},"loc":{"start":{"line":7,"column":46},"end":{"line":9,"column":null}},"line":7},"1":{"name":"wildcardToRegExp","decl":{"start":{"line":11,"column":16},"end":{"line":11,"column":33}},"loc":{"start":{"line":11,"column":50},"end":{"line":14,"column":null}},"line":11},"2":{"name":"ruleAllows","decl":{"start":{"line":16,"column":16},"end":{"line":16,"column":27}},"loc":{"start":{"line":16,"column":51},"end":{"line":37,"column":null}},"line":16},"3":{"name":"parseHttpUrl","decl":{"start":{"line":39,"column":9},"end":{"line":39,"column":22}},"loc":{"start":{"line":39,"column":53},"end":{"line":46,"column":null}},"line":39},"4":{"name":"isAllowedTarget","decl":{"start":{"line":48,"column":16},"end":{"line":48,"column":32}},"loc":{"start":{"line":48,"column":78},"end":{"line":56,"column":null}},"line":48},"5":{"name":"(anonymous_5)","decl":{"start":{"line":55,"column":26},"end":{"line":55,"column":27}},"loc":{"start":{"line":55,"column":36},"end":{"line":55,"column":60}},"line":55},"6":{"name":"shouldTrustLocalCertificate","decl":{"start":{"line":58,"column":16},"end":{"line":58,"column":44}},"loc":{"start":{"line":58,"column":63},"end":{"line":61,"column":null}},"line":58}},"branchMap":{"0":{"loc":{"start":{"line":8,"column":9},"end":{"line":8,"column":null}},"type":"binary-expr","locations":[{"start":{"line":8,"column":9},"end":{"line":8,"column":37}},{"start":{"line":8,"column":37},"end":{"line":8,"column":59}},{"start":{"line":8,"column":59},"end":{"line":8,"column":null}}],"line":8},"1":{"loc":{"start":{"line":17,"column":25},"end":{"line":17,"column":35}},"type":"binary-expr","locations":[{"start":{"line":17,"column":25},"end":{"line":17,"column":33}},{"start":{"line":17,"column":33},"end":{"line":17,"column":35}}],"line":17},"2":{"loc":{"start":{"line":18,"column":2},"end":{"line":20,"column":null}},"type":"if","locations":[{"start":{"line":18,"column":2},"end":{"line":20,"column":null}},{"start":{},"end":{}}],"line":18},"3":{"loc":{"start":{"line":22,"column":2},"end":{"line":24,"column":null}},"type":"if","locations":[{"start":{"line":22,"column":2},"end":{"line":24,"column":null}},{"start":{},"end":{}}],"line":22},"4":{"loc":{"start":{"line":27,"column":2},"end":{"line":29,"column":null}},"type":"if","locations":[{"start":{"line":27,"column":2},"end":{"line":29,"column":null}},{"start":{},"end":{}}],"line":27},"5":{"loc":{"start":{"line":28,"column":11},"end":{"line":28,"column":null}},"type":"binary-expr","locations":[{"start":{"line":28,"column":11},"end":{"line":28,"column":53}},{"start":{"line":28,"column":53},"end":{"line":28,"column":null}}],"line":28},"6":{"loc":{"start":{"line":42,"column":11},"end":{"line":42,"column":null}},"type":"cond-expr","locations":[{"start":{"line":42,"column":59},"end":{"line":42,"column":68}},{"start":{"line":42,"column":68},"end":{"line":42,"column":null}}],"line":42},"7":{"loc":{"start":{"line":48,"column":51},"end":{"line":48,"column":78}},"type":"default-arg","locations":[{"start":{"line":48,"column":59},"end":{"line":48,"column":78}}],"line":48},"8":{"loc":{"start":{"line":50,"column":2},"end":{"line":52,"column":null}},"type":"if","locations":[{"start":{"line":50,"column":2},"end":{"line":52,"column":null}},{"start":{},"end":{}}],"line":50},"9":{"loc":{"start":{"line":54,"column":22},"end":{"line":54,"column":null}},"type":"cond-expr","locations":[{"start":{"line":54,"column":65},"end":{"line":54,"column":73}},{"start":{"line":54,"column":73},"end":{"line":54,"column":null}}],"line":54},"10":{"loc":{"start":{"line":54,"column":22},"end":{"line":54,"column":65}},"type":"binary-expr","locations":[{"start":{"line":54,"column":22},"end":{"line":54,"column":46}},{"start":{"line":54,"column":46},"end":{"line":54,"column":65}}],"line":54},"11":{"loc":{"start":{"line":60,"column":9},"end":{"line":60,"column":null}},"type":"cond-expr","locations":[{"start":{"line":60,"column":73},"end":{"line":60,"column":80}},{"start":{"line":60,"column":80},"end":{"line":60,"column":null}}],"line":60},"12":{"loc":{"start":{"line":60,"column":9},"end":{"line":60,"column":73}},"type":"binary-expr","locations":[{"start":{"line":60,"column":9},"end":{"line":60,"column":42}},{"start":{"line":60,"column":42},"end":{"line":60,"column":73}}],"line":60}},"s":{"0":3,"1":7,"2":27,"3":27,"4":23,"5":23,"6":2,"7":21,"8":1,"9":20,"10":20,"11":15,"12":5,"13":5,"14":5,"15":1,"16":16,"17":16,"18":16,"19":3,"20":12,"21":12,"22":3,"23":9,"24":12,"25":16,"26":4,"27":4},"f":{"0":7,"1":27,"2":23,"3":16,"4":12,"5":16,"6":4},"b":{"0":[7,5,4],"1":[23,1],"2":[2,21],"3":[1,20],"4":[15,5],"5":[15,11],"6":[12,1],"7":[12],"8":[3,9],"9":[9,0],"10":[9,9],"11":[1,3],"12":[4,2]},"meta":{"lastBranch":13,"lastFunction":7,"lastStatement":28,"seen":{"s:1:33:5:Infinity":0,"f:7:16:7:28":0,"s:8:2:8:Infinity":1,"b:8:9:8:37:8:37:8:59:8:59:8:Infinity":0,"f:11:16:11:33":1,"s:12:18:12:Infinity":2,"s:13:2:13:Infinity":3,"f:16:16:16:27":2,"s:17:18:17:Infinity":4,"b:17:25:17:33:17:33:17:35":1,"b:18:2:20:Infinity:undefined:undefined:undefined:undefined":2,"s:18:2:20:Infinity":5,"s:19:4:19:Infinity":6,"b:22:2:24:Infinity:undefined:undefined:undefined:undefined":3,"s:22:2:24:Infinity":7,"s:23:4:23:Infinity":8,"s:26:17:26:Infinity":9,"b:27:2:29:Infinity:undefined:undefined:undefined:undefined":4,"s:27:2:29:Infinity":10,"s:28:4:28:Infinity":11,"b:28:11:28:53:28:53:28:Infinity":5,"s:31:2:36:Infinity":12,"s:32:23:32:Infinity":13,"s:33:4:33:Infinity":14,"s:35:4:35:Infinity":15,"f:39:9:39:22":3,"s:40:2:45:Infinity":16,"s:41:19:41:Infinity":17,"s:42:4:42:Infinity":18,"b:42:59:42:68:42:68:42:Infinity":6,"s:44:4:44:Infinity":19,"f:48:16:48:32":4,"b:48:59:48:78":7,"s:49:17:49:Infinity":20,"b:50:2:52:Infinity:undefined:undefined:undefined:undefined":8,"s:50:2:52:Infinity":21,"s:51:4:51:Infinity":22,"s:54:22:54:Infinity":23,"b:54:65:54:73:54:73:54:Infinity":9,"b:54:22:54:46:54:46:54:65":10,"s:55:2:55:Infinity":24,"f:55:26:55:27":5,"s:55:36:55:60":25,"f:58:16:58:44":6,"s:59:17:59:Infinity":26,"s:60:2:60:Infinity":27,"b:60:73:60:80:60:80:60:Infinity":11,"b:60:9:60:42:60:42:60:73":12}}}
,"/Users/thomaswhidden/Documents/Radar/shared/capture.ts": {"path":"/Users/thomaswhidden/Documents/Radar/shared/capture.ts","statementMap":{"0":{"start":{"line":14,"column":2},"end":{"line":22,"column":null}},"1":{"start":{"line":15,"column":19},"end":{"line":15,"column":null}},"2":{"start":{"line":16,"column":4},"end":{"line":19,"column":null}},"3":{"start":{"line":21,"column":4},"end":{"line":21,"column":null}},"4":{"start":{"line":34,"column":14},"end":{"line":34,"column":null}},"5":{"start":{"line":35,"column":29},"end":{"line":35,"column":null}},"6":{"start":{"line":37,"column":2},"end":{"line":55,"column":null}},"7":{"start":{"line":77,"column":16},"end":{"line":86,"column":null}},"8":{"start":{"line":87,"column":2},"end":{"line":87,"column":null}},"9":{"start":{"line":88,"column":2},"end":{"line":88,"column":null}},"10":{"start":{"line":89,"column":2},"end":{"line":97,"column":null}},"11":{"start":{"line":98,"column":2},"end":{"line":98,"column":null}}},"fnMap":{"0":{"name":"parseCaptureUrl","decl":{"start":{"line":13,"column":9},"end":{"line":13,"column":25}},"loc":{"start":{"line":13,"column":38},"end":{"line":23,"column":null}},"line":13},"1":{"name":"toCaptureEntry","decl":{"start":{"line":25,"column":16},"end":{"line":25,"column":31}},"loc":{"start":{"line":33,"column":20},"end":{"line":56,"column":null}},"line":33},"2":{"name":"proxyRequestToCapture","decl":{"start":{"line":68,"column":16},"end":{"line":68,"column":38}},"loc":{"start":{"line":76,"column":20},"end":{"line":99,"column":null}},"line":76}},"branchMap":{"0":{"loc":{"start":{"line":34,"column":14},"end":{"line":34,"column":null}},"type":"binary-expr","locations":[{"start":{"line":34,"column":14},"end":{"line":34,"column":29}},{"start":{"line":34,"column":29},"end":{"line":34,"column":null}}],"line":34},"1":{"loc":{"start":{"line":40,"column":12},"end":{"line":40,"column":null}},"type":"binary-expr","locations":[{"start":{"line":40,"column":12},"end":{"line":40,"column":30}},{"start":{"line":40,"column":30},"end":{"line":40,"column":null}}],"line":40},"2":{"loc":{"start":{"line":44,"column":36},"end":{"line":44,"column":57}},"type":"binary-expr","locations":[{"start":{"line":44,"column":36},"end":{"line":44,"column":55}},{"start":{"line":44,"column":55},"end":{"line":44,"column":57}}],"line":44},"3":{"loc":{"start":{"line":45,"column":30},"end":{"line":45,"column":52}},"type":"binary-expr","locations":[{"start":{"line":45,"column":30},"end":{"line":45,"column":50}},{"start":{"line":45,"column":50},"end":{"line":45,"column":52}}],"line":45},"4":{"loc":{"start":{"line":82,"column":15},"end":{"line":82,"column":null}},"type":"binary-expr","locations":[{"start":{"line":82,"column":15},"end":{"line":82,"column":30}},{"start":{"line":82,"column":30},"end":{"line":82,"column":null}}],"line":82},"5":{"loc":{"start":{"line":83,"column":16},"end":{"line":83,"column":null}},"type":"binary-expr","locations":[{"start":{"line":83,"column":16},"end":{"line":83,"column":28}},{"start":{"line":83,"column":28},"end":{"line":83,"column":null}}],"line":83},"6":{"loc":{"start":{"line":87,"column":29},"end":{"line":87,"column":70}},"type":"binary-expr","locations":[{"start":{"line":87,"column":29},"end":{"line":87,"column":60}},{"start":{"line":87,"column":60},"end":{"line":87,"column":70}}],"line":87},"7":{"loc":{"start":{"line":89,"column":14},"end":{"line":97,"column":null}},"type":"cond-expr","locations":[{"start":{"line":90,"column":6},"end":{"line":96,"column":null}},{"start":{"line":97,"column":6},"end":{"line":97,"column":null}}],"line":89},"8":{"loc":{"start":{"line":91,"column":18},"end":{"line":91,"column":null}},"type":"binary-expr","locations":[{"start":{"line":91,"column":18},"end":{"line":91,"column":34}},{"start":{"line":91,"column":34},"end":{"line":91,"column":null}}],"line":91},"9":{"loc":{"start":{"line":93,"column":21},"end":{"line":93,"column":null}},"type":"binary-expr","locations":[{"start":{"line":93,"column":21},"end":{"line":93,"column":50}},{"start":{"line":93,"column":50},"end":{"line":93,"column":null}}],"line":93}},"s":{"0":5,"1":5,"2":5,"3":1,"4":5,"5":5,"6":5,"7":1,"8":1,"9":1,"10":1,"11":1},"f":{"0":5,"1":5,"2":1},"b":{"0":[5,0],"1":[5,0],"2":[5,0],"3":[5,4],"4":[1,0],"5":[1,0],"6":[1,0],"7":[1,0],"8":[1,0],"9":[1,0]},"meta":{"lastBranch":10,"lastFunction":3,"lastStatement":12,"seen":{"f:13:9:13:25":0,"s:14:2:22:Infinity":0,"s:15:19:15:Infinity":1,"s:16:4:19:Infinity":2,"s:21:4:21:Infinity":3,"f:25:16:25:31":1,"s:34:14:34:Infinity":4,"b:34:14:34:29:34:29:34:Infinity":0,"s:35:29:35:Infinity":5,"s:37:2:55:Infinity":6,"b:40:12:40:30:40:30:40:Infinity":1,"b:44:36:44:55:44:55:44:57":2,"b:45:30:45:50:45:50:45:52":3,"f:68:16:68:38":2,"s:77:16:86:Infinity":7,"b:82:15:82:30:82:30:82:Infinity":4,"b:83:16:83:28:83:28:83:Infinity":5,"s:87:2:87:Infinity":8,"b:87:29:87:60:87:60:87:70":6,"s:88:2:88:Infinity":9,"s:89:2:97:Infinity":10,"b:90:6:96:Infinity:97:6:97:Infinity":7,"b:91:18:91:34:91:34:91:Infinity":8,"b:93:21:93:50:93:50:93:Infinity":9,"s:98:2:98:Infinity":11}}}
,"/Users/thomaswhidden/Documents/Radar/shared/draft.ts": {"path":"/Users/thomaswhidden/Documents/Radar/shared/draft.ts","statementMap":{"0":{"start":{"line":3,"column":31},"end":{"line":3,"column":null}},"1":{"start":{"line":13,"column":17},"end":{"line":13,"column":null}},"2":{"start":{"line":14,"column":8},"end":{"line":14,"column":null}},"3":{"start":{"line":15,"column":15},"end":{"line":15,"column":null}},"4":{"start":{"line":17,"column":2},"end":{"line":21,"column":null}},"5":{"start":{"line":18,"column":4},"end":{"line":20,"column":null}},"6":{"start":{"line":19,"column":6},"end":{"line":19,"column":null}},"7":{"start":{"line":23,"column":2},"end":{"line":28,"column":null}}},"fnMap":{"0":{"name":"normalizeDraft","decl":{"start":{"line":12,"column":16},"end":{"line":12,"column":31}},"loc":{"start":{"line":12,"column":55},"end":{"line":29,"column":null}},"line":12}},"branchMap":{"0":{"loc":{"start":{"line":12,"column":31},"end":{"line":12,"column":55}},"type":"default-arg","locations":[{"start":{"line":12,"column":51},"end":{"line":12,"column":55}}],"line":12},"1":{"loc":{"start":{"line":13,"column":24},"end":{"line":13,"column":45}},"type":"binary-expr","locations":[{"start":{"line":13,"column":24},"end":{"line":13,"column":40}},{"start":{"line":13,"column":40},"end":{"line":13,"column":45}}],"line":13},"2":{"loc":{"start":{"line":14,"column":34},"end":{"line":14,"column":53}},"type":"binary-expr","locations":[{"start":{"line":14,"column":34},"end":{"line":14,"column":51}},{"start":{"line":14,"column":51},"end":{"line":14,"column":53}}],"line":14},"3":{"loc":{"start":{"line":15,"column":15},"end":{"line":15,"column":null}},"type":"cond-expr","locations":[{"start":{"line":15,"column":48},"end":{"line":15,"column":61}},{"start":{"line":15,"column":61},"end":{"line":15,"column":null}}],"line":15},"4":{"loc":{"start":{"line":18,"column":4},"end":{"line":20,"column":null}},"type":"if","locations":[{"start":{"line":18,"column":4},"end":{"line":20,"column":null}},{"start":{},"end":{}}],"line":18},"5":{"loc":{"start":{"line":25,"column":16},"end":{"line":25,"column":31}},"type":"binary-expr","locations":[{"start":{"line":25,"column":16},"end":{"line":25,"column":29}},{"start":{"line":25,"column":29},"end":{"line":25,"column":31}}],"line":25},"6":{"loc":{"start":{"line":27,"column":10},"end":{"line":27,"column":null}},"type":"cond-expr","locations":[{"start":{"line":27,"column":45},"end":{"line":27,"column":50}},{"start":{"line":27,"column":50},"end":{"line":27,"column":null}}],"line":27}},"s":{"0":1,"1":4,"2":4,"3":4,"4":4,"5":3,"6":2,"7":4},"f":{"0":4},"b":{"0":[4],"1":[4,0],"2":[4,3],"3":[4,0],"4":[2,1],"5":[4,3],"6":[2,2]},"meta":{"lastBranch":7,"lastFunction":1,"lastStatement":8,"seen":{"s:3:31:3:Infinity":0,"f:12:16:12:31":0,"b:12:51:12:55":0,"s:13:17:13:Infinity":1,"b:13:24:13:40:13:40:13:45":1,"s:14:8:14:Infinity":2,"b:14:34:14:51:14:51:14:53":2,"s:15:15:15:Infinity":3,"b:15:48:15:61:15:61:15:Infinity":3,"s:17:2:21:Infinity":4,"b:18:4:20:Infinity:undefined:undefined:undefined:undefined":4,"s:18:4:20:Infinity":5,"s:19:6:19:Infinity":6,"s:23:2:28:Infinity":7,"b:25:16:25:29:25:29:25:31":5,"b:27:45:27:50:27:50:27:Infinity":6}}}
,"/Users/thomaswhidden/Documents/Radar/shared/headers.ts": {"path":"/Users/thomaswhidden/Documents/Radar/shared/headers.ts","statementMap":{"0":{"start":{"line":2,"column":2},"end":{"line":2,"column":null}},"1":{"start":{"line":6,"column":18},"end":{"line":6,"column":null}},"2":{"start":{"line":7,"column":2},"end":{"line":9,"column":null}},"3":{"start":{"line":8,"column":4},"end":{"line":8,"column":null}},"4":{"start":{"line":11,"column":26},"end":{"line":11,"column":null}},"5":{"start":{"line":12,"column":2},"end":{"line":14,"column":null}},"6":{"start":{"line":13,"column":4},"end":{"line":13,"column":null}},"7":{"start":{"line":15,"column":2},"end":{"line":17,"column":null}},"8":{"start":{"line":16,"column":55},"end":{"line":16,"column":81}},"9":{"start":{"line":21,"column":2},"end":{"line":23,"column":null}},"10":{"start":{"line":22,"column":50},"end":{"line":22,"column":112}}},"fnMap":{"0":{"name":"formatHeaders","decl":{"start":{"line":1,"column":16},"end":{"line":1,"column":30}},"loc":{"start":{"line":1,"column":63},"end":{"line":3,"column":null}},"line":1},"1":{"name":"parseHeaders","decl":{"start":{"line":5,"column":16},"end":{"line":5,"column":29}},"loc":{"start":{"line":5,"column":44},"end":{"line":18,"column":null}},"line":5},"2":{"name":"(anonymous_2)","decl":{"start":{"line":16,"column":31},"end":{"line":16,"column":32}},"loc":{"start":{"line":16,"column":55},"end":{"line":16,"column":81}},"line":16},"3":{"name":"safeJsonHeaders","decl":{"start":{"line":20,"column":16},"end":{"line":20,"column":32}},"loc":{"start":{"line":20,"column":71},"end":{"line":24,"column":null}},"line":20},"4":{"name":"(anonymous_4)","decl":{"start":{"line":22,"column":32},"end":{"line":22,"column":33}},"loc":{"start":{"line":22,"column":50},"end":{"line":22,"column":112}},"line":22}},"branchMap":{"0":{"loc":{"start":{"line":6,"column":25},"end":{"line":6,"column":36}},"type":"binary-expr","locations":[{"start":{"line":6,"column":25},"end":{"line":6,"column":34}},{"start":{"line":6,"column":34},"end":{"line":6,"column":36}}],"line":6},"1":{"loc":{"start":{"line":7,"column":2},"end":{"line":9,"column":null}},"type":"if","locations":[{"start":{"line":7,"column":2},"end":{"line":9,"column":null}},{"start":{},"end":{}}],"line":7},"2":{"loc":{"start":{"line":12,"column":2},"end":{"line":14,"column":null}},"type":"if","locations":[{"start":{"line":12,"column":2},"end":{"line":14,"column":null}},{"start":{},"end":{}}],"line":12},"3":{"loc":{"start":{"line":12,"column":6},"end":{"line":12,"column":70}},"type":"binary-expr","locations":[{"start":{"line":12,"column":6},"end":{"line":12,"column":17}},{"start":{"line":12,"column":17},"end":{"line":12,"column":47}},{"start":{"line":12,"column":47},"end":{"line":12,"column":70}}],"line":12},"4":{"loc":{"start":{"line":20,"column":32},"end":{"line":20,"column":71}},"type":"default-arg","locations":[{"start":{"line":20,"column":67},"end":{"line":20,"column":71}}],"line":20},"5":{"loc":{"start":{"line":22,"column":56},"end":{"line":22,"column":111}},"type":"cond-expr","locations":[{"start":{"line":22,"column":79},"end":{"line":22,"column":98}},{"start":{"line":22,"column":98},"end":{"line":22,"column":111}}],"line":22}},"s":{"0":3,"1":4,"2":4,"3":1,"4":3,"5":3,"6":2,"7":1,"8":1,"9":10,"10":6},"f":{"0":3,"1":4,"2":1,"3":10,"4":6},"b":{"0":[4,1],"1":[1,3],"2":[2,1],"3":[3,3,2],"4":[10],"5":[1,5]},"meta":{"lastBranch":6,"lastFunction":5,"lastStatement":11,"seen":{"f:1:16:1:30":0,"s:2:2:2:Infinity":0,"f:5:16:5:29":1,"s:6:18:6:Infinity":1,"b:6:25:6:34:6:34:6:36":0,"b:7:2:9:Infinity:undefined:undefined:undefined:undefined":1,"s:7:2:9:Infinity":2,"s:8:4:8:Infinity":3,"s:11:26:11:Infinity":4,"b:12:2:14:Infinity:undefined:undefined:undefined:undefined":2,"s:12:2:14:Infinity":5,"b:12:6:12:17:12:17:12:47:12:47:12:70":3,"s:13:4:13:Infinity":6,"s:15:2:17:Infinity":7,"f:16:31:16:32":2,"s:16:55:16:81":8,"f:20:16:20:32":3,"b:20:67:20:71":4,"s:21:2:23:Infinity":9,"f:22:32:22:33":4,"s:22:50:22:112":10,"b:22:79:22:98:22:98:22:111":5}}}
,"/Users/thomaswhidden/Documents/Radar/shared/radar-api.ts": {"path":"/Users/thomaswhidden/Documents/Radar/shared/radar-api.ts","statementMap":{},"fnMap":{},"branchMap":{},"s":{},"f":{},"b":{},"meta":{"lastBranch":0,"lastFunction":0,"lastStatement":0,"seen":{}}}
,"/Users/thomaswhidden/Documents/Radar/shared/text.ts": {"path":"/Users/thomaswhidden/Documents/Radar/shared/text.ts","statementMap":{"0":{"start":{"line":3,"column":33},"end":{"line":3,"column":null}},"1":{"start":{"line":6,"column":2},"end":{"line":8,"column":null}},"2":{"start":{"line":7,"column":4},"end":{"line":7,"column":null}},"3":{"start":{"line":9,"column":15},"end":{"line":9,"column":null}},"4":{"start":{"line":10,"column":2},"end":{"line":10,"column":null}},"5":{"start":{"line":14,"column":2},"end":{"line":22,"column":null}},"6":{"start":{"line":26,"column":2},"end":{"line":26,"column":null}},"7":{"start":{"line":30,"column":2},"end":{"line":32,"column":null}},"8":{"start":{"line":31,"column":4},"end":{"line":31,"column":null}},"9":{"start":{"line":33,"column":2},"end":{"line":33,"column":null}},"10":{"start":{"line":37,"column":2},"end":{"line":39,"column":null}},"11":{"start":{"line":38,"column":4},"end":{"line":38,"column":null}},"12":{"start":{"line":40,"column":2},"end":{"line":42,"column":null}}},"fnMap":{"0":{"name":"truncateText","decl":{"start":{"line":5,"column":16},"end":{"line":5,"column":29}},"loc":{"start":{"line":5,"column":72},"end":{"line":11,"column":null}},"line":5},"1":{"name":"statusTone","decl":{"start":{"line":13,"column":16},"end":{"line":13,"column":27}},"loc":{"start":{"line":13,"column":50},"end":{"line":23,"column":null}},"line":13},"2":{"name":"elapsed","decl":{"start":{"line":25,"column":16},"end":{"line":25,"column":24}},"loc":{"start":{"line":25,"column":58},"end":{"line":27,"column":null}},"line":25},"3":{"name":"bodyPreview","decl":{"start":{"line":29,"column":16},"end":{"line":29,"column":28}},"loc":{"start":{"line":29,"column":43},"end":{"line":34,"column":null}},"line":29},"4":{"name":"tlsLine","decl":{"start":{"line":36,"column":16},"end":{"line":36,"column":24}},"loc":{"start":{"line":36,"column":57},"end":{"line":43,"column":null}},"line":36}},"branchMap":{"0":{"loc":{"start":{"line":5,"column":45},"end":{"line":5,"column":72}},"type":"default-arg","locations":[{"start":{"line":5,"column":53},"end":{"line":5,"column":72}}],"line":5},"1":{"loc":{"start":{"line":6,"column":2},"end":{"line":8,"column":null}},"type":"if","locations":[{"start":{"line":6,"column":2},"end":{"line":8,"column":null}},{"start":{},"end":{}}],"line":6},"2":{"loc":{"start":{"line":10,"column":9},"end":{"line":10,"column":null}},"type":"cond-expr","locations":[{"start":{"line":10,"column":31},"end":{"line":10,"column":74}},{"start":{"line":10,"column":74},"end":{"line":10,"column":null}}],"line":10},"3":{"loc":{"start":{"line":14,"column":9},"end":{"line":22,"column":null}},"type":"cond-expr","locations":[{"start":{"line":15,"column":6},"end":{"line":15,"column":null}},{"start":{"line":16,"column":6},"end":{"line":22,"column":null}}],"line":14},"4":{"loc":{"start":{"line":16,"column":6},"end":{"line":22,"column":null}},"type":"cond-expr","locations":[{"start":{"line":17,"column":8},"end":{"line":17,"column":null}},{"start":{"line":18,"column":8},"end":{"line":22,"column":null}}],"line":16},"5":{"loc":{"start":{"line":18,"column":8},"end":{"line":22,"column":null}},"type":"cond-expr","locations":[{"start":{"line":19,"column":10},"end":{"line":19,"column":null}},{"start":{"line":20,"column":10},"end":{"line":22,"column":null}}],"line":18},"6":{"loc":{"start":{"line":20,"column":10},"end":{"line":22,"column":null}},"type":"cond-expr","locations":[{"start":{"line":21,"column":12},"end":{"line":21,"column":null}},{"start":{"line":22,"column":12},"end":{"line":22,"column":null}}],"line":20},"7":{"loc":{"start":{"line":26,"column":9},"end":{"line":26,"column":null}},"type":"cond-expr","locations":[{"start":{"line":26,"column":37},"end":{"line":26,"column":52}},{"start":{"line":26,"column":52},"end":{"line":26,"column":null}}],"line":26},"8":{"loc":{"start":{"line":30,"column":2},"end":{"line":32,"column":null}},"type":"if","locations":[{"start":{"line":30,"column":2},"end":{"line":32,"column":null}},{"start":{},"end":{}}],"line":30},"9":{"loc":{"start":{"line":33,"column":9},"end":{"line":33,"column":null}},"type":"cond-expr","locations":[{"start":{"line":33,"column":31},"end":{"line":33,"column":82}},{"start":{"line":33,"column":82},"end":{"line":33,"column":null}}],"line":33},"10":{"loc":{"start":{"line":37,"column":2},"end":{"line":39,"column":null}},"type":"if","locations":[{"start":{"line":37,"column":2},"end":{"line":39,"column":null}},{"start":{},"end":{}}],"line":37},"11":{"loc":{"start":{"line":40,"column":17},"end":{"line":40,"column":50}},"type":"binary-expr","locations":[{"start":{"line":40,"column":17},"end":{"line":40,"column":41}},{"start":{"line":40,"column":41},"end":{"line":40,"column":50}}],"line":40},"12":{"loc":{"start":{"line":40,"column":56},"end":{"line":40,"column":100}},"type":"binary-expr","locations":[{"start":{"line":40,"column":56},"end":{"line":40,"column":83}},{"start":{"line":40,"column":83},"end":{"line":40,"column":100}}],"line":40},"13":{"loc":{"start":{"line":41,"column":4},"end":{"line":41,"column":null}},"type":"binary-expr","locations":[{"start":{"line":41,"column":4},"end":{"line":41,"column":26}},{"start":{"line":41,"column":26},"end":{"line":41,"column":null}}],"line":41}},"s":{"0":3,"1":8,"2":5,"3":3,"4":3,"5":5,"6":2,"7":2,"8":0,"9":2,"10":3,"11":1,"12":2},"f":{"0":8,"1":5,"2":2,"3":2,"4":3},"b":{"0":[8],"1":[5,3],"2":[1,2],"3":[1,4],"4":[1,3],"5":[1,2],"6":[1,1],"7":[1,1],"8":[0,2],"9":[1,1],"10":[1,2],"11":[2,1],"12":[3,1],"13":[3,1]},"meta":{"lastBranch":14,"lastFunction":5,"lastStatement":13,"seen":{"s:3:33:3:Infinity":0,"f:5:16:5:29":0,"b:5:53:5:72":0,"b:6:2:8:Infinity:undefined:undefined:undefined:undefined":1,"s:6:2:8:Infinity":1,"s:7:4:7:Infinity":2,"s:9:15:9:Infinity":3,"s:10:2:10:Infinity":4,"b:10:31:10:74:10:74:10:Infinity":2,"f:13:16:13:27":1,"s:14:2:22:Infinity":5,"b:15:6:15:Infinity:16:6:22:Infinity":3,"b:17:8:17:Infinity:18:8:22:Infinity":4,"b:19:10:19:Infinity:20:10:22:Infinity":5,"b:21:12:21:Infinity:22:12:22:Infinity":6,"f:25:16:25:24":2,"s:26:2:26:Infinity":6,"b:26:37:26:52:26:52:26:Infinity":7,"f:29:16:29:28":3,"b:30:2:32:Infinity:undefined:undefined:undefined:undefined":8,"s:30:2:32:Infinity":7,"s:31:4:31:Infinity":8,"s:33:2:33:Infinity":9,"b:33:31:33:82:33:82:33:Infinity":9,"f:36:16:36:24":4,"b:37:2:39:Infinity:undefined:undefined:undefined:undefined":10,"s:37:2:39:Infinity":10,"s:38:4:38:Infinity":11,"s:40:2:42:Infinity":12,"b:40:17:40:41:40:41:40:50":11,"b:40:56:40:83:40:83:40:100":12,"b:41:4:41:26:41:26:41:Infinity":13}}}
,"/Users/thomaswhidden/Documents/Radar/shared/url.ts": {"path":"/Users/thomaswhidden/Documents/Radar/shared/url.ts","statementMap":{"0":{"start":{"line":1,"column":27},"end":{"line":1,"column":null}},"1":{"start":{"line":4,"column":18},"end":{"line":4,"column":null}},"2":{"start":{"line":5,"column":2},"end":{"line":7,"column":null}},"3":{"start":{"line":6,"column":4},"end":{"line":6,"column":null}},"4":{"start":{"line":8,"column":2},"end":{"line":8,"column":null}},"5":{"start":{"line":12,"column":2},"end":{"line":16,"column":null}},"6":{"start":{"line":13,"column":4},"end":{"line":13,"column":null}},"7":{"start":{"line":15,"column":4},"end":{"line":15,"column":null}}},"fnMap":{"0":{"name":"normalizeUrl","decl":{"start":{"line":3,"column":16},"end":{"line":3,"column":29}},"loc":{"start":{"line":3,"column":44},"end":{"line":9,"column":null}},"line":3},"1":{"name":"originFromUrl","decl":{"start":{"line":11,"column":16},"end":{"line":11,"column":30}},"loc":{"start":{"line":11,"column":45},"end":{"line":17,"column":null}},"line":11}},"branchMap":{"0":{"loc":{"start":{"line":4,"column":25},"end":{"line":4,"column":36}},"type":"binary-expr","locations":[{"start":{"line":4,"column":25},"end":{"line":4,"column":34}},{"start":{"line":4,"column":34},"end":{"line":4,"column":36}}],"line":4},"1":{"loc":{"start":{"line":5,"column":2},"end":{"line":7,"column":null}},"type":"if","locations":[{"start":{"line":5,"column":2},"end":{"line":7,"column":null}},{"start":{},"end":{}}],"line":5},"2":{"loc":{"start":{"line":8,"column":9},"end":{"line":8,"column":null}},"type":"cond-expr","locations":[{"start":{"line":8,"column":41},"end":{"line":8,"column":51}},{"start":{"line":8,"column":51},"end":{"line":8,"column":null}}],"line":8}},"s":{"0":2,"1":9,"2":9,"3":2,"4":7,"5":3,"6":3,"7":1},"f":{"0":9,"1":3},"b":{"0":[9,1],"1":[2,7],"2":[3,4]},"meta":{"lastBranch":3,"lastFunction":2,"lastStatement":8,"seen":{"s:1:27:1:Infinity":0,"f:3:16:3:29":0,"s:4:18:4:Infinity":1,"b:4:25:4:34:4:34:4:36":0,"b:5:2:7:Infinity:undefined:undefined:undefined:undefined":1,"s:5:2:7:Infinity":2,"s:6:4:6:Infinity":3,"s:8:2:8:Infinity":4,"b:8:41:8:51:8:51:8:Infinity":2,"f:11:16:11:30":1,"s:12:2:16:Infinity":5,"s:13:4:13:Infinity":6,"s:15:4:15:Infinity":7}}}
,"/Users/thomaswhidden/Documents/Radar/src/lib/aiProvider.ts": {"path":"/Users/thomaswhidden/Documents/Radar/src/lib/aiProvider.ts","statementMap":{"0":{"start":{"line":4,"column":2},"end":{"line":4,"column":null}},"1":{"start":{"line":8,"column":2},"end":{"line":8,"column":null}}},"fnMap":{"0":{"name":"isAiProviderId","decl":{"start":{"line":3,"column":16},"end":{"line":3,"column":31}},"loc":{"start":{"line":3,"column":69},"end":{"line":5,"column":null}},"line":3},"1":{"name":"aiProviderFromValue","decl":{"start":{"line":7,"column":16},"end":{"line":7,"column":36}},"loc":{"start":{"line":7,"column":72},"end":{"line":9,"column":null}},"line":7}},"branchMap":{"0":{"loc":{"start":{"line":4,"column":9},"end":{"line":4,"column":null}},"type":"binary-expr","locations":[{"start":{"line":4,"column":9},"end":{"line":4,"column":31}},{"start":{"line":4,"column":31},"end":{"line":4,"column":56}},{"start":{"line":4,"column":56},"end":{"line":4,"column":null}}],"line":4},"1":{"loc":{"start":{"line":8,"column":9},"end":{"line":8,"column":null}},"type":"cond-expr","locations":[{"start":{"line":8,"column":33},"end":{"line":8,"column":41}},{"start":{"line":8,"column":41},"end":{"line":8,"column":null}}],"line":8}},"s":{"0":6,"1":2},"f":{"0":6,"1":2},"b":{"0":[6,5,3],"1":[1,1]},"meta":{"lastBranch":2,"lastFunction":2,"lastStatement":2,"seen":{"f:3:16:3:31":0,"s:4:2:4:Infinity":0,"b:4:9:4:31:4:31:4:56:4:56:4:Infinity":0,"f:7:16:7:36":1,"s:8:2:8:Infinity":1,"b:8:33:8:41:8:41:8:Infinity":1}}}
,"/Users/thomaswhidden/Documents/Radar/src/lib/resultPreview.ts": {"path":"/Users/thomaswhidden/Documents/Radar/src/lib/resultPreview.ts","statementMap":{"0":{"start":{"line":4,"column":2},"end":{"line":6,"column":null}},"1":{"start":{"line":5,"column":4},"end":{"line":5,"column":null}},"2":{"start":{"line":8,"column":2},"end":{"line":46,"column":null}},"3":{"start":{"line":10,"column":6},"end":{"line":18,"column":null}},"4":{"start":{"line":14,"column":57},"end":{"line":14,"column":68}},"5":{"start":{"line":17,"column":58},"end":{"line":17,"column":69}},"6":{"start":{"line":20,"column":6},"end":{"line":25,"column":null}},"7":{"start":{"line":23,"column":12},"end":{"line":23,"column":null}},"8":{"start":{"line":27,"column":6},"end":{"line":29,"column":null}},"9":{"start":{"line":28,"column":23},"end":{"line":28,"column":93}},"10":{"start":{"line":28,"column":66},"end":{"line":28,"column":79}},"11":{"start":{"line":31,"column":6},"end":{"line":39,"column":null}},"12":{"start":{"line":35,"column":56},"end":{"line":35,"column":66}},"13":{"start":{"line":38,"column":58},"end":{"line":38,"column":69}},"14":{"start":{"line":41,"column":6},"end":{"line":43,"column":null}},"15":{"start":{"line":42,"column":30},"end":{"line":42,"column":111}},"16":{"start":{"line":45,"column":6},"end":{"line":45,"column":null}}},"fnMap":{"0":{"name":"resultPreview","decl":{"start":{"line":3,"column":16},"end":{"line":3,"column":30}},"loc":{"start":{"line":3,"column":51},"end":{"line":47,"column":null}},"line":3},"1":{"name":"(anonymous_1)","decl":{"start":{"line":14,"column":47},"end":{"line":14,"column":48}},"loc":{"start":{"line":14,"column":57},"end":{"line":14,"column":68}},"line":14},"2":{"name":"(anonymous_2)","decl":{"start":{"line":17,"column":48},"end":{"line":17,"column":49}},"loc":{"start":{"line":17,"column":58},"end":{"line":17,"column":69}},"line":17},"3":{"name":"(anonymous_3)","decl":{"start":{"line":22,"column":10},"end":{"line":22,"column":11}},"loc":{"start":{"line":23,"column":12},"end":{"line":23,"column":null}},"line":23},"4":{"name":"(anonymous_4)","decl":{"start":{"line":28,"column":13},"end":{"line":28,"column":14}},"loc":{"start":{"line":28,"column":23},"end":{"line":28,"column":93}},"line":28},"5":{"name":"(anonymous_5)","decl":{"start":{"line":28,"column":56},"end":{"line":28,"column":57}},"loc":{"start":{"line":28,"column":66},"end":{"line":28,"column":79}},"line":28},"6":{"name":"(anonymous_6)","decl":{"start":{"line":35,"column":47},"end":{"line":35,"column":48}},"loc":{"start":{"line":35,"column":56},"end":{"line":35,"column":66}},"line":35},"7":{"name":"(anonymous_7)","decl":{"start":{"line":38,"column":48},"end":{"line":38,"column":49}},"loc":{"start":{"line":38,"column":58},"end":{"line":38,"column":69}},"line":38},"8":{"name":"(anonymous_8)","decl":{"start":{"line":42,"column":13},"end":{"line":42,"column":14}},"loc":{"start":{"line":42,"column":30},"end":{"line":42,"column":111}},"line":42}},"branchMap":{"0":{"loc":{"start":{"line":4,"column":2},"end":{"line":6,"column":null}},"type":"if","locations":[{"start":{"line":4,"column":2},"end":{"line":6,"column":null}},{"start":{},"end":{}}],"line":4},"1":{"loc":{"start":{"line":4,"column":6},"end":{"line":4,"column":36}},"type":"binary-expr","locations":[{"start":{"line":4,"column":6},"end":{"line":4,"column":20}},{"start":{"line":4,"column":20},"end":{"line":4,"column":36}}],"line":4},"2":{"loc":{"start":{"line":5,"column":11},"end":{"line":5,"column":null}},"type":"binary-expr","locations":[{"start":{"line":5,"column":11},"end":{"line":5,"column":27}},{"start":{"line":5,"column":27},"end":{"line":5,"column":null}}],"line":5},"3":{"loc":{"start":{"line":8,"column":2},"end":{"line":46,"column":null}},"type":"switch","locations":[{"start":{"line":9,"column":4},"end":{"line":18,"column":null}},{"start":{"line":19,"column":4},"end":{"line":25,"column":null}},{"start":{"line":26,"column":4},"end":{"line":29,"column":null}},{"start":{"line":30,"column":4},"end":{"line":39,"column":null}},{"start":{"line":40,"column":4},"end":{"line":43,"column":null}},{"start":{"line":44,"column":4},"end":{"line":45,"column":null}}],"line":8},"4":{"loc":{"start":{"line":42,"column":77},"end":{"line":42,"column":109}},"type":"cond-expr","locations":[{"start":{"line":42,"column":88},"end":{"line":42,"column":107}},{"start":{"line":42,"column":107},"end":{"line":42,"column":109}}],"line":42},"5":{"loc":{"start":{"line":45,"column":13},"end":{"line":45,"column":null}},"type":"binary-expr","locations":[{"start":{"line":45,"column":13},"end":{"line":45,"column":31}},{"start":{"line":45,"column":31},"end":{"line":45,"column":null}}],"line":45}},"s":{"0":6,"1":1,"2":5,"3":1,"4":1,"5":1,"6":1,"7":1,"8":1,"9":1,"10":1,"11":1,"12":1,"13":1,"14":1,"15":1,"16":0},"f":{"0":6,"1":1,"2":1,"3":1,"4":1,"5":1,"6":1,"7":1,"8":1},"b":{"0":[1,5],"1":[6,5],"2":[1,0],"3":[5,1,1,1,1,0],"4":[1,0],"5":[0,0]},"meta":{"lastBranch":6,"lastFunction":9,"lastStatement":17,"seen":{"f:3:16:3:30":0,"b:4:2:6:Infinity:undefined:undefined:undefined:undefined":0,"s:4:2:6:Infinity":0,"b:4:6:4:20:4:20:4:36":1,"s:5:4:5:Infinity":1,"b:5:11:5:27:5:27:5:Infinity":2,"b:9:4:18:Infinity:19:4:25:Infinity:26:4:29:Infinity:30:4:39:Infinity:40:4:43:Infinity:44:4:45:Infinity":3,"s:8:2:46:Infinity":2,"s:10:6:18:Infinity":3,"f:14:47:14:48":1,"s:14:57:14:68":4,"f:17:48:17:49":2,"s:17:58:17:69":5,"s:20:6:25:Infinity":6,"f:22:10:22:11":3,"s:23:12:23:Infinity":7,"s:27:6:29:Infinity":8,"f:28:13:28:14":4,"s:28:23:28:93":9,"f:28:56:28:57":5,"s:28:66:28:79":10,"s:31:6:39:Infinity":11,"f:35:47:35:48":6,"s:35:56:35:66":12,"f:38:48:38:49":7,"s:38:58:38:69":13,"s:41:6:43:Infinity":14,"f:42:13:42:14":8,"s:42:30:42:111":15,"b:42:88:42:107:42:107:42:109":4,"s:45:6:45:Infinity":16,"b:45:13:45:31:45:31:45:Infinity":5}}}
}
